<?xml version="1.0" encoding="UTF-8"?>
<!-- Generated by org.testng.reporters.JUnitReportReporter -->
<testsuite skipped="0" hostname="gurenderkush" name="TestCases.Leasing_Partner_Ranking" tests="1" failures="0" timestamp="09 Mar 2021 09:49:58 GMT" time="1.743" errors="0">
  <testcase name="leasing_ranking" time="1.743" classname="TestCases.Leasing_Partner_Ranking"/>
</testsuite> <!-- TestCases.Leasing_Partner_Ranking -->
