<?xml version="1.0" encoding="UTF-8"?>
<!-- Generated by org.testng.reporters.JUnitReportReporter -->
<testsuite hostname="nehajha" failures="0" tests="2" name="TestCases.Fectch_Nearest_Dealer" time="0.000" errors="0" timestamp="15 Mar 2021 11:39:08 GMT" skipped="2">
  <testcase classname="TestCases.Fectch_Nearest_Dealer" name="nearest_dealer_not_found" time="0.000">
    <skipped/>
  </testcase> <!-- nearest_dealer_not_found -->
  <testcase classname="TestCases.Fectch_Nearest_Dealer" name="fetch_nearest_dealer" time="0.000">
    <skipped/>
  </testcase> <!-- fetch_nearest_dealer -->
</testsuite> <!-- TestCases.Fectch_Nearest_Dealer -->
