<?xml version="1.0" encoding="UTF-8"?>
<!-- Generated by org.testng.reporters.JUnitReportReporter -->
<testsuite skipped="0" hostname="gurenderkush" name="TestCases.Customer_Register_Send_Otp" tests="2" failures="0" timestamp="31 Mar 2021 08:57:40 GMT" time="1.728" errors="0">
  <testcase name="customer_regsiter_send_otp" time="1.066" classname="TestCases.Customer_Register_Send_Otp"/>
  <testcase name="invalid_mobile_send_otp" time="0.662" classname="TestCases.Customer_Register_Send_Otp"/>
</testsuite> <!-- TestCases.Customer_Register_Send_Otp -->
