<?xml version="1.0" encoding="UTF-8"?>
<!-- Generated by org.testng.reporters.JUnitReportReporter -->
<testsuite skipped="0" hostname="gurenderkush" name="TestCases.Vehicle_Details_TC" tests="1" failures="0" timestamp="17 Dec 2021 16:11:16 GMT" time="1.570" errors="0">
  <testcase name="Vehicle_details" time="1.570" classname="TestCases.Vehicle_Details_TC"/>
</testsuite> <!-- TestCases.Vehicle_Details_TC -->
