<?xml version="1.0" encoding="UTF-8"?>
<!-- Generated by org.testng.reporters.JUnitReportReporter -->
<testsuite skipped="0" hostname="gurenderkush" name="TestCases.Subscription_Tenure_TC" tests="16" failures="0" timestamp="21 Sep 2021 15:12:40 GMT" time="9.103" errors="0">
  <testcase name="Subscription_tenure" time="0.472" classname="TestCases.Subscription_Tenure_TC"/>
  <testcase name="Subscription_tenure" time="0.451" classname="TestCases.Subscription_Tenure_TC"/>
  <testcase name="Subscription_tenure" time="0.453" classname="TestCases.Subscription_Tenure_TC"/>
  <testcase name="Subscription_tenure" time="0.521" classname="TestCases.Subscription_Tenure_TC"/>
  <testcase name="Subscription_tenure" time="0.476" classname="TestCases.Subscription_Tenure_TC"/>
  <testcase name="Subscription_tenure" time="0.827" classname="TestCases.Subscription_Tenure_TC"/>
  <testcase name="Subscription_tenure" time="0.521" classname="TestCases.Subscription_Tenure_TC"/>
  <testcase name="Subscription_tenure" time="0.489" classname="TestCases.Subscription_Tenure_TC"/>
  <testcase name="Subscription_tenure" time="0.579" classname="TestCases.Subscription_Tenure_TC"/>
  <testcase name="Subscription_tenure" time="0.489" classname="TestCases.Subscription_Tenure_TC"/>
  <testcase name="Subscription_tenure" time="0.473" classname="TestCases.Subscription_Tenure_TC"/>
  <testcase name="Subscription_tenure" time="0.802" classname="TestCases.Subscription_Tenure_TC"/>
  <testcase name="Subscription_tenure" time="0.465" classname="TestCases.Subscription_Tenure_TC"/>
  <testcase name="Subscription_tenure" time="1.108" classname="TestCases.Subscription_Tenure_TC"/>
  <testcase name="Subscription_tenure" time="0.506" classname="TestCases.Subscription_Tenure_TC"/>
  <testcase name="Subscription_tenure" time="0.471" classname="TestCases.Subscription_Tenure_TC"/>
</testsuite> <!-- TestCases.Subscription_Tenure_TC -->
