<?xml version="1.0" encoding="UTF-8"?>
<!-- Generated by org.testng.reporters.JUnitReportReporter -->
<testsuite skipped="0" hostname="gurenderkush" name="TestCases.Customer_Exists" tests="4" failures="0" timestamp="16 Feb 2021 15:29:00 GMT" time="2.611" errors="0">
  <testcase name="invalid_customer_exists" time="0.511" classname="TestCases.Customer_Exists"/>
  <testcase name="invalid_customer_exists" time="0.586" classname="TestCases.Customer_Exists"/>
  <testcase name="customer_exists" time="0.932" classname="TestCases.Customer_Exists"/>
  <testcase name="invalid_customer_exists" time="0.582" classname="TestCases.Customer_Exists"/>
</testsuite> <!-- TestCases.Customer_Exists -->
