<?xml version="1.0" encoding="UTF-8"?>
<!-- Generated by org.testng.reporters.JUnitReportReporter -->
<testsuite skipped="0" hostname="gurenderkush" name="TestCases.Common_Cust_Verify_Otp" tests="1" failures="0" timestamp="06 Apr 2021 09:45:29 GMT" time="0.999" errors="0">
  <testcase name="customer_verify_otp" time="0.999" classname="TestCases.Common_Cust_Verify_Otp"/>
</testsuite> <!-- TestCases.Common_Cust_Verify_Otp -->
