<?xml version="1.0" encoding="UTF-8"?>
<!-- Generated by org.testng.reporters.JUnitReportReporter -->
<testsuite hostname="nehajha" failures="0" tests="1" name="TestCases.generateToken" time="1.709" errors="0" timestamp="15 Mar 2021 07:03:03 GMT" skipped="0">
  <testcase classname="TestCases.generateToken" name="gen_auth_token" time="1.709"/>
</testsuite> <!-- TestCases.generateToken -->
