<?xml version="1.0" encoding="UTF-8"?>
<!-- Generated by org.testng.reporters.JUnitReportReporter -->
<testsuite skipped="0" hostname="gurenderkush" name="TestCases.Model_Hero_Image_API_TC" tests="14" failures="0" timestamp="17 Dec 2021 16:11:17 GMT" time="9.397" errors="0">
  <testcase name="car_basison_ranking" time="0.508" classname="TestCases.Model_Hero_Image_API_TC"/>
  <testcase name="car_basison_ranking" time="0.715" classname="TestCases.Model_Hero_Image_API_TC"/>
  <testcase name="car_basison_ranking" time="0.574" classname="TestCases.Model_Hero_Image_API_TC"/>
  <testcase name="car_basison_ranking" time="0.704" classname="TestCases.Model_Hero_Image_API_TC"/>
  <testcase name="car_basison_ranking" time="0.561" classname="TestCases.Model_Hero_Image_API_TC"/>
  <testcase name="car_basison_ranking" time="0.603" classname="TestCases.Model_Hero_Image_API_TC"/>
  <testcase name="car_basison_ranking" time="0.627" classname="TestCases.Model_Hero_Image_API_TC"/>
  <testcase name="car_basison_ranking" time="1.631" classname="TestCases.Model_Hero_Image_API_TC"/>
  <testcase name="car_basison_ranking" time="0.522" classname="TestCases.Model_Hero_Image_API_TC"/>
  <testcase name="car_basison_ranking" time="0.631" classname="TestCases.Model_Hero_Image_API_TC"/>
  <testcase name="car_basison_ranking" time="0.745" classname="TestCases.Model_Hero_Image_API_TC"/>
  <testcase name="car_basison_ranking" time="0.531" classname="TestCases.Model_Hero_Image_API_TC"/>
  <testcase name="car_basison_ranking" time="0.531" classname="TestCases.Model_Hero_Image_API_TC"/>
  <testcase name="car_basison_ranking" time="0.514" classname="TestCases.Model_Hero_Image_API_TC"/>
</testsuite> <!-- TestCases.Model_Hero_Image_API_TC -->
