<?xml version="1.0" encoding="UTF-8"?>
<!-- Generated by org.testng.reporters.JUnitReportReporter -->
<testsuite hostname="IN-6L680F3" failures="0" tests="1" name="TestCases.MI_CLAIMS_TC" time="48.779" errors="0" timestamp="23 Nov 2022 09:47:36 GMT" skipped="0">
  <testcase classname="TestCases.MI_CLAIMS_TC" name="mi_claims" time="48.779"/>
</testsuite> <!-- TestCases.MI_CLAIMS_TC -->
