<?xml version="1.0" encoding="UTF-8"?>
<!-- Generated by org.testng.reporters.JUnitReportReporter -->
<testsuite skipped="0" hostname="gurenderkush" name="TestCases.Send_OTP" tests="1" failures="0" timestamp="09 Mar 2021 09:49:58 GMT" time="3.356" errors="0">
  <testcase name="s_otp" time="3.356" classname="TestCases.Send_OTP"/>
</testsuite> <!-- TestCases.Send_OTP -->
