<?xml version="1.0" encoding="UTF-8"?>
<!-- Generated by org.testng.reporters.JUnitReportReporter -->
<testsuite skipped="0" hostname="gurenderkush" name="TestCases.Customer_Register_Cognito" tests="1" failures="0" timestamp="31 Mar 2021 08:57:40 GMT" time="23.078" errors="0">
  <testcase name="customer_register_cognito" time="23.078" classname="TestCases.Customer_Register_Cognito"/>
</testsuite> <!-- TestCases.Customer_Register_Cognito -->
