<?xml version="1.0" encoding="UTF-8"?>
<!-- Generated by org.testng.reporters.JUnitReportReporter -->
<testsuite skipped="0" hostname="gurenderkush" name="TestCases.Subscription_Tenure_TC" tests="16" failures="0" timestamp="17 Dec 2021 16:11:17 GMT" time="15.941" errors="0">
  <testcase name="Subscription_tenure" time="0.762" classname="TestCases.Subscription_Tenure_TC"/>
  <testcase name="Subscription_tenure" time="0.811" classname="TestCases.Subscription_Tenure_TC"/>
  <testcase name="Subscription_tenure" time="0.664" classname="TestCases.Subscription_Tenure_TC"/>
  <testcase name="Subscription_tenure" time="0.768" classname="TestCases.Subscription_Tenure_TC"/>
  <testcase name="Subscription_tenure" time="0.741" classname="TestCases.Subscription_Tenure_TC"/>
  <testcase name="Subscription_tenure" time="0.757" classname="TestCases.Subscription_Tenure_TC"/>
  <testcase name="Subscription_tenure" time="3.682" classname="TestCases.Subscription_Tenure_TC"/>
  <testcase name="Subscription_tenure" time="0.731" classname="TestCases.Subscription_Tenure_TC"/>
  <testcase name="Subscription_tenure" time="0.694" classname="TestCases.Subscription_Tenure_TC"/>
  <testcase name="Subscription_tenure" time="0.746" classname="TestCases.Subscription_Tenure_TC"/>
  <testcase name="Subscription_tenure" time="0.640" classname="TestCases.Subscription_Tenure_TC"/>
  <testcase name="Subscription_tenure" time="0.897" classname="TestCases.Subscription_Tenure_TC"/>
  <testcase name="Subscription_tenure" time="1.421" classname="TestCases.Subscription_Tenure_TC"/>
  <testcase name="Subscription_tenure" time="0.639" classname="TestCases.Subscription_Tenure_TC"/>
  <testcase name="Subscription_tenure" time="1.234" classname="TestCases.Subscription_Tenure_TC"/>
  <testcase name="Subscription_tenure" time="0.754" classname="TestCases.Subscription_Tenure_TC"/>
</testsuite> <!-- TestCases.Subscription_Tenure_TC -->
