<?xml version="1.0" encoding="UTF-8"?>
<!-- Generated by org.testng.reporters.JUnitReportReporter -->
<testsuite skipped="0" hostname="gurenderkush" name="TestCases.UpdateCustomerOccupation" tests="1" failures="0" timestamp="06 Apr 2021 09:45:29 GMT" time="1.030" errors="0">
  <testcase name="update_customer_occupation" time="1.030" classname="TestCases.UpdateCustomerOccupation"/>
</testsuite> <!-- TestCases.UpdateCustomerOccupation -->
