<?xml version="1.0" encoding="UTF-8"?>
<!-- Generated by org.testng.reporters.JUnitReportReporter -->
<testsuite hostname="IN-6L680F3" failures="0" tests="1" name="TestCases.crm_svoc_customer_details_TC" time="13.784" errors="0" timestamp="10 Nov 2022 04:05:22 GMT" skipped="0">
  <testcase classname="TestCases.crm_svoc_customer_details_TC" name="customer_details_svoc" time="13.784"/>
</testsuite> <!-- TestCases.crm_svoc_customer_details_TC -->
