<?xml version="1.0" encoding="UTF-8"?>
<!-- Generated by org.testng.reporters.JUnitReportReporter -->
<testsuite hostname="IN-DB5PTN3" failures="0" tests="5" name="TestCases.TestDrive_TC" time="3.002" errors="0" timestamp="10 Aug 2023 07:26:52 GMT" skipped="0">
  <testcase classname="TestCases.TestDrive_TC" name="TestDrive" time="0.320"/>
  <testcase classname="TestCases.TestDrive_TC" name="TestDrive" time="0.305"/>
  <testcase classname="TestCases.TestDrive_TC" name="TestDrive" time="0.236"/>
  <testcase classname="TestCases.TestDrive_TC" name="TestDrive" time="1.838"/>
  <testcase classname="TestCases.TestDrive_TC" name="TestDrive" time="0.303"/>
</testsuite> <!-- TestCases.TestDrive_TC -->
