<?xml version="1.0" encoding="UTF-8"?>
<!-- Generated by org.testng.reporters.JUnitReportReporter -->
<testsuite skipped="0" hostname="gurenderkush" name="TestCases.City_Master_Number_Plate_TC" tests="23" failures="0" timestamp="21 Sep 2021 15:12:40 GMT" time="10.889" errors="0">
  <testcase name="city_master" time="0.437" classname="TestCases.City_Master_Number_Plate_TC"/>
  <testcase name="city_master" time="0.466" classname="TestCases.City_Master_Number_Plate_TC"/>
  <testcase name="city_master" time="0.412" classname="TestCases.City_Master_Number_Plate_TC"/>
  <testcase name="city_master" time="0.599" classname="TestCases.City_Master_Number_Plate_TC"/>
  <testcase name="city_master" time="0.873" classname="TestCases.City_Master_Number_Plate_TC"/>
  <testcase name="city_master" time="0.448" classname="TestCases.City_Master_Number_Plate_TC"/>
  <testcase name="city_master" time="0.408" classname="TestCases.City_Master_Number_Plate_TC"/>
  <testcase name="city_master" time="0.467" classname="TestCases.City_Master_Number_Plate_TC"/>
  <testcase name="city_master" time="0.438" classname="TestCases.City_Master_Number_Plate_TC"/>
  <testcase name="city_master" time="0.419" classname="TestCases.City_Master_Number_Plate_TC"/>
  <testcase name="city_master" time="0.494" classname="TestCases.City_Master_Number_Plate_TC"/>
  <testcase name="city_master" time="0.500" classname="TestCases.City_Master_Number_Plate_TC"/>
  <testcase name="city_master" time="0.410" classname="TestCases.City_Master_Number_Plate_TC"/>
  <testcase name="city_master" time="0.535" classname="TestCases.City_Master_Number_Plate_TC"/>
  <testcase name="city_master" time="0.421" classname="TestCases.City_Master_Number_Plate_TC"/>
  <testcase name="city_master" time="0.442" classname="TestCases.City_Master_Number_Plate_TC"/>
  <testcase name="city_master" time="0.432" classname="TestCases.City_Master_Number_Plate_TC"/>
  <testcase name="city_master" time="0.399" classname="TestCases.City_Master_Number_Plate_TC"/>
  <testcase name="city_master" time="0.388" classname="TestCases.City_Master_Number_Plate_TC"/>
  <testcase name="city_master" time="0.414" classname="TestCases.City_Master_Number_Plate_TC"/>
  <testcase name="city_master" time="0.427" classname="TestCases.City_Master_Number_Plate_TC"/>
  <testcase name="city_master" time="0.494" classname="TestCases.City_Master_Number_Plate_TC"/>
  <testcase name="city_master" time="0.566" classname="TestCases.City_Master_Number_Plate_TC"/>
</testsuite> <!-- TestCases.City_Master_Number_Plate_TC -->
