<?xml version="1.0" encoding="UTF-8"?>
<!-- Generated by org.testng.reporters.JUnitReportReporter -->
<testsuite hostname="nehajha" failures="0" tests="1" name="TestCases.Send_OTP" time="3.034" errors="0" timestamp="31 Mar 2021 07:55:27 GMT" skipped="0">
  <testcase classname="TestCases.Send_OTP" name="s_otp" time="3.034"/>
</testsuite> <!-- TestCases.Send_OTP -->
