<?xml version="1.0" encoding="UTF-8"?>
<!-- Generated by org.testng.reporters.JUnitReportReporter -->
<testsuite hostname="IN-6L680F3" failures="0" tests="1" name="TestCases.Common_verify_OTP_test" time="0.438" errors="0" timestamp="04 Apr 2022 09:12:47 GMT" skipped="0">
  <testcase classname="TestCases.Common_verify_OTP_test" name="common_verify_otp" time="0.438"/>
</testsuite> <!-- TestCases.Common_verify_OTP_test -->
