<?xml version="1.0" encoding="UTF-8"?>
<!-- Generated by org.testng.reporters.JUnitReportReporter -->
<testsuite hostname="nehajha" failures="0" tests="2" name="TestCases.Customer_Register_Send_Otp" time="1.180" errors="0" timestamp="16 Mar 2021 10:32:50 GMT" skipped="0">
  <testcase classname="TestCases.Customer_Register_Send_Otp" name="invalid_mobile_send_otp" time="0.344"/>
  <testcase classname="TestCases.Customer_Register_Send_Otp" name="customer_regsiter_send_otp" time="0.836"/>
</testsuite> <!-- TestCases.Customer_Register_Send_Otp -->
