<?xml version="1.0" encoding="UTF-8"?>
<!-- Generated by org.testng.reporters.JUnitReportReporter -->
<testsuite hostname="nehajha" failures="0" tests="1" name="TestCases.Car_Model_Ranking" time="74.585" errors="0" timestamp="15 Mar 2021 11:39:07 GMT" skipped="0">
  <testcase classname="TestCases.Car_Model_Ranking" name="car_basison_ranking" time="74.585"/>
</testsuite> <!-- TestCases.Car_Model_Ranking -->
