<?xml version="1.0" encoding="UTF-8"?>
<!-- Generated by org.testng.reporters.JUnitReportReporter -->
<testsuite hostname="nehajha" failures="0" tests="1" name="TestCases.Model_Hero_Image_API_TC" time="0.429" errors="0" timestamp="16 Mar 2021 10:32:50 GMT" skipped="0">
  <testcase classname="TestCases.Model_Hero_Image_API_TC" name="car_basison_ranking" time="0.429"/>
</testsuite> <!-- TestCases.Model_Hero_Image_API_TC -->
