<?xml version="1.0" encoding="UTF-8"?>
<!-- Generated by org.testng.reporters.JUnitReportReporter -->
<testsuite skipped="0" hostname="gurenderkush" name="TestCases.UpdateCustomerAddress" tests="1" failures="0" timestamp="21 Sep 2021 15:12:40 GMT" time="0.690" errors="0">
  <testcase name="update_customer_address" time="0.690" classname="TestCases.UpdateCustomerAddress"/>
</testsuite> <!-- TestCases.UpdateCustomerAddress -->
