<?xml version="1.0" encoding="UTF-8"?>
<!-- Generated by org.testng.reporters.JUnitReportReporter -->
<<<<<<< HEAD
<testsuite hostname="nehajha" failures="0" tests="1" name="TestCases.Leasing_Partner_Ranking" time="1.833" errors="0" timestamp="05 Mar 2021 05:28:57 GMT" skipped="0">
  <testcase classname="TestCases.Leasing_Partner_Ranking" name="leasing_ranking" time="1.833"/>
=======
<testsuite skipped="0" hostname="gurenderkush" name="TestCases.Leasing_Partner_Ranking" tests="1" failures="0" timestamp="09 Mar 2021 09:49:58 GMT" time="1.743" errors="0">
  <testcase name="leasing_ranking" time="1.743" classname="TestCases.Leasing_Partner_Ranking"/>
>>>>>>> cc38587a2500609ebd03b48054f619b13a9e008f
</testsuite> <!-- TestCases.Leasing_Partner_Ranking -->
