<?xml version="1.0" encoding="UTF-8"?>
<!-- Generated by org.testng.reporters.JUnitReportReporter -->
<testsuite hostname="akhilessharma01" failures="0" tests="1" name="TestCases.Fectch_Nearest_Dealer" time="2.429" errors="0" timestamp="30 Mar 2021 06:04:10 GMT" skipped="0">
  <testcase classname="TestCases.Fectch_Nearest_Dealer" name="fetch_nearest_dealer" time="2.429"/>
</testsuite> <!-- TestCases.Fectch_Nearest_Dealer -->
