<?xml version="1.0" encoding="UTF-8"?>
<!-- Generated by org.testng.reporters.JUnitReportReporter -->
<testsuite hostname="IN-DB5PTN3" failures="0" tests="5" name="TestCases.Get_RTO_Details_TC" time="12.795" errors="0" timestamp="10 Aug 2023 06:41:10 GMT" skipped="0">
  <testcase classname="TestCases.Get_RTO_Details_TC" name="RTO" time="1.695"/>
  <testcase classname="TestCases.Get_RTO_Details_TC" name="RTO" time="1.805"/>
  <testcase classname="TestCases.Get_RTO_Details_TC" name="RTO" time="1.816"/>
  <testcase classname="TestCases.Get_RTO_Details_TC" name="RTO" time="2.838"/>
  <testcase classname="TestCases.Get_RTO_Details_TC" name="RTO" time="4.641"/>
</testsuite> <!-- TestCases.Get_RTO_Details_TC -->
