<?xml version="1.0" encoding="UTF-8"?>
<!-- Generated by org.testng.reporters.JUnitReportReporter -->
<testsuite skipped="0" hostname="gurenderkush" name="TestCases.CustomerAddressGet" tests="1" failures="0" timestamp="06 Apr 2021 09:45:29 GMT" time="3.451" errors="0">
  <testcase name="get_customer_address" time="3.451" classname="TestCases.CustomerAddressGet"/>
</testsuite> <!-- TestCases.CustomerAddressGet -->
