<?xml version="1.0" encoding="UTF-8"?>
<!-- Generated by org.testng.reporters.JUnitReportReporter -->
<testsuite hostname="IN-6L680F3" failures="0" tests="1" name="TestCases.CRM_Sales_History_TC" time="108.998" errors="0" timestamp="17 Nov 2022 10:09:33 GMT" skipped="0">
  <testcase classname="TestCases.CRM_Sales_History_TC" name="sales_history_svoc" time="108.998"/>
</testsuite> <!-- TestCases.CRM_Sales_History_TC -->
