<?xml version="1.0" encoding="UTF-8"?>
<!-- Generated by org.testng.reporters.JUnitReportReporter -->
<testsuite hostname="nehajha" failures="0" tests="1" name="TestCases.generateToken" time="3.753" errors="0" timestamp="31 Mar 2021 07:55:27 GMT" skipped="0">
  <testcase classname="TestCases.generateToken" name="gen_auth_token" time="3.753"/>
</testsuite> <!-- TestCases.generateToken -->
