<?xml version="1.0" encoding="UTF-8"?>
<!-- Generated by org.testng.reporters.JUnitReportReporter -->
<testsuite skipped="0" hostname="gurenderkush" name="TestCases.CustomerAddressGet" tests="1" failures="0" timestamp="30 Mar 2021 07:08:10 GMT" time="2.813" errors="0">
  <testcase name="get_customer_address" time="2.813" classname="TestCases.CustomerAddressGet"/>
</testsuite> <!-- TestCases.CustomerAddressGet -->
