<?xml version="1.0" encoding="UTF-8"?>
<!-- Generated by org.testng.reporters.JUnitReportReporter -->
<testsuite hostname="IN-DB5PTN3" failures="0" tests="5" name="TestCases.GetVehicleDetails" time="44.572" errors="0" timestamp="10 Aug 2023 05:11:27 GMT" skipped="0">
  <testcase classname="TestCases.GetVehicleDetails" name="GetVehicleDetailsReg" time="8.155"/>
  <testcase classname="TestCases.GetVehicleDetails" name="GetVehicleDetailsReg" time="9.244"/>
  <testcase classname="TestCases.GetVehicleDetails" name="GetVehicleDetailsReg" time="11.333"/>
  <testcase classname="TestCases.GetVehicleDetails" name="GetVehicleDetailsReg" time="7.878"/>
  <testcase classname="TestCases.GetVehicleDetails" name="GetVehicleDetailsReg" time="7.962"/>
</testsuite> <!-- TestCases.GetVehicleDetails -->
