<?xml version="1.0" encoding="UTF-8"?>
<!-- Generated by org.testng.reporters.JUnitReportReporter -->
<testsuite hostname="akhilessharma01" failures="0" tests="1" name="TestCases.Get_Whitelist_TC" time="2.510" errors="0" timestamp="24 Mar 2021 16:17:35 GMT" skipped="0">
  <testcase classname="TestCases.Get_Whitelist_TC" name="Get_Whitelist" time="2.510"/>
</testsuite> <!-- TestCases.Get_Whitelist_TC -->
