<?xml version="1.0" encoding="UTF-8"?>
<!-- Generated by org.testng.reporters.JUnitReportReporter -->
<testsuite hostname="akhilessharma01" failures="0" tests="1" name="TestCases.Vehicle_Details_TC" time="1.495" errors="0" timestamp="19 Apr 2021 05:38:37 GMT" skipped="0">
  <testcase classname="TestCases.Vehicle_Details_TC" name="Vehicle_details" time="1.495"/>
</testsuite> <!-- TestCases.Vehicle_Details_TC -->
