<?xml version="1.0" encoding="UTF-8"?>
<!-- Generated by org.testng.reporters.JUnitReportReporter -->
<testsuite hostname="IN-DB5PTN3" failures="0" tests="5" name="TestCases.Rating_And_Pricing_Page_TC" time="8.402" errors="0" timestamp="10 Aug 2023 11:26:26 GMT" skipped="0">
  <testcase classname="TestCases.Rating_And_Pricing_Page_TC" name="Rating_And_Pricing" time="6.044"/>
  <testcase classname="TestCases.Rating_And_Pricing_Page_TC" name="Rating_And_Pricing" time="0.539"/>
  <testcase classname="TestCases.Rating_And_Pricing_Page_TC" name="Rating_And_Pricing" time="0.743"/>
  <testcase classname="TestCases.Rating_And_Pricing_Page_TC" name="Rating_And_Pricing" time="0.582"/>
  <testcase classname="TestCases.Rating_And_Pricing_Page_TC" name="Rating_And_Pricing" time="0.494"/>
</testsuite> <!-- TestCases.Rating_And_Pricing_Page_TC -->
