<?xml version="1.0" encoding="UTF-8"?>
<!-- Generated by org.testng.reporters.JUnitReportReporter -->
<testsuite skipped="0" hostname="gurenderkush" name="TestCases.Customer_Exists" tests="4" failures="0" timestamp="17 Dec 2021 16:11:17 GMT" time="2.370" errors="0">
  <testcase name="invalid_customer_exists" time="0.544" classname="TestCases.Customer_Exists"/>
  <testcase name="invalid_customer_exists" time="0.533" classname="TestCases.Customer_Exists"/>
  <testcase name="invalid_customer_exists" time="0.633" classname="TestCases.Customer_Exists"/>
  <testcase name="customer_exists" time="0.660" classname="TestCases.Customer_Exists"/>
</testsuite> <!-- TestCases.Customer_Exists -->
