<?xml version="1.0" encoding="UTF-8"?>
<!-- Generated by org.testng.reporters.JUnitReportReporter -->
<testsuite hostname="IN-6L680F3" failures="0" tests="125" name="TestCases.ConsumerOffers_Test" time="257.325" errors="0" timestamp="12 Oct 2022 07:41:56 GMT" skipped="0">
  <testcase classname="TestCases.ConsumerOffers_Test" name="consumer_offers" time="1.680"/>
  <testcase classname="TestCases.ConsumerOffers_Test" name="consumer_offers" time="3.254"/>
  <testcase classname="TestCases.ConsumerOffers_Test" name="consumer_offers" time="3.436"/>
  <testcase classname="TestCases.ConsumerOffers_Test" name="consumer_offers" time="1.483"/>
  <testcase classname="TestCases.ConsumerOffers_Test" name="consumer_offers" time="1.660"/>
  <testcase classname="TestCases.ConsumerOffers_Test" name="consumer_offers" time="2.222"/>
  <testcase classname="TestCases.ConsumerOffers_Test" name="consumer_offers" time="1.934"/>
  <testcase classname="TestCases.ConsumerOffers_Test" name="consumer_offers" time="1.930"/>
  <testcase classname="TestCases.ConsumerOffers_Test" name="consumer_offers" time="2.096"/>
  <testcase classname="TestCases.ConsumerOffers_Test" name="consumer_offers" time="1.955"/>
  <testcase classname="TestCases.ConsumerOffers_Test" name="consumer_offers" time="1.575"/>
  <testcase classname="TestCases.ConsumerOffers_Test" name="consumer_offers" time="1.986"/>
  <testcase classname="TestCases.ConsumerOffers_Test" name="consumer_offers" time="1.786"/>
  <testcase classname="TestCases.ConsumerOffers_Test" name="consumer_offers" time="1.812"/>
  <testcase classname="TestCases.ConsumerOffers_Test" name="consumer_offers" time="2.140"/>
  <testcase classname="TestCases.ConsumerOffers_Test" name="consumer_offers" time="1.514"/>
  <testcase classname="TestCases.ConsumerOffers_Test" name="consumer_offers" time="1.614"/>
  <testcase classname="TestCases.ConsumerOffers_Test" name="consumer_offers" time="1.748"/>
  <testcase classname="TestCases.ConsumerOffers_Test" name="consumer_offers" time="2.578"/>
  <testcase classname="TestCases.ConsumerOffers_Test" name="consumer_offers" time="3.333"/>
  <testcase classname="TestCases.ConsumerOffers_Test" name="consumer_offers" time="2.153"/>
  <testcase classname="TestCases.ConsumerOffers_Test" name="consumer_offers" time="1.672"/>
  <testcase classname="TestCases.ConsumerOffers_Test" name="consumer_offers" time="2.339"/>
  <testcase classname="TestCases.ConsumerOffers_Test" name="consumer_offers" time="1.889"/>
  <testcase classname="TestCases.ConsumerOffers_Test" name="consumer_offers" time="1.800"/>
  <testcase classname="TestCases.ConsumerOffers_Test" name="consumer_offers" time="1.861"/>
  <testcase classname="TestCases.ConsumerOffers_Test" name="consumer_offers" time="2.168"/>
  <testcase classname="TestCases.ConsumerOffers_Test" name="consumer_offers" time="1.798"/>
  <testcase classname="TestCases.ConsumerOffers_Test" name="consumer_offers" time="2.061"/>
  <testcase classname="TestCases.ConsumerOffers_Test" name="consumer_offers" time="1.974"/>
  <testcase classname="TestCases.ConsumerOffers_Test" name="consumer_offers" time="1.626"/>
  <testcase classname="TestCases.ConsumerOffers_Test" name="consumer_offers" time="1.579"/>
  <testcase classname="TestCases.ConsumerOffers_Test" name="consumer_offers" time="1.778"/>
  <testcase classname="TestCases.ConsumerOffers_Test" name="consumer_offers" time="1.622"/>
  <testcase classname="TestCases.ConsumerOffers_Test" name="consumer_offers" time="1.819"/>
  <testcase classname="TestCases.ConsumerOffers_Test" name="consumer_offers" time="2.707"/>
  <testcase classname="TestCases.ConsumerOffers_Test" name="consumer_offers" time="2.645"/>
  <testcase classname="TestCases.ConsumerOffers_Test" name="consumer_offers" time="2.094"/>
  <testcase classname="TestCases.ConsumerOffers_Test" name="consumer_offers" time="1.976"/>
  <testcase classname="TestCases.ConsumerOffers_Test" name="consumer_offers" time="1.882"/>
  <testcase classname="TestCases.ConsumerOffers_Test" name="consumer_offers" time="1.540"/>
  <testcase classname="TestCases.ConsumerOffers_Test" name="consumer_offers" time="2.422"/>
  <testcase classname="TestCases.ConsumerOffers_Test" name="consumer_offers" time="2.558"/>
  <testcase classname="TestCases.ConsumerOffers_Test" name="consumer_offers" time="1.964"/>
  <testcase classname="TestCases.ConsumerOffers_Test" name="consumer_offers" time="1.769"/>
  <testcase classname="TestCases.ConsumerOffers_Test" name="consumer_offers" time="1.911"/>
  <testcase classname="TestCases.ConsumerOffers_Test" name="consumer_offers" time="2.147"/>
  <testcase classname="TestCases.ConsumerOffers_Test" name="consumer_offers" time="1.914"/>
  <testcase classname="TestCases.ConsumerOffers_Test" name="consumer_offers" time="1.644"/>
  <testcase classname="TestCases.ConsumerOffers_Test" name="consumer_offers" time="2.045"/>
  <testcase classname="TestCases.ConsumerOffers_Test" name="consumer_offers" time="1.618"/>
  <testcase classname="TestCases.ConsumerOffers_Test" name="consumer_offers" time="1.879"/>
  <testcase classname="TestCases.ConsumerOffers_Test" name="consumer_offers" time="2.253"/>
  <testcase classname="TestCases.ConsumerOffers_Test" name="consumer_offers" time="1.693"/>
  <testcase classname="TestCases.ConsumerOffers_Test" name="consumer_offers" time="2.588"/>
  <testcase classname="TestCases.ConsumerOffers_Test" name="consumer_offers" time="1.660"/>
  <testcase classname="TestCases.ConsumerOffers_Test" name="consumer_offers" time="1.739"/>
  <testcase classname="TestCases.ConsumerOffers_Test" name="consumer_offers" time="2.947"/>
  <testcase classname="TestCases.ConsumerOffers_Test" name="consumer_offers" time="2.120"/>
  <testcase classname="TestCases.ConsumerOffers_Test" name="consumer_offers" time="2.012"/>
  <testcase classname="TestCases.ConsumerOffers_Test" name="consumer_offers" time="2.498"/>
  <testcase classname="TestCases.ConsumerOffers_Test" name="consumer_offers" time="1.590"/>
  <testcase classname="TestCases.ConsumerOffers_Test" name="consumer_offers" time="2.225"/>
  <testcase classname="TestCases.ConsumerOffers_Test" name="consumer_offers" time="1.680"/>
  <testcase classname="TestCases.ConsumerOffers_Test" name="consumer_offers" time="2.206"/>
  <testcase classname="TestCases.ConsumerOffers_Test" name="consumer_offers" time="2.022"/>
  <testcase classname="TestCases.ConsumerOffers_Test" name="consumer_offers" time="2.164"/>
  <testcase classname="TestCases.ConsumerOffers_Test" name="consumer_offers" time="1.558"/>
  <testcase classname="TestCases.ConsumerOffers_Test" name="consumer_offers" time="2.198"/>
  <testcase classname="TestCases.ConsumerOffers_Test" name="consumer_offers" time="1.559"/>
  <testcase classname="TestCases.ConsumerOffers_Test" name="consumer_offers" time="2.253"/>
  <testcase classname="TestCases.ConsumerOffers_Test" name="consumer_offers" time="2.743"/>
  <testcase classname="TestCases.ConsumerOffers_Test" name="consumer_offers" time="2.160"/>
  <testcase classname="TestCases.ConsumerOffers_Test" name="consumer_offers" time="2.385"/>
  <testcase classname="TestCases.ConsumerOffers_Test" name="consumer_offers" time="2.163"/>
  <testcase classname="TestCases.ConsumerOffers_Test" name="consumer_offers" time="2.148"/>
  <testcase classname="TestCases.ConsumerOffers_Test" name="consumer_offers" time="1.622"/>
  <testcase classname="TestCases.ConsumerOffers_Test" name="consumer_offers" time="3.110"/>
  <testcase classname="TestCases.ConsumerOffers_Test" name="consumer_offers" time="1.693"/>
  <testcase classname="TestCases.ConsumerOffers_Test" name="consumer_offers" time="2.156"/>
  <testcase classname="TestCases.ConsumerOffers_Test" name="consumer_offers" time="1.692"/>
  <testcase classname="TestCases.ConsumerOffers_Test" name="consumer_offers" time="3.071"/>
  <testcase classname="TestCases.ConsumerOffers_Test" name="consumer_offers" time="1.777"/>
  <testcase classname="TestCases.ConsumerOffers_Test" name="consumer_offers" time="2.012"/>
  <testcase classname="TestCases.ConsumerOffers_Test" name="consumer_offers" time="1.772"/>
  <testcase classname="TestCases.ConsumerOffers_Test" name="consumer_offers" time="1.823"/>
  <testcase classname="TestCases.ConsumerOffers_Test" name="consumer_offers" time="1.750"/>
  <testcase classname="TestCases.ConsumerOffers_Test" name="consumer_offers" time="1.680"/>
  <testcase classname="TestCases.ConsumerOffers_Test" name="consumer_offers" time="2.433"/>
  <testcase classname="TestCases.ConsumerOffers_Test" name="consumer_offers" time="2.259"/>
  <testcase classname="TestCases.ConsumerOffers_Test" name="consumer_offers" time="1.659"/>
  <testcase classname="TestCases.ConsumerOffers_Test" name="consumer_offers" time="1.523"/>
  <testcase classname="TestCases.ConsumerOffers_Test" name="consumer_offers" time="2.468"/>
  <testcase classname="TestCases.ConsumerOffers_Test" name="consumer_offers" time="2.596"/>
  <testcase classname="TestCases.ConsumerOffers_Test" name="consumer_offers" time="3.218"/>
  <testcase classname="TestCases.ConsumerOffers_Test" name="consumer_offers" time="1.674"/>
  <testcase classname="TestCases.ConsumerOffers_Test" name="consumer_offers" time="1.619"/>
  <testcase classname="TestCases.ConsumerOffers_Test" name="consumer_offers" time="3.332"/>
  <testcase classname="TestCases.ConsumerOffers_Test" name="consumer_offers" time="2.137"/>
  <testcase classname="TestCases.ConsumerOffers_Test" name="consumer_offers" time="2.055"/>
  <testcase classname="TestCases.ConsumerOffers_Test" name="consumer_offers" time="1.890"/>
  <testcase classname="TestCases.ConsumerOffers_Test" name="consumer_offers" time="2.174"/>
  <testcase classname="TestCases.ConsumerOffers_Test" name="consumer_offers" time="1.653"/>
  <testcase classname="TestCases.ConsumerOffers_Test" name="consumer_offers" time="2.814"/>
  <testcase classname="TestCases.ConsumerOffers_Test" name="consumer_offers" time="2.309"/>
  <testcase classname="TestCases.ConsumerOffers_Test" name="consumer_offers" time="1.701"/>
  <testcase classname="TestCases.ConsumerOffers_Test" name="consumer_offers" time="2.141"/>
  <testcase classname="TestCases.ConsumerOffers_Test" name="consumer_offers" time="2.095"/>
  <testcase classname="TestCases.ConsumerOffers_Test" name="consumer_offers" time="1.961"/>
  <testcase classname="TestCases.ConsumerOffers_Test" name="consumer_offers" time="1.973"/>
  <testcase classname="TestCases.ConsumerOffers_Test" name="consumer_offers" time="1.750"/>
  <testcase classname="TestCases.ConsumerOffers_Test" name="consumer_offers" time="1.611"/>
  <testcase classname="TestCases.ConsumerOffers_Test" name="consumer_offers" time="1.741"/>
  <testcase classname="TestCases.ConsumerOffers_Test" name="consumer_offers" time="1.800"/>
  <testcase classname="TestCases.ConsumerOffers_Test" name="consumer_offers" time="1.660"/>
  <testcase classname="TestCases.ConsumerOffers_Test" name="consumer_offers" time="1.676"/>
  <testcase classname="TestCases.ConsumerOffers_Test" name="consumer_offers" time="1.666"/>
  <testcase classname="TestCases.ConsumerOffers_Test" name="consumer_offers" time="1.591"/>
  <testcase classname="TestCases.ConsumerOffers_Test" name="consumer_offers" time="2.368"/>
  <testcase classname="TestCases.ConsumerOffers_Test" name="consumer_offers" time="2.417"/>
  <testcase classname="TestCases.ConsumerOffers_Test" name="consumer_offers" time="2.333"/>
  <testcase classname="TestCases.ConsumerOffers_Test" name="consumer_offers" time="1.766"/>
  <testcase classname="TestCases.ConsumerOffers_Test" name="consumer_offers" time="2.828"/>
  <testcase classname="TestCases.ConsumerOffers_Test" name="consumer_offers" time="2.493"/>
  <testcase classname="TestCases.ConsumerOffers_Test" name="consumer_offers" time="2.629"/>
</testsuite> <!-- TestCases.ConsumerOffers_Test -->
