<?xml version="1.0" encoding="UTF-8"?>
<!-- Generated by org.testng.reporters.JUnitReportReporter -->
<testsuite hostname="IN-6L680F3" failures="0" tests="1" name="TestCases.Service_advisor_list_TC" time="328.252" errors="0" timestamp="30 Nov 2022 06:26:30 GMT" skipped="0">
  <testcase classname="TestCases.Service_advisor_list_TC" name="service_advisor_list" time="328.252"/>
</testsuite> <!-- TestCases.Service_advisor_list_TC -->
