<?xml version="1.0" encoding="UTF-8"?>
<!-- Generated by org.testng.reporters.JUnitReportReporter -->
<testsuite skipped="0" hostname="gurenderkush" name="TestCases.SaveCustomerOccupation" tests="1" failures="0" timestamp="06 Apr 2021 09:45:29 GMT" time="1.222" errors="0">
  <testcase name="save_customer_occupation" time="1.222" classname="TestCases.SaveCustomerOccupation"/>
</testsuite> <!-- TestCases.SaveCustomerOccupation -->
