<?xml version="1.0" encoding="UTF-8"?>
<!-- Generated by org.testng.reporters.JUnitReportReporter -->
<testsuite skipped="0" hostname="gurenderkush" name="TestCases.Car_Model_Ranking" tests="1" failures="0" timestamp="02 Mar 2021 14:11:02 GMT" time="148.243" errors="0">
  <testcase name="car_basison_ranking" time="148.243" classname="TestCases.Car_Model_Ranking"/>
</testsuite> <!-- TestCases.Car_Model_Ranking -->
