<?xml version="1.0" encoding="UTF-8"?>
<!-- Generated by org.testng.reporters.JUnitReportReporter -->
<testsuite hostname="nehajha" failures="0" tests="1" name="TestCases.WhiteList_Ref_isHybrid_TC" time="0.638" errors="0" timestamp="30 Mar 2021 10:06:56 GMT" skipped="0">
  <testcase classname="TestCases.WhiteList_Ref_isHybrid_TC" name="Whitelist_Ref_ishybrid" time="0.638"/>
</testsuite> <!-- TestCases.WhiteList_Ref_isHybrid_TC -->
