<?xml version="1.0" encoding="UTF-8"?>
<!-- Generated by org.testng.reporters.JUnitReportReporter -->
<testsuite hostname="IN-DB5PTN3" failures="0" tests="13" name="TestCases.Certification.CertExteriorImages" time="10.096" errors="0" timestamp="29 Sep 2023 07:49:40 GMT" skipped="0">
  <testcase classname="TestCases.Certification.CertExteriorImages" name="CertExterior" time="0.575"/>
  <testcase classname="TestCases.Certification.CertExteriorImages" name="CertExterior" time="0.490"/>
  <testcase classname="TestCases.Certification.CertExteriorImages" name="CertExterior" time="0.487"/>
  <testcase classname="TestCases.Certification.CertExteriorImages" name="CertExterior" time="1.555"/>
  <testcase classname="TestCases.Certification.CertExteriorImages" name="CertExterior" time="0.633"/>
  <testcase classname="TestCases.Certification.CertExteriorImages" name="CertExterior" time="0.579"/>
  <testcase classname="TestCases.Certification.CertExteriorImages" name="CertExterior" time="0.450"/>
  <testcase classname="TestCases.Certification.CertExteriorImages" name="CertExterior" time="0.729"/>
  <testcase classname="TestCases.Certification.CertExteriorImages" name="CertExterior" time="0.452"/>
  <testcase classname="TestCases.Certification.CertExteriorImages" name="CertExterior" time="2.709"/>
  <testcase classname="TestCases.Certification.CertExteriorImages" name="CertExterior" time="0.452"/>
  <testcase classname="TestCases.Certification.CertExteriorImages" name="CertExterior" time="0.506"/>
  <testcase classname="TestCases.Certification.CertExteriorImages" name="CertExterior" time="0.479"/>
</testsuite> <!-- TestCases.Certification.CertExteriorImages -->
