<?xml version="1.0" encoding="UTF-8"?>
<!-- Generated by org.testng.reporters.JUnitReportReporter -->
<testsuite skipped="0" hostname="gurenderkush" name="TestCases.SaveCustomerOccupation" tests="1" failures="0" timestamp="09 Aug 2021 07:46:30 GMT" time="0.527" errors="0">
  <testcase name="save_customer_occupation" time="0.527" classname="TestCases.SaveCustomerOccupation"/>
</testsuite> <!-- TestCases.SaveCustomerOccupation -->
