<?xml version="1.0" encoding="UTF-8"?>
<!-- Generated by org.testng.reporters.JUnitReportReporter -->
<testsuite skipped="0" hostname="gurenderkush" name="TestCases.All_Master_Generic_API" tests="3" failures="0" timestamp="09 Aug 2021 07:46:30 GMT" time="1.308" errors="0">
  <testcase name="all_master_generic_api" time="0.465" classname="TestCases.All_Master_Generic_API"/>
  <testcase name="all_master_generic_api" time="0.497" classname="TestCases.All_Master_Generic_API"/>
  <testcase name="all_master_generic_api" time="0.346" classname="TestCases.All_Master_Generic_API"/>
</testsuite> <!-- TestCases.All_Master_Generic_API -->
