<?xml version="1.0" encoding="UTF-8"?>
<!-- Generated by org.testng.reporters.JUnitReportReporter -->
<testsuite hostname="IN-DB5PTN3" failures="0" tests="5" name="TestCases.ExteriorImages" time="3.379" errors="0" timestamp="10 Aug 2023 07:25:45 GMT" skipped="0">
  <testcase classname="TestCases.ExteriorImages" name="Exterior" time="0.477"/>
  <testcase classname="TestCases.ExteriorImages" name="Exterior" time="0.370"/>
  <testcase classname="TestCases.ExteriorImages" name="Exterior" time="0.323"/>
  <testcase classname="TestCases.ExteriorImages" name="Exterior" time="0.315"/>
  <testcase classname="TestCases.ExteriorImages" name="Exterior" time="1.894"/>
</testsuite> <!-- TestCases.ExteriorImages -->
