<?xml version="1.0" encoding="UTF-8"?>
<!-- Generated by org.testng.reporters.JUnitReportReporter -->
<testsuite skipped="0" hostname="gurenderkush" name="TestCases.Vehicle_Configure_TC" tests="19" failures="0" timestamp="21 Sep 2021 15:12:40 GMT" time="7.180" errors="0">
  <testcase name="Vehicle_configure" time="0.368" classname="TestCases.Vehicle_Configure_TC"/>
  <testcase name="Vehicle_configure" time="0.369" classname="TestCases.Vehicle_Configure_TC"/>
  <testcase name="Vehicle_configure" time="0.427" classname="TestCases.Vehicle_Configure_TC"/>
  <testcase name="Vehicle_configure" time="0.346" classname="TestCases.Vehicle_Configure_TC"/>
  <testcase name="Vehicle_configure" time="0.305" classname="TestCases.Vehicle_Configure_TC"/>
  <testcase name="Vehicle_configure" time="0.362" classname="TestCases.Vehicle_Configure_TC"/>
  <testcase name="Vehicle_configure" time="0.378" classname="TestCases.Vehicle_Configure_TC"/>
  <testcase name="Vehicle_configure" time="0.375" classname="TestCases.Vehicle_Configure_TC"/>
  <testcase name="Vehicle_configure" time="0.381" classname="TestCases.Vehicle_Configure_TC"/>
  <testcase name="Vehicle_configure" time="0.434" classname="TestCases.Vehicle_Configure_TC"/>
  <testcase name="Vehicle_configure" time="0.397" classname="TestCases.Vehicle_Configure_TC"/>
  <testcase name="Vehicle_configure" time="0.450" classname="TestCases.Vehicle_Configure_TC"/>
  <testcase name="Vehicle_configure" time="0.364" classname="TestCases.Vehicle_Configure_TC"/>
  <testcase name="Vehicle_configure" time="0.391" classname="TestCases.Vehicle_Configure_TC"/>
  <testcase name="Vehicle_configure" time="0.374" classname="TestCases.Vehicle_Configure_TC"/>
  <testcase name="Vehicle_configure" time="0.393" classname="TestCases.Vehicle_Configure_TC"/>
  <testcase name="Vehicle_configure" time="0.341" classname="TestCases.Vehicle_Configure_TC"/>
  <testcase name="Vehicle_configure" time="0.358" classname="TestCases.Vehicle_Configure_TC"/>
  <testcase name="Vehicle_configure" time="0.367" classname="TestCases.Vehicle_Configure_TC"/>
</testsuite> <!-- TestCases.Vehicle_Configure_TC -->
