<?xml version="1.0" encoding="UTF-8"?>
<!-- Generated by org.testng.reporters.JUnitReportReporter -->
<testsuite skipped="0" hostname="gurenderkush" name="TestCases.Customer_Register_Cognito" tests="1" failures="0" timestamp="17 Dec 2021 16:11:17 GMT" time="25.227" errors="0">
  <testcase name="customer_register_cognito" time="25.227" classname="TestCases.Customer_Register_Cognito"/>
</testsuite> <!-- TestCases.Customer_Register_Cognito -->
