<?xml version="1.0" encoding="UTF-8"?>
<!-- Generated by org.testng.reporters.JUnitReportReporter -->
<testsuite hostname="IN-6L680F3" failures="0" tests="1" name="TestCases.Non_MI_TC" time="43.307" errors="0" timestamp="27 Nov 2022 08:10:40 GMT" skipped="0">
  <testcase classname="TestCases.Non_MI_TC" name="non_mi" time="43.307"/>
</testsuite> <!-- TestCases.Non_MI_TC -->
