<?xml version="1.0" encoding="UTF-8"?>
<!-- Generated by org.testng.reporters.JUnitReportReporter -->
<testsuite hostname="akhilessharma01" failures="0" tests="1" name="TestCases.Vehicle_Configure_TC" time="0.645" errors="0" timestamp="25 Mar 2021 10:56:25 GMT" skipped="0">
  <testcase classname="TestCases.Vehicle_Configure_TC" name="Vehicle_configure" time="0.645"/>
</testsuite> <!-- TestCases.Vehicle_Configure_TC -->
