<?xml version="1.0" encoding="UTF-8"?>
<!-- Generated by org.testng.reporters.JUnitReportReporter -->
<testsuite hostname="IN-6L680F3" failures="0" tests="123" name="TestCases.accessory_prices_TC" time="4032.549" errors="0" timestamp="17 Oct 2022 16:55:03 GMT" skipped="0">
  <testcase classname="TestCases.accessory_prices_TC" name="accessory_prices" time="0.405"/>
  <testcase classname="TestCases.accessory_prices_TC" name="accessory_prices" time="0.165"/>
  <testcase classname="TestCases.accessory_prices_TC" name="accessory_prices" time="0.218"/>
  <testcase classname="TestCases.accessory_prices_TC" name="accessory_prices" time="1.253"/>
  <testcase classname="TestCases.accessory_prices_TC" name="accessory_prices" time="0.160"/>
  <testcase classname="TestCases.accessory_prices_TC" name="accessory_prices" time="0.171"/>
  <testcase classname="TestCases.accessory_prices_TC" name="accessory_prices" time="119.129"/>
  <testcase classname="TestCases.accessory_prices_TC" name="accessory_prices" time="0.216"/>
  <testcase classname="TestCases.accessory_prices_TC" name="accessory_prices" time="0.175"/>
  <testcase classname="TestCases.accessory_prices_TC" name="accessory_prices" time="113.962"/>
  <testcase classname="TestCases.accessory_prices_TC" name="accessory_prices" time="130.754"/>
  <testcase classname="TestCases.accessory_prices_TC" name="accessory_prices" time="211.433"/>
  <testcase classname="TestCases.accessory_prices_TC" name="accessory_prices" time="0.204"/>
  <testcase classname="TestCases.accessory_prices_TC" name="accessory_prices" time="0.593"/>
  <testcase classname="TestCases.accessory_prices_TC" name="accessory_prices" time="0.427"/>
  <testcase classname="TestCases.accessory_prices_TC" name="accessory_prices" time="0.153"/>
  <testcase classname="TestCases.accessory_prices_TC" name="accessory_prices" time="0.449"/>
  <testcase classname="TestCases.accessory_prices_TC" name="accessory_prices" time="0.155"/>
  <testcase classname="TestCases.accessory_prices_TC" name="accessory_prices" time="0.169"/>
  <testcase classname="TestCases.accessory_prices_TC" name="accessory_prices" time="0.194"/>
  <testcase classname="TestCases.accessory_prices_TC" name="accessory_prices" time="114.724"/>
  <testcase classname="TestCases.accessory_prices_TC" name="accessory_prices" time="0.156"/>
  <testcase classname="TestCases.accessory_prices_TC" name="accessory_prices" time="0.191"/>
  <testcase classname="TestCases.accessory_prices_TC" name="accessory_prices" time="135.127"/>
  <testcase classname="TestCases.accessory_prices_TC" name="accessory_prices" time="122.596"/>
  <testcase classname="TestCases.accessory_prices_TC" name="accessory_prices" time="0.190"/>
  <testcase classname="TestCases.accessory_prices_TC" name="accessory_prices" time="0.140"/>
  <testcase classname="TestCases.accessory_prices_TC" name="accessory_prices" time="0.187"/>
  <testcase classname="TestCases.accessory_prices_TC" name="accessory_prices" time="256.581"/>
  <testcase classname="TestCases.accessory_prices_TC" name="accessory_prices" time="0.160"/>
  <testcase classname="TestCases.accessory_prices_TC" name="accessory_prices" time="116.076"/>
  <testcase classname="TestCases.accessory_prices_TC" name="accessory_prices" time="1.321"/>
  <testcase classname="TestCases.accessory_prices_TC" name="accessory_prices" time="0.179"/>
  <testcase classname="TestCases.accessory_prices_TC" name="accessory_prices" time="0.157"/>
  <testcase classname="TestCases.accessory_prices_TC" name="accessory_prices" time="0.364"/>
  <testcase classname="TestCases.accessory_prices_TC" name="accessory_prices" time="0.143"/>
  <testcase classname="TestCases.accessory_prices_TC" name="accessory_prices" time="0.134"/>
  <testcase classname="TestCases.accessory_prices_TC" name="accessory_prices" time="109.613"/>
  <testcase classname="TestCases.accessory_prices_TC" name="accessory_prices" time="0.156"/>
  <testcase classname="TestCases.accessory_prices_TC" name="accessory_prices" time="0.223"/>
  <testcase classname="TestCases.accessory_prices_TC" name="accessory_prices" time="0.166"/>
  <testcase classname="TestCases.accessory_prices_TC" name="accessory_prices" time="0.184"/>
  <testcase classname="TestCases.accessory_prices_TC" name="accessory_prices" time="0.168"/>
  <testcase classname="TestCases.accessory_prices_TC" name="accessory_prices" time="0.176"/>
  <testcase classname="TestCases.accessory_prices_TC" name="accessory_prices" time="0.137"/>
  <testcase classname="TestCases.accessory_prices_TC" name="accessory_prices" time="0.220"/>
  <testcase classname="TestCases.accessory_prices_TC" name="accessory_prices" time="0.162"/>
  <testcase classname="TestCases.accessory_prices_TC" name="accessory_prices" time="0.187"/>
  <testcase classname="TestCases.accessory_prices_TC" name="accessory_prices" time="73.841"/>
  <testcase classname="TestCases.accessory_prices_TC" name="accessory_prices" time="0.226"/>
  <testcase classname="TestCases.accessory_prices_TC" name="accessory_prices" time="0.206"/>
  <testcase classname="TestCases.accessory_prices_TC" name="accessory_prices" time="0.230"/>
  <testcase classname="TestCases.accessory_prices_TC" name="accessory_prices" time="0.180"/>
  <testcase classname="TestCases.accessory_prices_TC" name="accessory_prices" time="0.176"/>
  <testcase classname="TestCases.accessory_prices_TC" name="accessory_prices" time="0.167"/>
  <testcase classname="TestCases.accessory_prices_TC" name="accessory_prices" time="0.146"/>
  <testcase classname="TestCases.accessory_prices_TC" name="accessory_prices" time="192.297"/>
  <testcase classname="TestCases.accessory_prices_TC" name="accessory_prices" time="0.267"/>
  <testcase classname="TestCases.accessory_prices_TC" name="accessory_prices" time="0.163"/>
  <testcase classname="TestCases.accessory_prices_TC" name="accessory_prices" time="52.578"/>
  <testcase classname="TestCases.accessory_prices_TC" name="accessory_prices" time="228.520"/>
  <testcase classname="TestCases.accessory_prices_TC" name="accessory_prices" time="0.195"/>
  <testcase classname="TestCases.accessory_prices_TC" name="accessory_prices" time="0.239"/>
  <testcase classname="TestCases.accessory_prices_TC" name="accessory_prices" time="88.858"/>
  <testcase classname="TestCases.accessory_prices_TC" name="accessory_prices" time="0.138"/>
  <testcase classname="TestCases.accessory_prices_TC" name="accessory_prices" time="0.175"/>
  <testcase classname="TestCases.accessory_prices_TC" name="accessory_prices" time="0.205"/>
  <testcase classname="TestCases.accessory_prices_TC" name="accessory_prices" time="113.570"/>
  <testcase classname="TestCases.accessory_prices_TC" name="accessory_prices" time="0.248"/>
  <testcase classname="TestCases.accessory_prices_TC" name="accessory_prices" time="137.278"/>
  <testcase classname="TestCases.accessory_prices_TC" name="accessory_prices" time="0.191"/>
  <testcase classname="TestCases.accessory_prices_TC" name="accessory_prices" time="0.415"/>
  <testcase classname="TestCases.accessory_prices_TC" name="accessory_prices" time="0.282"/>
  <testcase classname="TestCases.accessory_prices_TC" name="accessory_prices" time="0.164"/>
  <testcase classname="TestCases.accessory_prices_TC" name="accessory_prices" time="0.171"/>
  <testcase classname="TestCases.accessory_prices_TC" name="accessory_prices" time="65.669"/>
  <testcase classname="TestCases.accessory_prices_TC" name="accessory_prices" time="0.183"/>
  <testcase classname="TestCases.accessory_prices_TC" name="accessory_prices" time="137.223"/>
  <testcase classname="TestCases.accessory_prices_TC" name="accessory_prices" time="98.384"/>
  <testcase classname="TestCases.accessory_prices_TC" name="accessory_prices" time="0.472"/>
  <testcase classname="TestCases.accessory_prices_TC" name="accessory_prices" time="0.411"/>
  <testcase classname="TestCases.accessory_prices_TC" name="accessory_prices" time="301.139"/>
  <testcase classname="TestCases.accessory_prices_TC" name="accessory_prices" time="0.252"/>
  <testcase classname="TestCases.accessory_prices_TC" name="accessory_prices" time="63.948"/>
  <testcase classname="TestCases.accessory_prices_TC" name="accessory_prices" time="0.177"/>
  <testcase classname="TestCases.accessory_prices_TC" name="accessory_prices" time="0.375"/>
  <testcase classname="TestCases.accessory_prices_TC" name="accessory_prices" time="0.169"/>
  <testcase classname="TestCases.accessory_prices_TC" name="accessory_prices" time="0.178"/>
  <testcase classname="TestCases.accessory_prices_TC" name="accessory_prices" time="175.015"/>
  <testcase classname="TestCases.accessory_prices_TC" name="accessory_prices" time="0.156"/>
  <testcase classname="TestCases.accessory_prices_TC" name="accessory_prices" time="0.203"/>
  <testcase classname="TestCases.accessory_prices_TC" name="accessory_prices" time="0.266"/>
  <testcase classname="TestCases.accessory_prices_TC" name="accessory_prices" time="0.166"/>
  <testcase classname="TestCases.accessory_prices_TC" name="accessory_prices" time="0.177"/>
  <testcase classname="TestCases.accessory_prices_TC" name="accessory_prices" time="0.402"/>
  <testcase classname="TestCases.accessory_prices_TC" name="accessory_prices" time="0.174"/>
  <testcase classname="TestCases.accessory_prices_TC" name="accessory_prices" time="75.881"/>
  <testcase classname="TestCases.accessory_prices_TC" name="accessory_prices" time="0.218"/>
  <testcase classname="TestCases.accessory_prices_TC" name="accessory_prices" time="0.536"/>
  <testcase classname="TestCases.accessory_prices_TC" name="accessory_prices" time="47.198"/>
  <testcase classname="TestCases.accessory_prices_TC" name="accessory_prices" time="132.059"/>
  <testcase classname="TestCases.accessory_prices_TC" name="accessory_prices" time="0.165"/>
  <testcase classname="TestCases.accessory_prices_TC" name="accessory_prices" time="0.964"/>
  <testcase classname="TestCases.accessory_prices_TC" name="accessory_prices" time="0.500"/>
  <testcase classname="TestCases.accessory_prices_TC" name="accessory_prices" time="59.124"/>
  <testcase classname="TestCases.accessory_prices_TC" name="accessory_prices" time="0.209"/>
  <testcase classname="TestCases.accessory_prices_TC" name="accessory_prices" time="92.954"/>
  <testcase classname="TestCases.accessory_prices_TC" name="accessory_prices" time="0.204"/>
  <testcase classname="TestCases.accessory_prices_TC" name="accessory_prices" time="0.421"/>
  <testcase classname="TestCases.accessory_prices_TC" name="accessory_prices" time="0.203"/>
  <testcase classname="TestCases.accessory_prices_TC" name="accessory_prices" time="106.533"/>
  <testcase classname="TestCases.accessory_prices_TC" name="accessory_prices" time="0.261"/>
  <testcase classname="TestCases.accessory_prices_TC" name="accessory_prices" time="0.470"/>
  <testcase classname="TestCases.accessory_prices_TC" name="accessory_prices" time="0.375"/>
  <testcase classname="TestCases.accessory_prices_TC" name="accessory_prices" time="113.987"/>
  <testcase classname="TestCases.accessory_prices_TC" name="accessory_prices" time="0.176"/>
  <testcase classname="TestCases.accessory_prices_TC" name="accessory_prices" time="222.336"/>
  <testcase classname="TestCases.accessory_prices_TC" name="accessory_prices" time="0.265"/>
  <testcase classname="TestCases.accessory_prices_TC" name="accessory_prices" time="0.298"/>
  <testcase classname="TestCases.accessory_prices_TC" name="accessory_prices" time="0.160"/>
  <testcase classname="TestCases.accessory_prices_TC" name="accessory_prices" time="0.167"/>
  <testcase classname="TestCases.accessory_prices_TC" name="accessory_prices" time="0.211"/>
  <testcase classname="TestCases.accessory_prices_TC" name="accessory_prices" time="0.206"/>
</testsuite> <!-- TestCases.accessory_prices_TC -->
