<?xml version="1.0" encoding="UTF-8"?>
<!-- Generated by org.testng.reporters.JUnitReportReporter -->
<testsuite skipped="0" hostname="gurenderkush" name="TestCases.verify_vehicle_List_TC" tests="12" failures="0" timestamp="09 Aug 2021 07:46:30 GMT" time="9.752" errors="0">
  <testcase name="verify_list" time="1.017" classname="TestCases.verify_vehicle_List_TC"/>
  <testcase name="verify_list_city_invalid" time="0.390" classname="TestCases.verify_vehicle_List_TC"/>
  <testcase name="verify_list" time="0.923" classname="TestCases.verify_vehicle_List_TC"/>
  <testcase name="verify_list" time="0.829" classname="TestCases.verify_vehicle_List_TC"/>
  <testcase name="verify_list" time="1.280" classname="TestCases.verify_vehicle_List_TC"/>
  <testcase name="verify_list" time="0.632" classname="TestCases.verify_vehicle_List_TC"/>
  <testcase name="verify_list" time="0.721" classname="TestCases.verify_vehicle_List_TC"/>
  <testcase name="verify_list" time="0.648" classname="TestCases.verify_vehicle_List_TC"/>
  <testcase name="verify_list" time="0.575" classname="TestCases.verify_vehicle_List_TC"/>
  <testcase name="verify_list" time="0.571" classname="TestCases.verify_vehicle_List_TC"/>
  <testcase name="verify_list" time="0.732" classname="TestCases.verify_vehicle_List_TC"/>
  <testcase name="verify_list" time="1.434" classname="TestCases.verify_vehicle_List_TC"/>
</testsuite> <!-- TestCases.verify_vehicle_List_TC -->
