<?xml version="1.0" encoding="UTF-8"?>
<!-- Generated by org.testng.reporters.JUnitReportReporter -->
<testsuite skipped="0" hostname="gurenderkush" name="TestCases.Vehicle_Configure_TC" tests="19" failures="0" timestamp="09 Aug 2021 07:46:30 GMT" time="14.884" errors="0">
  <testcase name="Vehicle_configure" time="0.635" classname="TestCases.Vehicle_Configure_TC"/>
  <testcase name="Vehicle_configure" time="0.728" classname="TestCases.Vehicle_Configure_TC"/>
  <testcase name="Vehicle_configure" time="1.907" classname="TestCases.Vehicle_Configure_TC"/>
  <testcase name="Vehicle_configure" time="0.919" classname="TestCases.Vehicle_Configure_TC"/>
  <testcase name="Vehicle_configure" time="0.618" classname="TestCases.Vehicle_Configure_TC"/>
  <testcase name="Vehicle_configure" time="0.613" classname="TestCases.Vehicle_Configure_TC"/>
  <testcase name="Vehicle_configure" time="0.622" classname="TestCases.Vehicle_Configure_TC"/>
  <testcase name="Vehicle_configure" time="1.295" classname="TestCases.Vehicle_Configure_TC"/>
  <testcase name="Vehicle_configure" time="0.510" classname="TestCases.Vehicle_Configure_TC"/>
  <testcase name="Vehicle_configure" time="0.518" classname="TestCases.Vehicle_Configure_TC"/>
  <testcase name="Vehicle_configure" time="0.684" classname="TestCases.Vehicle_Configure_TC"/>
  <testcase name="Vehicle_configure" time="0.718" classname="TestCases.Vehicle_Configure_TC"/>
  <testcase name="Vehicle_configure" time="0.658" classname="TestCases.Vehicle_Configure_TC"/>
  <testcase name="Vehicle_configure" time="0.908" classname="TestCases.Vehicle_Configure_TC"/>
  <testcase name="Vehicle_configure" time="0.623" classname="TestCases.Vehicle_Configure_TC"/>
  <testcase name="Vehicle_configure" time="0.456" classname="TestCases.Vehicle_Configure_TC"/>
  <testcase name="Vehicle_configure" time="1.599" classname="TestCases.Vehicle_Configure_TC"/>
  <testcase name="Vehicle_configure" time="0.349" classname="TestCases.Vehicle_Configure_TC"/>
  <testcase name="Vehicle_configure" time="0.524" classname="TestCases.Vehicle_Configure_TC"/>
</testsuite> <!-- TestCases.Vehicle_Configure_TC -->
