<?xml version="1.0" encoding="UTF-8"?>
<!-- Generated by org.testng.reporters.JUnitReportReporter -->
<testsuite hostname="IN-DB5PTN3" failures="0" tests="5" name="TestCases.CAR_Details" time="4.545" errors="0" timestamp="10 Aug 2023 07:18:02 GMT" skipped="0">
  <testcase classname="TestCases.CAR_Details" name="vehical" time="2.351"/>
  <testcase classname="TestCases.CAR_Details" name="vehical" time="0.506"/>
  <testcase classname="TestCases.CAR_Details" name="vehical" time="0.585"/>
  <testcase classname="TestCases.CAR_Details" name="vehical" time="0.510"/>
  <testcase classname="TestCases.CAR_Details" name="vehical" time="0.593"/>
</testsuite> <!-- TestCases.CAR_Details -->
