<?xml version="1.0" encoding="UTF-8"?>
<!-- Generated by org.testng.reporters.JUnitReportReporter -->
<testsuite skipped="0" hostname="gurenderkush" name="TestCases.City_Master_API_TC" tests="1" failures="0" timestamp="26 Feb 2021 12:08:34 GMT" time="130.881" errors="0">
  <testcase name="city_master" time="130.881" classname="TestCases.City_Master_API_TC"/>
</testsuite> <!-- TestCases.City_Master_API_TC -->
