<?xml version="1.0" encoding="UTF-8"?>
<!-- Generated by org.testng.reporters.JUnitReportReporter -->
<testsuite skipped="0" hostname="gurenderkush" name="TestCases.Get_Customer_Details" tests="1" failures="0" timestamp="31 Mar 2021 08:57:40 GMT" time="1.040" errors="0">
  <testcase name="get_customer_details" time="1.040" classname="TestCases.Get_Customer_Details"/>
</testsuite> <!-- TestCases.Get_Customer_Details -->
