<?xml version="1.0" encoding="UTF-8"?>
<!-- Generated by org.testng.reporters.JUnitReportReporter -->
<testsuite skipped="0" hostname="gurenderkush" name="TestCases.Get_Whitelist_TC" tests="19" failures="0" timestamp="09 Aug 2021 07:46:30 GMT" time="14.656" errors="0">
  <testcase name="Get_Whitelist" time="0.435" classname="TestCases.Get_Whitelist_TC"/>
  <testcase name="Get_Whitelist" time="0.972" classname="TestCases.Get_Whitelist_TC"/>
  <testcase name="Get_Whitelist" time="0.827" classname="TestCases.Get_Whitelist_TC"/>
  <testcase name="Get_Whitelist" time="0.714" classname="TestCases.Get_Whitelist_TC"/>
  <testcase name="Get_Whitelist" time="1.075" classname="TestCases.Get_Whitelist_TC"/>
  <testcase name="Get_Whitelist" time="0.585" classname="TestCases.Get_Whitelist_TC"/>
  <testcase name="Get_Whitelist" time="0.709" classname="TestCases.Get_Whitelist_TC"/>
  <testcase name="Get_Whitelist" time="0.772" classname="TestCases.Get_Whitelist_TC"/>
  <testcase name="Get_Whitelist" time="0.533" classname="TestCases.Get_Whitelist_TC"/>
  <testcase name="Get_Whitelist" time="0.743" classname="TestCases.Get_Whitelist_TC"/>
  <testcase name="Get_Whitelist" time="1.162" classname="TestCases.Get_Whitelist_TC"/>
  <testcase name="Get_Whitelist" time="0.670" classname="TestCases.Get_Whitelist_TC"/>
  <testcase name="Get_Whitelist" time="0.972" classname="TestCases.Get_Whitelist_TC"/>
  <testcase name="Get_Whitelist" time="1.002" classname="TestCases.Get_Whitelist_TC"/>
  <testcase name="Get_Whitelist" time="0.709" classname="TestCases.Get_Whitelist_TC"/>
  <testcase name="Get_Whitelist" time="0.854" classname="TestCases.Get_Whitelist_TC"/>
  <testcase name="Get_Whitelist" time="0.533" classname="TestCases.Get_Whitelist_TC"/>
  <testcase name="Get_Whitelist" time="0.490" classname="TestCases.Get_Whitelist_TC"/>
  <testcase name="Get_Whitelist" time="0.899" classname="TestCases.Get_Whitelist_TC"/>
</testsuite> <!-- TestCases.Get_Whitelist_TC -->
