<?xml version="1.0" encoding="UTF-8"?>
<!-- Generated by org.testng.reporters.JUnitReportReporter -->
<testsuite hostname="nehajha" failures="0" tests="1" name="TestCases.Model_Hero_Image_API_TC" time="231.625" errors="0" timestamp="17 Mar 2021 14:19:41 GMT" skipped="0">
  <testcase classname="TestCases.Model_Hero_Image_API_TC" name="car_basison_ranking" time="231.625"/>
</testsuite> <!-- TestCases.Model_Hero_Image_API_TC -->
