<?xml version="1.0" encoding="UTF-8"?>
<!-- Generated by org.testng.reporters.JUnitReportReporter -->
<testsuite skipped="0" hostname="gurenderkush" name="TestCases.Get_Whitelist_TC" tests="19" failures="0" timestamp="17 Dec 2021 16:11:16 GMT" time="21.403" errors="0">
  <testcase name="Get_Whitelist" time="6.231" classname="TestCases.Get_Whitelist_TC"/>
  <testcase name="Get_Whitelist" time="0.653" classname="TestCases.Get_Whitelist_TC"/>
  <testcase name="Get_Whitelist" time="0.801" classname="TestCases.Get_Whitelist_TC"/>
  <testcase name="Get_Whitelist" time="0.675" classname="TestCases.Get_Whitelist_TC"/>
  <testcase name="Get_Whitelist" time="0.737" classname="TestCases.Get_Whitelist_TC"/>
  <testcase name="Get_Whitelist" time="0.686" classname="TestCases.Get_Whitelist_TC"/>
  <testcase name="Get_Whitelist" time="0.639" classname="TestCases.Get_Whitelist_TC"/>
  <testcase name="Get_Whitelist" time="0.765" classname="TestCases.Get_Whitelist_TC"/>
  <testcase name="Get_Whitelist" time="1.525" classname="TestCases.Get_Whitelist_TC"/>
  <testcase name="Get_Whitelist" time="0.714" classname="TestCases.Get_Whitelist_TC"/>
  <testcase name="Get_Whitelist" time="0.593" classname="TestCases.Get_Whitelist_TC"/>
  <testcase name="Get_Whitelist" time="0.698" classname="TestCases.Get_Whitelist_TC"/>
  <testcase name="Get_Whitelist" time="0.670" classname="TestCases.Get_Whitelist_TC"/>
  <testcase name="Get_Whitelist" time="0.866" classname="TestCases.Get_Whitelist_TC"/>
  <testcase name="Get_Whitelist" time="0.650" classname="TestCases.Get_Whitelist_TC"/>
  <testcase name="Get_Whitelist" time="0.849" classname="TestCases.Get_Whitelist_TC"/>
  <testcase name="Get_Whitelist" time="1.733" classname="TestCases.Get_Whitelist_TC"/>
  <testcase name="Get_Whitelist" time="0.903" classname="TestCases.Get_Whitelist_TC"/>
  <testcase name="Get_Whitelist" time="1.015" classname="TestCases.Get_Whitelist_TC"/>
</testsuite> <!-- TestCases.Get_Whitelist_TC -->
