<?xml version="1.0" encoding="UTF-8"?>
<!-- Generated by org.testng.reporters.JUnitReportReporter -->
<testsuite hostname="IN-6L680F3" failures="0" tests="1" name="TestCases.Service_details_TC" time="429.320" errors="0" timestamp="30 Nov 2022 08:13:03 GMT" skipped="0">
  <testcase classname="TestCases.Service_details_TC" name="service_details" time="429.320"/>
</testsuite> <!-- TestCases.Service_details_TC -->
