<?xml version="1.0" encoding="UTF-8"?>
<!-- Generated by org.testng.reporters.JUnitReportReporter -->
<testsuite hostname="IN-6L680F3" failures="0" tests="1" name="TestCases.CRM_Customer_sc_TC" time="12.556" errors="0" timestamp="11 Nov 2022 04:08:56 GMT" skipped="0">
  <testcase classname="TestCases.CRM_Customer_sc_TC" name="customer_details_sc" time="12.556"/>
</testsuite> <!-- TestCases.CRM_Customer_sc_TC -->
