<?xml version="1.0" encoding="UTF-8"?>
<!-- Generated by org.testng.reporters.JUnitReportReporter -->
<testsuite hostname="IN-6L680F3" failures="0" tests="125" name="TestCases.Extended_Warranty" time="386.463" errors="0" timestamp="12 Oct 2022 09:38:35 GMT" skipped="0">
  <testcase classname="TestCases.Extended_Warranty" name="extended_warranty" time="3.628"/>
  <testcase classname="TestCases.Extended_Warranty" name="extended_warranty" time="3.870"/>
  <testcase classname="TestCases.Extended_Warranty" name="extended_warranty" time="3.736"/>
  <testcase classname="TestCases.Extended_Warranty" name="extended_warranty" time="5.902"/>
  <testcase classname="TestCases.Extended_Warranty" name="extended_warranty" time="2.196"/>
  <testcase classname="TestCases.Extended_Warranty" name="extended_warranty" time="2.428"/>
  <testcase classname="TestCases.Extended_Warranty" name="extended_warranty" time="2.047"/>
  <testcase classname="TestCases.Extended_Warranty" name="extended_warranty" time="2.184"/>
  <testcase classname="TestCases.Extended_Warranty" name="extended_warranty" time="2.991"/>
  <testcase classname="TestCases.Extended_Warranty" name="extended_warranty" time="3.438"/>
  <testcase classname="TestCases.Extended_Warranty" name="extended_warranty" time="2.090"/>
  <testcase classname="TestCases.Extended_Warranty" name="extended_warranty" time="2.156"/>
  <testcase classname="TestCases.Extended_Warranty" name="extended_warranty" time="3.706"/>
  <testcase classname="TestCases.Extended_Warranty" name="extended_warranty" time="3.559"/>
  <testcase classname="TestCases.Extended_Warranty" name="extended_warranty" time="4.016"/>
  <testcase classname="TestCases.Extended_Warranty" name="extended_warranty" time="2.160"/>
  <testcase classname="TestCases.Extended_Warranty" name="extended_warranty" time="2.166"/>
  <testcase classname="TestCases.Extended_Warranty" name="extended_warranty" time="2.142"/>
  <testcase classname="TestCases.Extended_Warranty" name="extended_warranty" time="3.541"/>
  <testcase classname="TestCases.Extended_Warranty" name="extended_warranty" time="2.305"/>
  <testcase classname="TestCases.Extended_Warranty" name="extended_warranty" time="3.633"/>
  <testcase classname="TestCases.Extended_Warranty" name="extended_warranty" time="3.216"/>
  <testcase classname="TestCases.Extended_Warranty" name="extended_warranty" time="2.188"/>
  <testcase classname="TestCases.Extended_Warranty" name="extended_warranty" time="2.187"/>
  <testcase classname="TestCases.Extended_Warranty" name="extended_warranty" time="2.063"/>
  <testcase classname="TestCases.Extended_Warranty" name="extended_warranty" time="3.777"/>
  <testcase classname="TestCases.Extended_Warranty" name="extended_warranty" time="3.683"/>
  <testcase classname="TestCases.Extended_Warranty" name="extended_warranty" time="2.126"/>
  <testcase classname="TestCases.Extended_Warranty" name="extended_warranty" time="3.265"/>
  <testcase classname="TestCases.Extended_Warranty" name="extended_warranty" time="2.139"/>
  <testcase classname="TestCases.Extended_Warranty" name="extended_warranty" time="2.074"/>
  <testcase classname="TestCases.Extended_Warranty" name="extended_warranty" time="3.574"/>
  <testcase classname="TestCases.Extended_Warranty" name="extended_warranty" time="3.819"/>
  <testcase classname="TestCases.Extended_Warranty" name="extended_warranty" time="2.201"/>
  <testcase classname="TestCases.Extended_Warranty" name="extended_warranty" time="3.543"/>
  <testcase classname="TestCases.Extended_Warranty" name="extended_warranty" time="3.884"/>
  <testcase classname="TestCases.Extended_Warranty" name="extended_warranty" time="3.630"/>
  <testcase classname="TestCases.Extended_Warranty" name="extended_warranty" time="5.057"/>
  <testcase classname="TestCases.Extended_Warranty" name="extended_warranty" time="4.119"/>
  <testcase classname="TestCases.Extended_Warranty" name="extended_warranty" time="3.839"/>
  <testcase classname="TestCases.Extended_Warranty" name="extended_warranty" time="3.676"/>
  <testcase classname="TestCases.Extended_Warranty" name="extended_warranty" time="3.350"/>
  <testcase classname="TestCases.Extended_Warranty" name="extended_warranty" time="3.031"/>
  <testcase classname="TestCases.Extended_Warranty" name="extended_warranty" time="3.792"/>
  <testcase classname="TestCases.Extended_Warranty" name="extended_warranty" time="2.123"/>
  <testcase classname="TestCases.Extended_Warranty" name="extended_warranty" time="3.503"/>
  <testcase classname="TestCases.Extended_Warranty" name="extended_warranty" time="2.097"/>
  <testcase classname="TestCases.Extended_Warranty" name="extended_warranty" time="3.829"/>
  <testcase classname="TestCases.Extended_Warranty" name="extended_warranty" time="2.142"/>
  <testcase classname="TestCases.Extended_Warranty" name="extended_warranty" time="2.307"/>
  <testcase classname="TestCases.Extended_Warranty" name="extended_warranty" time="3.904"/>
  <testcase classname="TestCases.Extended_Warranty" name="extended_warranty" time="4.551"/>
  <testcase classname="TestCases.Extended_Warranty" name="extended_warranty" time="3.732"/>
  <testcase classname="TestCases.Extended_Warranty" name="extended_warranty" time="3.696"/>
  <testcase classname="TestCases.Extended_Warranty" name="extended_warranty" time="2.204"/>
  <testcase classname="TestCases.Extended_Warranty" name="extended_warranty" time="3.623"/>
  <testcase classname="TestCases.Extended_Warranty" name="extended_warranty" time="3.485"/>
  <testcase classname="TestCases.Extended_Warranty" name="extended_warranty" time="4.115"/>
  <testcase classname="TestCases.Extended_Warranty" name="extended_warranty" time="3.626"/>
  <testcase classname="TestCases.Extended_Warranty" name="extended_warranty" time="3.121"/>
  <testcase classname="TestCases.Extended_Warranty" name="extended_warranty" time="2.145"/>
  <testcase classname="TestCases.Extended_Warranty" name="extended_warranty" time="2.084"/>
  <testcase classname="TestCases.Extended_Warranty" name="extended_warranty" time="2.176"/>
  <testcase classname="TestCases.Extended_Warranty" name="extended_warranty" time="3.587"/>
  <testcase classname="TestCases.Extended_Warranty" name="extended_warranty" time="3.704"/>
  <testcase classname="TestCases.Extended_Warranty" name="extended_warranty" time="2.250"/>
  <testcase classname="TestCases.Extended_Warranty" name="extended_warranty" time="2.112"/>
  <testcase classname="TestCases.Extended_Warranty" name="extended_warranty" time="3.965"/>
  <testcase classname="TestCases.Extended_Warranty" name="extended_warranty" time="3.838"/>
  <testcase classname="TestCases.Extended_Warranty" name="extended_warranty" time="4.320"/>
  <testcase classname="TestCases.Extended_Warranty" name="extended_warranty" time="2.280"/>
  <testcase classname="TestCases.Extended_Warranty" name="extended_warranty" time="3.671"/>
  <testcase classname="TestCases.Extended_Warranty" name="extended_warranty" time="3.496"/>
  <testcase classname="TestCases.Extended_Warranty" name="extended_warranty" time="2.182"/>
  <testcase classname="TestCases.Extended_Warranty" name="extended_warranty" time="2.138"/>
  <testcase classname="TestCases.Extended_Warranty" name="extended_warranty" time="3.162"/>
  <testcase classname="TestCases.Extended_Warranty" name="extended_warranty" time="2.086"/>
  <testcase classname="TestCases.Extended_Warranty" name="extended_warranty" time="2.052"/>
  <testcase classname="TestCases.Extended_Warranty" name="extended_warranty" time="3.813"/>
  <testcase classname="TestCases.Extended_Warranty" name="extended_warranty" time="2.581"/>
  <testcase classname="TestCases.Extended_Warranty" name="extended_warranty" time="4.179"/>
  <testcase classname="TestCases.Extended_Warranty" name="extended_warranty" time="2.147"/>
  <testcase classname="TestCases.Extended_Warranty" name="extended_warranty" time="4.002"/>
  <testcase classname="TestCases.Extended_Warranty" name="extended_warranty" time="2.248"/>
  <testcase classname="TestCases.Extended_Warranty" name="extended_warranty" time="2.969"/>
  <testcase classname="TestCases.Extended_Warranty" name="extended_warranty" time="3.697"/>
  <testcase classname="TestCases.Extended_Warranty" name="extended_warranty" time="2.120"/>
  <testcase classname="TestCases.Extended_Warranty" name="extended_warranty" time="3.610"/>
  <testcase classname="TestCases.Extended_Warranty" name="extended_warranty" time="2.154"/>
  <testcase classname="TestCases.Extended_Warranty" name="extended_warranty" time="4.988"/>
  <testcase classname="TestCases.Extended_Warranty" name="extended_warranty" time="3.424"/>
  <testcase classname="TestCases.Extended_Warranty" name="extended_warranty" time="3.820"/>
  <testcase classname="TestCases.Extended_Warranty" name="extended_warranty" time="3.650"/>
  <testcase classname="TestCases.Extended_Warranty" name="extended_warranty" time="2.194"/>
  <testcase classname="TestCases.Extended_Warranty" name="extended_warranty" time="3.994"/>
  <testcase classname="TestCases.Extended_Warranty" name="extended_warranty" time="2.085"/>
  <testcase classname="TestCases.Extended_Warranty" name="extended_warranty" time="3.780"/>
  <testcase classname="TestCases.Extended_Warranty" name="extended_warranty" time="2.135"/>
  <testcase classname="TestCases.Extended_Warranty" name="extended_warranty" time="4.151"/>
  <testcase classname="TestCases.Extended_Warranty" name="extended_warranty" time="4.075"/>
  <testcase classname="TestCases.Extended_Warranty" name="extended_warranty" time="3.612"/>
  <testcase classname="TestCases.Extended_Warranty" name="extended_warranty" time="2.097"/>
  <testcase classname="TestCases.Extended_Warranty" name="extended_warranty" time="3.508"/>
  <testcase classname="TestCases.Extended_Warranty" name="extended_warranty" time="3.592"/>
  <testcase classname="TestCases.Extended_Warranty" name="extended_warranty" time="2.096"/>
  <testcase classname="TestCases.Extended_Warranty" name="extended_warranty" time="3.970"/>
  <testcase classname="TestCases.Extended_Warranty" name="extended_warranty" time="2.387"/>
  <testcase classname="TestCases.Extended_Warranty" name="extended_warranty" time="2.128"/>
  <testcase classname="TestCases.Extended_Warranty" name="extended_warranty" time="2.102"/>
  <testcase classname="TestCases.Extended_Warranty" name="extended_warranty" time="2.136"/>
  <testcase classname="TestCases.Extended_Warranty" name="extended_warranty" time="3.397"/>
  <testcase classname="TestCases.Extended_Warranty" name="extended_warranty" time="2.189"/>
  <testcase classname="TestCases.Extended_Warranty" name="extended_warranty" time="2.154"/>
  <testcase classname="TestCases.Extended_Warranty" name="extended_warranty" time="1.933"/>
  <testcase classname="TestCases.Extended_Warranty" name="extended_warranty" time="3.698"/>
  <testcase classname="TestCases.Extended_Warranty" name="extended_warranty" time="4.103"/>
  <testcase classname="TestCases.Extended_Warranty" name="extended_warranty" time="2.300"/>
  <testcase classname="TestCases.Extended_Warranty" name="extended_warranty" time="2.920"/>
  <testcase classname="TestCases.Extended_Warranty" name="extended_warranty" time="3.809"/>
  <testcase classname="TestCases.Extended_Warranty" name="extended_warranty" time="2.125"/>
  <testcase classname="TestCases.Extended_Warranty" name="extended_warranty" time="3.734"/>
  <testcase classname="TestCases.Extended_Warranty" name="extended_warranty" time="3.714"/>
  <testcase classname="TestCases.Extended_Warranty" name="extended_warranty" time="2.053"/>
  <testcase classname="TestCases.Extended_Warranty" name="extended_warranty" time="4.226"/>
  <testcase classname="TestCases.Extended_Warranty" name="extended_warranty" time="3.231"/>
</testsuite> <!-- TestCases.Extended_Warranty -->
