<?xml version="1.0" encoding="UTF-8"?>
<!-- Generated by org.testng.reporters.JUnitReportReporter -->
<testsuite skipped="0" hostname="gurenderkush" name="TestCases.CustomerAddressGet" tests="1" failures="0" timestamp="09 Aug 2021 07:46:30 GMT" time="1.234" errors="0">
  <testcase name="get_customer_address" time="1.234" classname="TestCases.CustomerAddressGet"/>
</testsuite> <!-- TestCases.CustomerAddressGet -->
