<?xml version="1.0" encoding="UTF-8"?>
<!-- Generated by org.testng.reporters.JUnitReportReporter -->
<testsuite skipped="0" hostname="gurenderkush" name="TestCases.Leasing_Partner_Ranking" tests="1" failures="0" timestamp="09 Aug 2021 07:46:30 GMT" time="1.755" errors="0">
  <testcase name="leasing_ranking" time="1.755" classname="TestCases.Leasing_Partner_Ranking"/>
</testsuite> <!-- TestCases.Leasing_Partner_Ranking -->
