<?xml version="1.0" encoding="UTF-8"?>
<!-- Generated by org.testng.reporters.JUnitReportReporter -->
<testsuite skipped="0" hostname="gurenderkush" name="TestCases.GetCustomerByUUIDAndOccupationId" tests="1" failures="0" timestamp="31 Mar 2021 08:57:40 GMT" time="1.794" errors="0">
  <testcase name="get_customer_occupation_UUID_ID" time="1.794" classname="TestCases.GetCustomerByUUIDAndOccupationId"/>
</testsuite> <!-- TestCases.GetCustomerByUUIDAndOccupationId -->
