<?xml version="1.0" encoding="UTF-8"?>
<!-- Generated by org.testng.reporters.JUnitReportReporter -->
<testsuite skipped="0" hostname="gurenderkush" name="TestCases.generateToken" tests="1" failures="0" timestamp="26 Feb 2021 12:08:34 GMT" time="5.155" errors="0">
  <testcase name="gen_auth_token" time="5.155" classname="TestCases.generateToken"/>
</testsuite> <!-- TestCases.generateToken -->
