<?xml version="1.0" encoding="UTF-8"?>
<!-- Generated by org.testng.reporters.JUnitReportReporter -->
<testsuite skipped="0" hostname="gurenderkush" name="TestCases.Send_OTP" tests="1" failures="0" timestamp="15 Mar 2021 06:13:18 GMT" time="3.071" errors="0">
  <testcase name="s_otp" time="3.071" classname="TestCases.Send_OTP"/>
</testsuite> <!-- TestCases.Send_OTP -->
