<?xml version="1.0" encoding="UTF-8"?>
<!-- Generated by org.testng.reporters.JUnitReportReporter -->
<testsuite hostname="IN-6L680F3" failures="0" tests="1" name="TestCases.crm_customer_cards_TC" time="20.615" errors="0" timestamp="10 Nov 2022 06:47:03 GMT" skipped="0">
  <testcase classname="TestCases.crm_customer_cards_TC" name="customer_cards_svoc" time="20.615"/>
</testsuite> <!-- TestCases.crm_customer_cards_TC -->
