<?xml version="1.0" encoding="UTF-8"?>
<!-- Generated by org.testng.reporters.JUnitReportReporter -->
<testsuite skipped="0" hostname="gurenderkush" name="TestCases.Leasing_Partner_Ranking" tests="1" failures="0" timestamp="21 Sep 2021 15:12:40 GMT" time="1.760" errors="0">
  <testcase name="leasing_ranking" time="1.760" classname="TestCases.Leasing_Partner_Ranking"/>
</testsuite> <!-- TestCases.Leasing_Partner_Ranking -->
