<?xml version="1.0" encoding="UTF-8"?>
<!-- Generated by org.testng.reporters.JUnitReportReporter -->
<testsuite skipped="0" hostname="gurenderkush" name="TestCases.verify_vehicle_List_TC" tests="2" failures="0" timestamp="06 Apr 2021 09:45:30 GMT" time="2.746" errors="0">
  <testcase name="verify_list" time="1.354" classname="TestCases.verify_vehicle_List_TC"/>
  <testcase name="verify_list_city_invalid" time="1.392" classname="TestCases.verify_vehicle_List_TC"/>
</testsuite> <!-- TestCases.verify_vehicle_List_TC -->
