<?xml version="1.0" encoding="UTF-8"?>
<!-- Generated by org.testng.reporters.JUnitReportReporter -->
<testsuite skipped="0" hostname="gurenderkush" name="TestCases.UpdateCustomerAddress" tests="1" failures="0" timestamp="09 Aug 2021 07:46:30 GMT" time="0.756" errors="0">
  <testcase name="update_customer_address" time="0.756" classname="TestCases.UpdateCustomerAddress"/>
</testsuite> <!-- TestCases.UpdateCustomerAddress -->
