<?xml version="1.0" encoding="UTF-8"?>
<!-- Generated by org.testng.reporters.JUnitReportReporter -->
<testsuite skipped="0" hostname="gurenderkush" name="TestCases.Car_Model_Ranking" tests="14" failures="0" timestamp="09 Aug 2021 07:46:30 GMT" time="24.346" errors="0">
  <testcase name="car_basison_ranking" time="1.997" classname="TestCases.Car_Model_Ranking"/>
  <testcase name="car_basison_ranking" time="1.958" classname="TestCases.Car_Model_Ranking"/>
  <testcase name="car_basison_ranking" time="1.645" classname="TestCases.Car_Model_Ranking"/>
  <testcase name="car_basison_ranking" time="1.431" classname="TestCases.Car_Model_Ranking"/>
  <testcase name="car_basison_ranking" time="1.627" classname="TestCases.Car_Model_Ranking"/>
  <testcase name="car_basison_ranking" time="1.516" classname="TestCases.Car_Model_Ranking"/>
  <testcase name="car_basison_ranking" time="1.998" classname="TestCases.Car_Model_Ranking"/>
  <testcase name="car_basison_ranking" time="1.996" classname="TestCases.Car_Model_Ranking"/>
  <testcase name="car_basison_ranking" time="1.614" classname="TestCases.Car_Model_Ranking"/>
  <testcase name="car_basison_ranking" time="1.534" classname="TestCases.Car_Model_Ranking"/>
  <testcase name="car_basison_ranking" time="1.726" classname="TestCases.Car_Model_Ranking"/>
  <testcase name="car_basison_ranking" time="1.841" classname="TestCases.Car_Model_Ranking"/>
  <testcase name="car_basison_ranking" time="1.868" classname="TestCases.Car_Model_Ranking"/>
  <testcase name="car_basison_ranking" time="1.595" classname="TestCases.Car_Model_Ranking"/>
</testsuite> <!-- TestCases.Car_Model_Ranking -->
