<?xml version="1.0" encoding="UTF-8"?>
<!-- Generated by org.testng.reporters.JUnitReportReporter -->
<testsuite hostname="IN-6L680F3" failures="0" tests="1" name="TestCases.crm_svoc_customer_history_TC" time="15.125" errors="0" timestamp="11 Nov 2022 02:31:41 GMT" skipped="0">
  <testcase classname="TestCases.crm_svoc_customer_history_TC" name="customer_history_svoc" time="15.125"/>
</testsuite> <!-- TestCases.crm_svoc_customer_history_TC -->
