<?xml version="1.0" encoding="UTF-8"?>
<!-- Generated by org.testng.reporters.JUnitReportReporter -->
<testsuite hostname="nehajha" failures="0" tests="1" name="TestCases.Vehicle_List_API_new_TC" time="0.391" errors="0" timestamp="26 Mar 2021 05:30:51 GMT" skipped="0">
  <testcase classname="TestCases.Vehicle_List_API_new_TC" name="Whitelist_Ref_ishybrid" time="0.391"/>
</testsuite> <!-- TestCases.Vehicle_List_API_new_TC -->
