<?xml version="1.0" encoding="UTF-8"?>
<!-- Generated by org.testng.reporters.JUnitReportReporter -->
<testsuite skipped="0" hostname="gurenderkush" name="TestCases.Customer_Update" tests="3" failures="0" timestamp="09 Aug 2021 07:46:30 GMT" time="1.533" errors="0">
  <testcase name="invalid_customer_update" time="0.438" classname="TestCases.Customer_Update"/>
  <testcase name="customer_Update" time="0.604" classname="TestCases.Customer_Update"/>
  <testcase name="customer_Update" time="0.491" classname="TestCases.Customer_Update"/>
</testsuite> <!-- TestCases.Customer_Update -->
