<?xml version="1.0" encoding="UTF-8"?>
<!-- Generated by org.testng.reporters.JUnitReportReporter -->
<testsuite skipped="0" hostname="gurenderkush" name="TestCases.Model_Hero_Image_API_TC" tests="14" failures="0" timestamp="09 Aug 2021 07:46:30 GMT" time="6.456" errors="0">
  <testcase name="car_basison_ranking" time="0.382" classname="TestCases.Model_Hero_Image_API_TC"/>
  <testcase name="car_basison_ranking" time="0.488" classname="TestCases.Model_Hero_Image_API_TC"/>
  <testcase name="car_basison_ranking" time="0.692" classname="TestCases.Model_Hero_Image_API_TC"/>
  <testcase name="car_basison_ranking" time="0.408" classname="TestCases.Model_Hero_Image_API_TC"/>
  <testcase name="car_basison_ranking" time="0.406" classname="TestCases.Model_Hero_Image_API_TC"/>
  <testcase name="car_basison_ranking" time="0.407" classname="TestCases.Model_Hero_Image_API_TC"/>
  <testcase name="car_basison_ranking" time="0.441" classname="TestCases.Model_Hero_Image_API_TC"/>
  <testcase name="car_basison_ranking" time="0.686" classname="TestCases.Model_Hero_Image_API_TC"/>
  <testcase name="car_basison_ranking" time="0.402" classname="TestCases.Model_Hero_Image_API_TC"/>
  <testcase name="car_basison_ranking" time="0.469" classname="TestCases.Model_Hero_Image_API_TC"/>
  <testcase name="car_basison_ranking" time="0.430" classname="TestCases.Model_Hero_Image_API_TC"/>
  <testcase name="car_basison_ranking" time="0.433" classname="TestCases.Model_Hero_Image_API_TC"/>
  <testcase name="car_basison_ranking" time="0.411" classname="TestCases.Model_Hero_Image_API_TC"/>
  <testcase name="car_basison_ranking" time="0.401" classname="TestCases.Model_Hero_Image_API_TC"/>
</testsuite> <!-- TestCases.Model_Hero_Image_API_TC -->
