<?xml version="1.0" encoding="UTF-8"?>
<!-- Generated by org.testng.reporters.JUnitReportReporter -->
<testsuite hostname="IN-6L680F3" failures="0" tests="125" name="TestCases.Extended_Warranty_mule_TC" time="333.661" errors="0" timestamp="12 Oct 2022 15:39:51 GMT" skipped="0">
  <testcase classname="TestCases.Extended_Warranty_mule_TC" name="extended_warranty_mule" time="2.665"/>
  <testcase classname="TestCases.Extended_Warranty_mule_TC" name="extended_warranty_mule" time="2.523"/>
  <testcase classname="TestCases.Extended_Warranty_mule_TC" name="extended_warranty_mule" time="2.754"/>
  <testcase classname="TestCases.Extended_Warranty_mule_TC" name="extended_warranty_mule" time="2.488"/>
  <testcase classname="TestCases.Extended_Warranty_mule_TC" name="extended_warranty_mule" time="2.556"/>
  <testcase classname="TestCases.Extended_Warranty_mule_TC" name="extended_warranty_mule" time="2.394"/>
  <testcase classname="TestCases.Extended_Warranty_mule_TC" name="extended_warranty_mule" time="2.484"/>
  <testcase classname="TestCases.Extended_Warranty_mule_TC" name="extended_warranty_mule" time="3.781"/>
  <testcase classname="TestCases.Extended_Warranty_mule_TC" name="extended_warranty_mule" time="2.561"/>
  <testcase classname="TestCases.Extended_Warranty_mule_TC" name="extended_warranty_mule" time="2.433"/>
  <testcase classname="TestCases.Extended_Warranty_mule_TC" name="extended_warranty_mule" time="2.463"/>
  <testcase classname="TestCases.Extended_Warranty_mule_TC" name="extended_warranty_mule" time="2.665"/>
  <testcase classname="TestCases.Extended_Warranty_mule_TC" name="extended_warranty_mule" time="4.160"/>
  <testcase classname="TestCases.Extended_Warranty_mule_TC" name="extended_warranty_mule" time="2.453"/>
  <testcase classname="TestCases.Extended_Warranty_mule_TC" name="extended_warranty_mule" time="2.573"/>
  <testcase classname="TestCases.Extended_Warranty_mule_TC" name="extended_warranty_mule" time="2.521"/>
  <testcase classname="TestCases.Extended_Warranty_mule_TC" name="extended_warranty_mule" time="2.407"/>
  <testcase classname="TestCases.Extended_Warranty_mule_TC" name="extended_warranty_mule" time="2.668"/>
  <testcase classname="TestCases.Extended_Warranty_mule_TC" name="extended_warranty_mule" time="2.580"/>
  <testcase classname="TestCases.Extended_Warranty_mule_TC" name="extended_warranty_mule" time="2.598"/>
  <testcase classname="TestCases.Extended_Warranty_mule_TC" name="extended_warranty_mule" time="2.488"/>
  <testcase classname="TestCases.Extended_Warranty_mule_TC" name="extended_warranty_mule" time="2.558"/>
  <testcase classname="TestCases.Extended_Warranty_mule_TC" name="extended_warranty_mule" time="2.546"/>
  <testcase classname="TestCases.Extended_Warranty_mule_TC" name="extended_warranty_mule" time="2.596"/>
  <testcase classname="TestCases.Extended_Warranty_mule_TC" name="extended_warranty_mule" time="2.513"/>
  <testcase classname="TestCases.Extended_Warranty_mule_TC" name="extended_warranty_mule" time="2.587"/>
  <testcase classname="TestCases.Extended_Warranty_mule_TC" name="extended_warranty_mule" time="2.615"/>
  <testcase classname="TestCases.Extended_Warranty_mule_TC" name="extended_warranty_mule" time="2.442"/>
  <testcase classname="TestCases.Extended_Warranty_mule_TC" name="extended_warranty_mule" time="2.519"/>
  <testcase classname="TestCases.Extended_Warranty_mule_TC" name="extended_warranty_mule" time="2.446"/>
  <testcase classname="TestCases.Extended_Warranty_mule_TC" name="extended_warranty_mule" time="2.578"/>
  <testcase classname="TestCases.Extended_Warranty_mule_TC" name="extended_warranty_mule" time="2.495"/>
  <testcase classname="TestCases.Extended_Warranty_mule_TC" name="extended_warranty_mule" time="2.553"/>
  <testcase classname="TestCases.Extended_Warranty_mule_TC" name="extended_warranty_mule" time="2.342"/>
  <testcase classname="TestCases.Extended_Warranty_mule_TC" name="extended_warranty_mule" time="0.531"/>
  <testcase classname="TestCases.Extended_Warranty_mule_TC" name="extended_warranty_mule" time="2.505"/>
  <testcase classname="TestCases.Extended_Warranty_mule_TC" name="extended_warranty_mule" time="2.702"/>
  <testcase classname="TestCases.Extended_Warranty_mule_TC" name="extended_warranty_mule" time="2.426"/>
  <testcase classname="TestCases.Extended_Warranty_mule_TC" name="extended_warranty_mule" time="2.482"/>
  <testcase classname="TestCases.Extended_Warranty_mule_TC" name="extended_warranty_mule" time="2.552"/>
  <testcase classname="TestCases.Extended_Warranty_mule_TC" name="extended_warranty_mule" time="2.396"/>
  <testcase classname="TestCases.Extended_Warranty_mule_TC" name="extended_warranty_mule" time="2.401"/>
  <testcase classname="TestCases.Extended_Warranty_mule_TC" name="extended_warranty_mule" time="4.546"/>
  <testcase classname="TestCases.Extended_Warranty_mule_TC" name="extended_warranty_mule" time="2.325"/>
  <testcase classname="TestCases.Extended_Warranty_mule_TC" name="extended_warranty_mule" time="2.633"/>
  <testcase classname="TestCases.Extended_Warranty_mule_TC" name="extended_warranty_mule" time="0.600"/>
  <testcase classname="TestCases.Extended_Warranty_mule_TC" name="extended_warranty_mule" time="2.525"/>
  <testcase classname="TestCases.Extended_Warranty_mule_TC" name="extended_warranty_mule" time="2.392"/>
  <testcase classname="TestCases.Extended_Warranty_mule_TC" name="extended_warranty_mule" time="5.159"/>
  <testcase classname="TestCases.Extended_Warranty_mule_TC" name="extended_warranty_mule" time="2.500"/>
  <testcase classname="TestCases.Extended_Warranty_mule_TC" name="extended_warranty_mule" time="2.542"/>
  <testcase classname="TestCases.Extended_Warranty_mule_TC" name="extended_warranty_mule" time="2.820"/>
  <testcase classname="TestCases.Extended_Warranty_mule_TC" name="extended_warranty_mule" time="2.624"/>
  <testcase classname="TestCases.Extended_Warranty_mule_TC" name="extended_warranty_mule" time="2.555"/>
  <testcase classname="TestCases.Extended_Warranty_mule_TC" name="extended_warranty_mule" time="4.732"/>
  <testcase classname="TestCases.Extended_Warranty_mule_TC" name="extended_warranty_mule" time="2.425"/>
  <testcase classname="TestCases.Extended_Warranty_mule_TC" name="extended_warranty_mule" time="2.423"/>
  <testcase classname="TestCases.Extended_Warranty_mule_TC" name="extended_warranty_mule" time="2.507"/>
  <testcase classname="TestCases.Extended_Warranty_mule_TC" name="extended_warranty_mule" time="4.600"/>
  <testcase classname="TestCases.Extended_Warranty_mule_TC" name="extended_warranty_mule" time="2.461"/>
  <testcase classname="TestCases.Extended_Warranty_mule_TC" name="extended_warranty_mule" time="2.500"/>
  <testcase classname="TestCases.Extended_Warranty_mule_TC" name="extended_warranty_mule" time="2.404"/>
  <testcase classname="TestCases.Extended_Warranty_mule_TC" name="extended_warranty_mule" time="4.232"/>
  <testcase classname="TestCases.Extended_Warranty_mule_TC" name="extended_warranty_mule" time="2.701"/>
  <testcase classname="TestCases.Extended_Warranty_mule_TC" name="extended_warranty_mule" time="2.501"/>
  <testcase classname="TestCases.Extended_Warranty_mule_TC" name="extended_warranty_mule" time="2.627"/>
  <testcase classname="TestCases.Extended_Warranty_mule_TC" name="extended_warranty_mule" time="2.538"/>
  <testcase classname="TestCases.Extended_Warranty_mule_TC" name="extended_warranty_mule" time="2.611"/>
  <testcase classname="TestCases.Extended_Warranty_mule_TC" name="extended_warranty_mule" time="5.839"/>
  <testcase classname="TestCases.Extended_Warranty_mule_TC" name="extended_warranty_mule" time="2.397"/>
  <testcase classname="TestCases.Extended_Warranty_mule_TC" name="extended_warranty_mule" time="0.558"/>
  <testcase classname="TestCases.Extended_Warranty_mule_TC" name="extended_warranty_mule" time="2.682"/>
  <testcase classname="TestCases.Extended_Warranty_mule_TC" name="extended_warranty_mule" time="2.583"/>
  <testcase classname="TestCases.Extended_Warranty_mule_TC" name="extended_warranty_mule" time="3.242"/>
  <testcase classname="TestCases.Extended_Warranty_mule_TC" name="extended_warranty_mule" time="2.395"/>
  <testcase classname="TestCases.Extended_Warranty_mule_TC" name="extended_warranty_mule" time="2.821"/>
  <testcase classname="TestCases.Extended_Warranty_mule_TC" name="extended_warranty_mule" time="2.624"/>
  <testcase classname="TestCases.Extended_Warranty_mule_TC" name="extended_warranty_mule" time="2.460"/>
  <testcase classname="TestCases.Extended_Warranty_mule_TC" name="extended_warranty_mule" time="2.573"/>
  <testcase classname="TestCases.Extended_Warranty_mule_TC" name="extended_warranty_mule" time="2.546"/>
  <testcase classname="TestCases.Extended_Warranty_mule_TC" name="extended_warranty_mule" time="2.472"/>
  <testcase classname="TestCases.Extended_Warranty_mule_TC" name="extended_warranty_mule" time="2.531"/>
  <testcase classname="TestCases.Extended_Warranty_mule_TC" name="extended_warranty_mule" time="2.388"/>
  <testcase classname="TestCases.Extended_Warranty_mule_TC" name="extended_warranty_mule" time="2.457"/>
  <testcase classname="TestCases.Extended_Warranty_mule_TC" name="extended_warranty_mule" time="2.707"/>
  <testcase classname="TestCases.Extended_Warranty_mule_TC" name="extended_warranty_mule" time="2.484"/>
  <testcase classname="TestCases.Extended_Warranty_mule_TC" name="extended_warranty_mule" time="2.458"/>
  <testcase classname="TestCases.Extended_Warranty_mule_TC" name="extended_warranty_mule" time="2.537"/>
  <testcase classname="TestCases.Extended_Warranty_mule_TC" name="extended_warranty_mule" time="2.705"/>
  <testcase classname="TestCases.Extended_Warranty_mule_TC" name="extended_warranty_mule" time="4.458"/>
  <testcase classname="TestCases.Extended_Warranty_mule_TC" name="extended_warranty_mule" time="2.749"/>
  <testcase classname="TestCases.Extended_Warranty_mule_TC" name="extended_warranty_mule" time="2.810"/>
  <testcase classname="TestCases.Extended_Warranty_mule_TC" name="extended_warranty_mule" time="2.508"/>
  <testcase classname="TestCases.Extended_Warranty_mule_TC" name="extended_warranty_mule" time="0.513"/>
  <testcase classname="TestCases.Extended_Warranty_mule_TC" name="extended_warranty_mule" time="2.942"/>
  <testcase classname="TestCases.Extended_Warranty_mule_TC" name="extended_warranty_mule" time="2.672"/>
  <testcase classname="TestCases.Extended_Warranty_mule_TC" name="extended_warranty_mule" time="2.546"/>
  <testcase classname="TestCases.Extended_Warranty_mule_TC" name="extended_warranty_mule" time="0.625"/>
  <testcase classname="TestCases.Extended_Warranty_mule_TC" name="extended_warranty_mule" time="2.508"/>
  <testcase classname="TestCases.Extended_Warranty_mule_TC" name="extended_warranty_mule" time="4.389"/>
  <testcase classname="TestCases.Extended_Warranty_mule_TC" name="extended_warranty_mule" time="2.527"/>
  <testcase classname="TestCases.Extended_Warranty_mule_TC" name="extended_warranty_mule" time="2.709"/>
  <testcase classname="TestCases.Extended_Warranty_mule_TC" name="extended_warranty_mule" time="2.672"/>
  <testcase classname="TestCases.Extended_Warranty_mule_TC" name="extended_warranty_mule" time="2.476"/>
  <testcase classname="TestCases.Extended_Warranty_mule_TC" name="extended_warranty_mule" time="2.492"/>
  <testcase classname="TestCases.Extended_Warranty_mule_TC" name="extended_warranty_mule" time="4.859"/>
  <testcase classname="TestCases.Extended_Warranty_mule_TC" name="extended_warranty_mule" time="2.608"/>
  <testcase classname="TestCases.Extended_Warranty_mule_TC" name="extended_warranty_mule" time="2.574"/>
  <testcase classname="TestCases.Extended_Warranty_mule_TC" name="extended_warranty_mule" time="2.547"/>
  <testcase classname="TestCases.Extended_Warranty_mule_TC" name="extended_warranty_mule" time="2.485"/>
  <testcase classname="TestCases.Extended_Warranty_mule_TC" name="extended_warranty_mule" time="3.720"/>
  <testcase classname="TestCases.Extended_Warranty_mule_TC" name="extended_warranty_mule" time="2.450"/>
  <testcase classname="TestCases.Extended_Warranty_mule_TC" name="extended_warranty_mule" time="2.589"/>
  <testcase classname="TestCases.Extended_Warranty_mule_TC" name="extended_warranty_mule" time="2.775"/>
  <testcase classname="TestCases.Extended_Warranty_mule_TC" name="extended_warranty_mule" time="2.539"/>
  <testcase classname="TestCases.Extended_Warranty_mule_TC" name="extended_warranty_mule" time="2.465"/>
  <testcase classname="TestCases.Extended_Warranty_mule_TC" name="extended_warranty_mule" time="2.530"/>
  <testcase classname="TestCases.Extended_Warranty_mule_TC" name="extended_warranty_mule" time="2.674"/>
  <testcase classname="TestCases.Extended_Warranty_mule_TC" name="extended_warranty_mule" time="2.632"/>
  <testcase classname="TestCases.Extended_Warranty_mule_TC" name="extended_warranty_mule" time="3.040"/>
  <testcase classname="TestCases.Extended_Warranty_mule_TC" name="extended_warranty_mule" time="2.414"/>
  <testcase classname="TestCases.Extended_Warranty_mule_TC" name="extended_warranty_mule" time="2.676"/>
  <testcase classname="TestCases.Extended_Warranty_mule_TC" name="extended_warranty_mule" time="2.444"/>
  <testcase classname="TestCases.Extended_Warranty_mule_TC" name="extended_warranty_mule" time="2.580"/>
  <testcase classname="TestCases.Extended_Warranty_mule_TC" name="extended_warranty_mule" time="2.522"/>
</testsuite> <!-- TestCases.Extended_Warranty_mule_TC -->
