<?xml version="1.0" encoding="UTF-8"?>
<!-- Generated by org.testng.reporters.JUnitReportReporter -->
<testsuite hostname="IN-DB5PTN3" failures="0" tests="5" name="TestCases.Interior1" time="2.935" errors="0" timestamp="10 Aug 2023 07:26:38 GMT" skipped="0">
  <testcase classname="TestCases.Interior1" name="Interior" time="1.722"/>
  <testcase classname="TestCases.Interior1" name="Interior" time="0.237"/>
  <testcase classname="TestCases.Interior1" name="Interior" time="0.262"/>
  <testcase classname="TestCases.Interior1" name="Interior" time="0.302"/>
  <testcase classname="TestCases.Interior1" name="Interior" time="0.412"/>
</testsuite> <!-- TestCases.Interior1 -->
