<?xml version="1.0" encoding="UTF-8"?>
<!-- Generated by org.testng.reporters.JUnitReportReporter -->
<testsuite skipped="0" hostname="gurenderkush" name="TestCases.Customer_Registartion" tests="13" failures="0" timestamp="09 Aug 2021 07:46:30 GMT" time="6.213" errors="0">
  <testcase name="customer_registration" time="0.395" classname="TestCases.Customer_Registartion"/>
  <testcase name="invalid_customer_registration" time="0.471" classname="TestCases.Customer_Registartion"/>
  <testcase name="customer_registration" time="0.679" classname="TestCases.Customer_Registartion"/>
  <testcase name="invalid_customer_registration" time="0.463" classname="TestCases.Customer_Registartion"/>
  <testcase name="customer_registration" time="0.403" classname="TestCases.Customer_Registartion"/>
  <testcase name="invalid_customer_registration" time="0.380" classname="TestCases.Customer_Registartion"/>
  <testcase name="customer_registration" time="0.475" classname="TestCases.Customer_Registartion"/>
  <testcase name="customer_registration" time="0.465" classname="TestCases.Customer_Registartion"/>
  <testcase name="invalid_customer_registration" time="0.452" classname="TestCases.Customer_Registartion"/>
  <testcase name="invalid_customer_registration" time="0.564" classname="TestCases.Customer_Registartion"/>
  <testcase name="customer_registration" time="0.500" classname="TestCases.Customer_Registartion"/>
  <testcase name="invalid_customer_registration" time="0.431" classname="TestCases.Customer_Registartion"/>
  <testcase name="customer_registration" time="0.535" classname="TestCases.Customer_Registartion"/>
</testsuite> <!-- TestCases.Customer_Registartion -->
