<?xml version="1.0" encoding="UTF-8"?>
<!-- Generated by org.testng.reporters.JUnitReportReporter -->
<testsuite skipped="0" hostname="gurenderkush" name="TestCases.Get_Whitelist_TC" tests="19" failures="0" timestamp="21 Sep 2021 15:12:40 GMT" time="9.082" errors="0">
  <testcase name="Get_Whitelist" time="0.424" classname="TestCases.Get_Whitelist_TC"/>
  <testcase name="Get_Whitelist" time="0.450" classname="TestCases.Get_Whitelist_TC"/>
  <testcase name="Get_Whitelist" time="0.518" classname="TestCases.Get_Whitelist_TC"/>
  <testcase name="Get_Whitelist" time="0.444" classname="TestCases.Get_Whitelist_TC"/>
  <testcase name="Get_Whitelist" time="0.475" classname="TestCases.Get_Whitelist_TC"/>
  <testcase name="Get_Whitelist" time="0.580" classname="TestCases.Get_Whitelist_TC"/>
  <testcase name="Get_Whitelist" time="0.437" classname="TestCases.Get_Whitelist_TC"/>
  <testcase name="Get_Whitelist" time="0.482" classname="TestCases.Get_Whitelist_TC"/>
  <testcase name="Get_Whitelist" time="0.489" classname="TestCases.Get_Whitelist_TC"/>
  <testcase name="Get_Whitelist" time="0.464" classname="TestCases.Get_Whitelist_TC"/>
  <testcase name="Get_Whitelist" time="0.478" classname="TestCases.Get_Whitelist_TC"/>
  <testcase name="Get_Whitelist" time="0.418" classname="TestCases.Get_Whitelist_TC"/>
  <testcase name="Get_Whitelist" time="0.400" classname="TestCases.Get_Whitelist_TC"/>
  <testcase name="Get_Whitelist" time="0.466" classname="TestCases.Get_Whitelist_TC"/>
  <testcase name="Get_Whitelist" time="0.442" classname="TestCases.Get_Whitelist_TC"/>
  <testcase name="Get_Whitelist" time="0.504" classname="TestCases.Get_Whitelist_TC"/>
  <testcase name="Get_Whitelist" time="0.413" classname="TestCases.Get_Whitelist_TC"/>
  <testcase name="Get_Whitelist" time="0.696" classname="TestCases.Get_Whitelist_TC"/>
  <testcase name="Get_Whitelist" time="0.502" classname="TestCases.Get_Whitelist_TC"/>
</testsuite> <!-- TestCases.Get_Whitelist_TC -->
