<?xml version="1.0" encoding="UTF-8"?>
<!-- Generated by org.testng.reporters.JUnitReportReporter -->
<testsuite hostname="IN-WLWG17VJXF.alphionsee.in" failures="0" tests="1" name="TestCases.Add_Customer_Address" time="0.000" errors="0" timestamp="14 Apr 2023 06:26:59 GMT" skipped="1">
  <testcase classname="TestCases.Add_Customer_Address" name="add_customer_address" time="0.000">
    <skipped/>
  </testcase> <!-- add_customer_address -->
</testsuite> <!-- TestCases.Add_Customer_Address -->
