<?xml version="1.0" encoding="UTF-8"?>
<!-- Generated by org.testng.reporters.JUnitReportReporter -->
<<<<<<< HEAD
<testsuite hostname="nehajha" failures="0" tests="1" name="TestCases.Send_OTP" time="3.034" errors="0" timestamp="31 Mar 2021 07:55:27 GMT" skipped="0">
  <testcase classname="TestCases.Send_OTP" name="s_otp" time="3.034"/>
=======
<testsuite skipped="0" hostname="gurenderkush" name="TestCases.Send_OTP" tests="1" failures="0" timestamp="31 Mar 2021 08:57:40 GMT" time="3.183" errors="0">
  <testcase name="s_otp" time="3.183" classname="TestCases.Send_OTP"/>
>>>>>>> b628d631e40415390140f5b3575c5d9903f2be13
</testsuite> <!-- TestCases.Send_OTP -->
