<?xml version="1.0" encoding="UTF-8"?>
<!-- Generated by org.testng.reporters.JUnitReportReporter -->
<testsuite skipped="0" hostname="gurenderkush" name="TestCases.generateToken" tests="1" failures="0" timestamp="09 Mar 2021 09:49:58 GMT" time="4.928" errors="0">
  <testcase name="gen_auth_token" time="4.928" classname="TestCases.generateToken"/>
</testsuite> <!-- TestCases.generateToken -->
