<?xml version="1.0" encoding="UTF-8"?>
<!-- Generated by org.testng.reporters.JUnitReportReporter -->
<<<<<<< HEAD
<testsuite hostname="nehajha" failures="0" tests="1" name="TestCases.Leasing_Partner_Ranking" time="0.762" errors="0" timestamp="17 Mar 2021 09:58:26 GMT" skipped="0">
  <testcase classname="TestCases.Leasing_Partner_Ranking" name="leasing_ranking" time="0.762"/>
=======
<testsuite skipped="0" hostname="gurenderkush" name="TestCases.Leasing_Partner_Ranking" tests="1" failures="0" timestamp="16 Mar 2021 11:41:25 GMT" time="1.572" errors="0">
  <testcase name="leasing_ranking" time="1.572" classname="TestCases.Leasing_Partner_Ranking"/>
>>>>>>> b628d631e40415390140f5b3575c5d9903f2be13
</testsuite> <!-- TestCases.Leasing_Partner_Ranking -->
