<?xml version="1.0" encoding="UTF-8"?>
<!-- Generated by org.testng.reporters.JUnitReportReporter -->
<testsuite skipped="0" hostname="gurenderkush" name="TestCases.Customer_Register_Send_Otp" tests="2" failures="0" timestamp="17 Dec 2021 16:11:17 GMT" time="4.706" errors="0">
  <testcase name="invalid_mobile_send_otp" time="0.745" classname="TestCases.Customer_Register_Send_Otp"/>
  <testcase name="customer_regsiter_send_otp" time="3.961" classname="TestCases.Customer_Register_Send_Otp"/>
</testsuite> <!-- TestCases.Customer_Register_Send_Otp -->
