<?xml version="1.0" encoding="UTF-8"?>
<!-- Generated by org.testng.reporters.JUnitReportReporter -->
<testsuite hostname="IN-6L680F3" failures="0" tests="1" name="TestCases.Endorsement_History_Mule_TC" time="12.105" errors="0" timestamp="26 Nov 2022 09:47:46 GMT" skipped="0">
  <testcase classname="TestCases.Endorsement_History_Mule_TC" name="endorsement_history_mule" time="12.105"/>
</testsuite> <!-- TestCases.Endorsement_History_Mule_TC -->
