<?xml version="1.0" encoding="UTF-8"?>
<!-- Generated by org.testng.reporters.JUnitReportReporter -->
<testsuite hostname="nehajha" failures="0" tests="1" name="TestCases.City_Master_Number_Plate_TC" time="0.659" errors="0" timestamp="22 Mar 2021 09:07:09 GMT" skipped="0">
  <testcase classname="TestCases.City_Master_Number_Plate_TC" name="city_master" time="0.659"/>
</testsuite> <!-- TestCases.City_Master_Number_Plate_TC -->
