<?xml version="1.0" encoding="UTF-8"?>
<!-- Generated by org.testng.reporters.JUnitReportReporter -->
<testsuite hostname="vikramprajapati" failures="0" tests="1" name="TestCases.Fectch_Nearest_Dealer" time="3.349" errors="0" timestamp="02 Feb 2022 09:52:41 GMT" skipped="0">
  <testcase classname="TestCases.Fectch_Nearest_Dealer" name="fetch_nearest_dealer" time="3.349"/>
</testsuite> <!-- TestCases.Fectch_Nearest_Dealer -->
