<?xml version="1.0" encoding="UTF-8"?>
<!-- Generated by org.testng.reporters.JUnitReportReporter -->
<testsuite skipped="0" hostname="gurenderkush" name="TestCases.Model_Hero_Image_API_TC" tests="1" failures="0" timestamp="16 Mar 2021 11:41:25 GMT" time="0.762" errors="0">
  <testcase name="car_basison_ranking" time="0.762" classname="TestCases.Model_Hero_Image_API_TC"/>
</testsuite> <!-- TestCases.Model_Hero_Image_API_TC -->
