<?xml version="1.0" encoding="UTF-8"?>
<!-- Generated by org.testng.reporters.JUnitReportReporter -->
<testsuite skipped="0" hostname="gurenderkush" name="TestCases.Customer_Register_Send_Otp" tests="2" failures="0" timestamp="06 Apr 2021 09:45:30 GMT" time="53.658" errors="0">
  <testcase name="customer_regsiter_send_otp" time="52.754" classname="TestCases.Customer_Register_Send_Otp"/>
  <testcase name="invalid_mobile_send_otp" time="0.904" classname="TestCases.Customer_Register_Send_Otp"/>
</testsuite> <!-- TestCases.Customer_Register_Send_Otp -->
