<?xml version="1.0" encoding="UTF-8"?>
<!-- Generated by org.testng.reporters.JUnitReportReporter -->
<testsuite skipped="0" hostname="gurenderkush" name="TestCases.Customer_Exists" tests="4" failures="0" timestamp="09 Aug 2021 07:46:30 GMT" time="2.043" errors="0">
  <testcase name="customer_exists" time="0.572" classname="TestCases.Customer_Exists"/>
  <testcase name="invalid_customer_exists" time="0.457" classname="TestCases.Customer_Exists"/>
  <testcase name="invalid_customer_exists" time="0.478" classname="TestCases.Customer_Exists"/>
  <testcase name="invalid_customer_exists" time="0.536" classname="TestCases.Customer_Exists"/>
</testsuite> <!-- TestCases.Customer_Exists -->
