<?xml version="1.0" encoding="UTF-8"?>
<!-- Generated by org.testng.reporters.JUnitReportReporter -->
<testsuite skipped="0" hostname="gurenderkush" name="TestCases.MSIL_Registration_price" tests="1" failures="0" timestamp="22 Nov 2021 04:22:33 GMT" time="2.175" errors="0">
  <testcase name="msil" time="2.175" classname="TestCases.MSIL_Registration_price"/>
</testsuite> <!-- TestCases.MSIL_Registration_price -->
