<?xml version="1.0" encoding="UTF-8"?>
<!-- Generated by org.testng.reporters.JUnitReportReporter -->
<testsuite skipped="0" hostname="gurenderkush" name="TestCases.All_Master_Generic_API" tests="1" failures="0" timestamp="06 Apr 2021 09:45:30 GMT" time="0.627" errors="0">
  <testcase name="all_master_generic_api" time="0.627" classname="TestCases.All_Master_Generic_API"/>
</testsuite> <!-- TestCases.All_Master_Generic_API -->
