<?xml version="1.0" encoding="UTF-8"?>
<!-- Generated by org.testng.reporters.JUnitReportReporter -->
<testsuite skipped="0" hostname="gurenderkush" name="TestCases.generateToken" tests="1" failures="0" timestamp="04 Mar 2021 07:05:48 GMT" time="2.266" errors="0">
  <testcase name="gen_auth_token" time="2.266" classname="TestCases.generateToken"/>
</testsuite> <!-- TestCases.generateToken -->
