<?xml version="1.0" encoding="UTF-8"?>
<!-- Generated by org.testng.reporters.JUnitReportReporter -->
<testsuite hostname="IN-DB5PTN3" failures="0" tests="5" name="TestCases.EvaluationDetailsByID_TC" time="4.252" errors="0" timestamp="10 Aug 2023 07:38:48 GMT" skipped="0">
  <testcase classname="TestCases.EvaluationDetailsByID_TC" name="EvaluationDetailsByID" time="0.512"/>
  <testcase classname="TestCases.EvaluationDetailsByID_TC" name="EvaluationDetailsByID" time="0.595"/>
  <testcase classname="TestCases.EvaluationDetailsByID_TC" name="EvaluationDetailsByID" time="0.647"/>
  <testcase classname="TestCases.EvaluationDetailsByID_TC" name="EvaluationDetailsByID" time="2.018"/>
  <testcase classname="TestCases.EvaluationDetailsByID_TC" name="EvaluationDetailsByID" time="0.480"/>
</testsuite> <!-- TestCases.EvaluationDetailsByID_TC -->
