<?xml version="1.0" encoding="UTF-8"?>
<!-- Generated by org.testng.reporters.JUnitReportReporter -->
<testsuite hostname="IN-6L680F3" failures="0" tests="1" name="TestCases.CRM_Mgpa_TC" time="272.015" errors="0" timestamp="10 Nov 2022 06:25:53 GMT" skipped="0">
  <testcase classname="TestCases.CRM_Mgpa_TC" name="mgpa" time="272.015"/>
</testsuite> <!-- TestCases.CRM_Mgpa_TC -->
