<?xml version="1.0" encoding="UTF-8"?>
<!-- Generated by org.testng.reporters.JUnitReportReporter -->
<testsuite skipped="0" hostname="gurenderkush" name="TestCases.City_Master_API_TC" tests="23" failures="0" timestamp="21 Sep 2021 15:12:40 GMT" time="9.464" errors="0">
  <testcase name="city_master" time="0.375" classname="TestCases.City_Master_API_TC"/>
  <testcase name="city_master" time="0.345" classname="TestCases.City_Master_API_TC"/>
  <testcase name="city_master" time="0.422" classname="TestCases.City_Master_API_TC"/>
  <testcase name="city_master" time="0.341" classname="TestCases.City_Master_API_TC"/>
  <testcase name="city_master" time="0.472" classname="TestCases.City_Master_API_TC"/>
  <testcase name="city_master" time="0.414" classname="TestCases.City_Master_API_TC"/>
  <testcase name="city_master" time="0.317" classname="TestCases.City_Master_API_TC"/>
  <testcase name="city_master" time="0.341" classname="TestCases.City_Master_API_TC"/>
  <testcase name="city_master" time="0.395" classname="TestCases.City_Master_API_TC"/>
  <testcase name="city_master" time="0.347" classname="TestCases.City_Master_API_TC"/>
  <testcase name="city_master" time="0.361" classname="TestCases.City_Master_API_TC"/>
  <testcase name="city_master" time="0.380" classname="TestCases.City_Master_API_TC"/>
  <testcase name="city_master" time="0.392" classname="TestCases.City_Master_API_TC"/>
  <testcase name="city_master" time="0.403" classname="TestCases.City_Master_API_TC"/>
  <testcase name="city_master" time="0.656" classname="TestCases.City_Master_API_TC"/>
  <testcase name="city_master" time="0.394" classname="TestCases.City_Master_API_TC"/>
  <testcase name="city_master" time="0.385" classname="TestCases.City_Master_API_TC"/>
  <testcase name="city_master" time="0.468" classname="TestCases.City_Master_API_TC"/>
  <testcase name="city_master" time="0.342" classname="TestCases.City_Master_API_TC"/>
  <testcase name="city_master" time="0.403" classname="TestCases.City_Master_API_TC"/>
  <testcase name="city_master" time="0.334" classname="TestCases.City_Master_API_TC"/>
  <testcase name="city_master" time="0.815" classname="TestCases.City_Master_API_TC"/>
  <testcase name="city_master" time="0.362" classname="TestCases.City_Master_API_TC"/>
</testsuite> <!-- TestCases.City_Master_API_TC -->
