<?xml version="1.0" encoding="UTF-8"?>
<!-- Generated by org.testng.reporters.JUnitReportReporter -->
<testsuite skipped="0" hostname="gurenderkush" name="TestCases.Fectch_Nearest_Dealer" tests="2" failures="0" timestamp="15 Mar 2021 06:13:18 GMT" time="29.516" errors="0">
  <testcase name="fetch_nearest_dealer" time="1.177" classname="TestCases.Fectch_Nearest_Dealer"/>
  <testcase name="nearest_dealer_not_found" time="28.339" classname="TestCases.Fectch_Nearest_Dealer"/>
</testsuite> <!-- TestCases.Fectch_Nearest_Dealer -->
