<?xml version="1.0" encoding="UTF-8"?>
<!-- Generated by org.testng.reporters.JUnitReportReporter -->
<testsuite skipped="0" hostname="gurenderkush" name="TestCases.City_Master_API_TC" tests="1" failures="0" timestamp="16 Mar 2021 11:41:25 GMT" time="0.672" errors="0">
  <testcase name="city_master" time="0.672" classname="TestCases.City_Master_API_TC"/>
</testsuite> <!-- TestCases.City_Master_API_TC -->
