<?xml version="1.0" encoding="UTF-8"?>
<!-- Generated by org.testng.reporters.JUnitReportReporter -->
<testsuite hostname="IN-6L680F3" failures="0" tests="1" name="TestCases.Cancel_MI_TC" time="7.735" errors="0" timestamp="24 Nov 2022 15:09:25 GMT" skipped="0">
  <testcase classname="TestCases.Cancel_MI_TC" name="mi_cancel" time="7.735"/>
</testsuite> <!-- TestCases.Cancel_MI_TC -->
