<?xml version="1.0" encoding="UTF-8"?>
<!-- Generated by org.testng.reporters.JUnitReportReporter -->
<testsuite skipped="0" hostname="gurenderkush" name="TestCases.WhiteList_Ref_isHybrid_TC" tests="2" failures="0" timestamp="21 Sep 2021 15:12:40 GMT" time="2.184" errors="0">
  <testcase name="Whitelist_Ref_ishybrid" time="1.540" classname="TestCases.WhiteList_Ref_isHybrid_TC"/>
  <testcase name="Whitelist_Ref_ishybrid" time="0.644" classname="TestCases.WhiteList_Ref_isHybrid_TC"/>
</testsuite> <!-- TestCases.WhiteList_Ref_isHybrid_TC -->
