<?xml version="1.0" encoding="UTF-8"?>
<!-- Generated by org.testng.reporters.JUnitReportReporter -->
<<<<<<< HEAD
<testsuite hostname="nehajha" failures="0" tests="1" name="TestCases.generateToken" time="3.753" errors="0" timestamp="31 Mar 2021 07:55:27 GMT" skipped="0">
  <testcase classname="TestCases.generateToken" name="gen_auth_token" time="3.753"/>
=======
<testsuite skipped="0" hostname="gurenderkush" name="TestCases.generateToken" tests="1" failures="0" timestamp="31 Mar 2021 08:57:40 GMT" time="3.950" errors="0">
  <testcase name="gen_auth_token" time="3.950" classname="TestCases.generateToken"/>
>>>>>>> b628d631e40415390140f5b3575c5d9903f2be13
</testsuite> <!-- TestCases.generateToken -->
