<?xml version="1.0" encoding="UTF-8"?>
<!-- Generated by org.testng.reporters.JUnitReportReporter -->
<testsuite skipped="0" hostname="gurenderkush" name="TestCases.Common_Cust_Verify_Otp" tests="1" failures="0" timestamp="09 Aug 2021 07:46:30 GMT" time="1.023" errors="0">
  <testcase name="customer_verify_otp" time="1.023" classname="TestCases.Common_Cust_Verify_Otp"/>
</testsuite> <!-- TestCases.Common_Cust_Verify_Otp -->
