<?xml version="1.0" encoding="UTF-8"?>
<!-- Generated by org.testng.reporters.JUnitReportReporter -->
<testsuite skipped="0" hostname="gurenderkush" name="TestCases.generateToken" tests="1" failures="0" timestamp="15 Mar 2021 06:13:18 GMT" time="3.333" errors="0">
  <testcase name="gen_auth_token" time="3.333" classname="TestCases.generateToken"/>
</testsuite> <!-- TestCases.generateToken -->
