<?xml version="1.0" encoding="UTF-8"?>
<!-- Generated by org.testng.reporters.JUnitReportReporter -->
<testsuite skipped="0" hostname="gurenderkush" name="TestCases.All_Master_Generic_API" tests="3" failures="0" timestamp="17 Dec 2021 16:11:16 GMT" time="1.970" errors="0">
  <testcase name="all_master_generic_api" time="0.588" classname="TestCases.All_Master_Generic_API"/>
  <testcase name="all_master_generic_api" time="0.722" classname="TestCases.All_Master_Generic_API"/>
  <testcase name="all_master_generic_api" time="0.660" classname="TestCases.All_Master_Generic_API"/>
</testsuite> <!-- TestCases.All_Master_Generic_API -->
