<?xml version="1.0" encoding="UTF-8"?>
<!-- Generated by org.testng.reporters.JUnitReportReporter -->
<testsuite skipped="0" hostname="gurenderkush" name="TestCases.UpdateCustomerAddress" tests="1" failures="0" timestamp="06 Apr 2021 09:45:29 GMT" time="1.139" errors="0">
  <testcase name="update_customer_address" time="1.139" classname="TestCases.UpdateCustomerAddress"/>
</testsuite> <!-- TestCases.UpdateCustomerAddress -->
