<?xml version="1.0" encoding="UTF-8"?>
<!-- Generated by org.testng.reporters.JUnitReportReporter -->
<testsuite skipped="0" hostname="gurenderkush" name="TestCases.Vehicle_Configure_TC" tests="19" failures="0" timestamp="17 Dec 2021 16:11:16 GMT" time="11.722" errors="0">
  <testcase name="Vehicle_configure" time="0.704" classname="TestCases.Vehicle_Configure_TC"/>
  <testcase name="Vehicle_configure" time="0.570" classname="TestCases.Vehicle_Configure_TC"/>
  <testcase name="Vehicle_configure" time="0.613" classname="TestCases.Vehicle_Configure_TC"/>
  <testcase name="Vehicle_configure" time="0.652" classname="TestCases.Vehicle_Configure_TC"/>
  <testcase name="Vehicle_configure" time="0.607" classname="TestCases.Vehicle_Configure_TC"/>
  <testcase name="Vehicle_configure" time="0.713" classname="TestCases.Vehicle_Configure_TC"/>
  <testcase name="Vehicle_configure" time="0.636" classname="TestCases.Vehicle_Configure_TC"/>
  <testcase name="Vehicle_configure" time="0.602" classname="TestCases.Vehicle_Configure_TC"/>
  <testcase name="Vehicle_configure" time="0.532" classname="TestCases.Vehicle_Configure_TC"/>
  <testcase name="Vehicle_configure" time="0.888" classname="TestCases.Vehicle_Configure_TC"/>
  <testcase name="Vehicle_configure" time="0.540" classname="TestCases.Vehicle_Configure_TC"/>
  <testcase name="Vehicle_configure" time="0.561" classname="TestCases.Vehicle_Configure_TC"/>
  <testcase name="Vehicle_configure" time="0.635" classname="TestCases.Vehicle_Configure_TC"/>
  <testcase name="Vehicle_configure" time="0.573" classname="TestCases.Vehicle_Configure_TC"/>
  <testcase name="Vehicle_configure" time="0.618" classname="TestCases.Vehicle_Configure_TC"/>
  <testcase name="Vehicle_configure" time="0.523" classname="TestCases.Vehicle_Configure_TC"/>
  <testcase name="Vehicle_configure" time="0.651" classname="TestCases.Vehicle_Configure_TC"/>
  <testcase name="Vehicle_configure" time="0.551" classname="TestCases.Vehicle_Configure_TC"/>
  <testcase name="Vehicle_configure" time="0.553" classname="TestCases.Vehicle_Configure_TC"/>
</testsuite> <!-- TestCases.Vehicle_Configure_TC -->
