<?xml version="1.0" encoding="UTF-8"?>
<!-- Generated by org.testng.reporters.JUnitReportReporter -->
<testsuite skipped="0" hostname="gurenderkush" name="TestCases.Vehicle_Details_TC" tests="1" failures="0" timestamp="09 Aug 2021 07:46:30 GMT" time="0.372" errors="0">
  <testcase name="Vehicle_details" time="0.372" classname="TestCases.Vehicle_Details_TC"/>
</testsuite> <!-- TestCases.Vehicle_Details_TC -->
