<?xml version="1.0" encoding="UTF-8"?>
<!-- Generated by org.testng.reporters.JUnitReportReporter -->
<testsuite hostname="IN-6L680F3" failures="0" tests="1" name="TestCases.Policy_Details_Mule_MI_TC" time="69.555" errors="0" timestamp="24 Nov 2022 17:51:49 GMT" skipped="0">
  <testcase classname="TestCases.Policy_Details_Mule_MI_TC" name="policy_details_mule" time="69.555"/>
</testsuite> <!-- TestCases.Policy_Details_Mule_MI_TC -->
