<?xml version="1.0" encoding="UTF-8"?>
<!-- Generated by org.testng.reporters.JUnitReportReporter -->
<testsuite skipped="0" hostname="gurenderkush" name="TestCases.WhiteList_Ref_isHybrid_TC" tests="2" failures="0" timestamp="09 Aug 2021 07:46:30 GMT" time="1.927" errors="0">
  <testcase name="Whitelist_Ref_ishybrid" time="0.709" classname="TestCases.WhiteList_Ref_isHybrid_TC"/>
  <testcase name="Whitelist_Ref_ishybrid" time="1.218" classname="TestCases.WhiteList_Ref_isHybrid_TC"/>
</testsuite> <!-- TestCases.WhiteList_Ref_isHybrid_TC -->
