<?xml version="1.0" encoding="UTF-8"?>
<!-- Generated by org.testng.reporters.JUnitReportReporter -->
<testsuite hostname="nehajha" failures="0" tests="1" name="TestCases.Leasing_Partner_Ranking" time="0.762" errors="0" timestamp="17 Mar 2021 09:58:26 GMT" skipped="0">
  <testcase classname="TestCases.Leasing_Partner_Ranking" name="leasing_ranking" time="0.762"/>
</testsuite> <!-- TestCases.Leasing_Partner_Ranking -->
