<?xml version="1.0" encoding="UTF-8"?>
<!-- Generated by org.testng.reporters.JUnitReportReporter -->
<testsuite skipped="0" hostname="gurenderkush" name="TestCases.Customer_Register_Send_Otp" tests="2" failures="0" timestamp="09 Mar 2021 09:49:58 GMT" time="2.131" errors="0">
  <testcase name="customer_regsiter_send_otp" time="1.234" classname="TestCases.Customer_Register_Send_Otp"/>
  <testcase name="invalid_mobile_send_otp" time="0.897" classname="TestCases.Customer_Register_Send_Otp"/>
</testsuite> <!-- TestCases.Customer_Register_Send_Otp -->
