<?xml version="1.0" encoding="UTF-8"?>
<!-- Generated by org.testng.reporters.JUnitReportReporter -->
<<<<<<< HEAD
<testsuite hostname="nehajha" failures="0" tests="1" name="TestCases.Model_Hero_Image_API_TC" time="231.625" errors="0" timestamp="17 Mar 2021 14:19:41 GMT" skipped="0">
  <testcase classname="TestCases.Model_Hero_Image_API_TC" name="car_basison_ranking" time="231.625"/>
=======
<testsuite skipped="0" hostname="gurenderkush" name="TestCases.Model_Hero_Image_API_TC" tests="1" failures="0" timestamp="16 Mar 2021 11:41:25 GMT" time="0.762" errors="0">
  <testcase name="car_basison_ranking" time="0.762" classname="TestCases.Model_Hero_Image_API_TC"/>
>>>>>>> b628d631e40415390140f5b3575c5d9903f2be13
</testsuite> <!-- TestCases.Model_Hero_Image_API_TC -->
