<?xml version="1.0" encoding="UTF-8"?>
<!-- Generated by org.testng.reporters.JUnitReportReporter -->
<testsuite skipped="0" hostname="gurenderkush" name="TestCases.SaveCustomerOccupation" tests="1" failures="0" timestamp="30 Mar 2021 15:11:55 GMT" time="0.847" errors="0">
  <testcase name="save_customer_occupation" time="0.847" classname="TestCases.SaveCustomerOccupation"/>
</testsuite> <!-- TestCases.SaveCustomerOccupation -->
