<?xml version="1.0" encoding="UTF-8"?>
<!-- Generated by org.testng.reporters.JUnitReportReporter -->
<testsuite hostname="IN-6L680F3" failures="0" tests="1" name="TestCases.Driver_list_TC" time="891.519" errors="0" timestamp="30 Nov 2022 07:03:10 GMT" skipped="0">
  <testcase classname="TestCases.Driver_list_TC" name="driver_list" time="891.519"/>
</testsuite> <!-- TestCases.Driver_list_TC -->
