<?xml version="1.0" encoding="UTF-8"?>
<!-- Generated by org.testng.reporters.JUnitReportReporter -->
<testsuite hostname="IN-6L680F3" failures="0" tests="123" name="TestCases.accessory_prices_mule_TC" time="2340.192" errors="0" timestamp="17 Oct 2022 18:28:12 GMT" skipped="0">
  <testcase classname="TestCases.accessory_prices_mule_TC" name="accessory_prices_mule" time="22.965"/>
  <testcase classname="TestCases.accessory_prices_mule_TC" name="accessory_prices_mule" time="0.578"/>
  <testcase classname="TestCases.accessory_prices_mule_TC" name="accessory_prices_mule" time="73.035"/>
  <testcase classname="TestCases.accessory_prices_mule_TC" name="accessory_prices_mule" time="0.368"/>
  <testcase classname="TestCases.accessory_prices_mule_TC" name="accessory_prices_mule" time="0.939"/>
  <testcase classname="TestCases.accessory_prices_mule_TC" name="accessory_prices_mule" time="91.427"/>
  <testcase classname="TestCases.accessory_prices_mule_TC" name="accessory_prices_mule" time="0.293"/>
  <testcase classname="TestCases.accessory_prices_mule_TC" name="accessory_prices_mule" time="0.400"/>
  <testcase classname="TestCases.accessory_prices_mule_TC" name="accessory_prices_mule" time="0.429"/>
  <testcase classname="TestCases.accessory_prices_mule_TC" name="accessory_prices_mule" time="0.701"/>
  <testcase classname="TestCases.accessory_prices_mule_TC" name="accessory_prices_mule" time="0.286"/>
  <testcase classname="TestCases.accessory_prices_mule_TC" name="accessory_prices_mule" time="1.442"/>
  <testcase classname="TestCases.accessory_prices_mule_TC" name="accessory_prices_mule" time="0.493"/>
  <testcase classname="TestCases.accessory_prices_mule_TC" name="accessory_prices_mule" time="0.413"/>
  <testcase classname="TestCases.accessory_prices_mule_TC" name="accessory_prices_mule" time="1.697"/>
  <testcase classname="TestCases.accessory_prices_mule_TC" name="accessory_prices_mule" time="47.619"/>
  <testcase classname="TestCases.accessory_prices_mule_TC" name="accessory_prices_mule" time="0.409"/>
  <testcase classname="TestCases.accessory_prices_mule_TC" name="accessory_prices_mule" time="0.294"/>
  <testcase classname="TestCases.accessory_prices_mule_TC" name="accessory_prices_mule" time="35.316"/>
  <testcase classname="TestCases.accessory_prices_mule_TC" name="accessory_prices_mule" time="0.332"/>
  <testcase classname="TestCases.accessory_prices_mule_TC" name="accessory_prices_mule" time="77.218"/>
  <testcase classname="TestCases.accessory_prices_mule_TC" name="accessory_prices_mule" time="60.424"/>
  <testcase classname="TestCases.accessory_prices_mule_TC" name="accessory_prices_mule" time="0.403"/>
  <testcase classname="TestCases.accessory_prices_mule_TC" name="accessory_prices_mule" time="152.227"/>
  <testcase classname="TestCases.accessory_prices_mule_TC" name="accessory_prices_mule" time="0.284"/>
  <testcase classname="TestCases.accessory_prices_mule_TC" name="accessory_prices_mule" time="0.271"/>
  <testcase classname="TestCases.accessory_prices_mule_TC" name="accessory_prices_mule" time="41.710"/>
  <testcase classname="TestCases.accessory_prices_mule_TC" name="accessory_prices_mule" time="0.291"/>
  <testcase classname="TestCases.accessory_prices_mule_TC" name="accessory_prices_mule" time="0.295"/>
  <testcase classname="TestCases.accessory_prices_mule_TC" name="accessory_prices_mule" time="0.503"/>
  <testcase classname="TestCases.accessory_prices_mule_TC" name="accessory_prices_mule" time="0.351"/>
  <testcase classname="TestCases.accessory_prices_mule_TC" name="accessory_prices_mule" time="0.307"/>
  <testcase classname="TestCases.accessory_prices_mule_TC" name="accessory_prices_mule" time="55.059"/>
  <testcase classname="TestCases.accessory_prices_mule_TC" name="accessory_prices_mule" time="0.491"/>
  <testcase classname="TestCases.accessory_prices_mule_TC" name="accessory_prices_mule" time="0.530"/>
  <testcase classname="TestCases.accessory_prices_mule_TC" name="accessory_prices_mule" time="0.404"/>
  <testcase classname="TestCases.accessory_prices_mule_TC" name="accessory_prices_mule" time="0.315"/>
  <testcase classname="TestCases.accessory_prices_mule_TC" name="accessory_prices_mule" time="0.397"/>
  <testcase classname="TestCases.accessory_prices_mule_TC" name="accessory_prices_mule" time="0.282"/>
  <testcase classname="TestCases.accessory_prices_mule_TC" name="accessory_prices_mule" time="76.579"/>
  <testcase classname="TestCases.accessory_prices_mule_TC" name="accessory_prices_mule" time="0.507"/>
  <testcase classname="TestCases.accessory_prices_mule_TC" name="accessory_prices_mule" time="75.666"/>
  <testcase classname="TestCases.accessory_prices_mule_TC" name="accessory_prices_mule" time="0.644"/>
  <testcase classname="TestCases.accessory_prices_mule_TC" name="accessory_prices_mule" time="0.330"/>
  <testcase classname="TestCases.accessory_prices_mule_TC" name="accessory_prices_mule" time="0.301"/>
  <testcase classname="TestCases.accessory_prices_mule_TC" name="accessory_prices_mule" time="38.582"/>
  <testcase classname="TestCases.accessory_prices_mule_TC" name="accessory_prices_mule" time="0.338"/>
  <testcase classname="TestCases.accessory_prices_mule_TC" name="accessory_prices_mule" time="0.461"/>
  <testcase classname="TestCases.accessory_prices_mule_TC" name="accessory_prices_mule" time="0.494"/>
  <testcase classname="TestCases.accessory_prices_mule_TC" name="accessory_prices_mule" time="126.439"/>
  <testcase classname="TestCases.accessory_prices_mule_TC" name="accessory_prices_mule" time="0.335"/>
  <testcase classname="TestCases.accessory_prices_mule_TC" name="accessory_prices_mule" time="0.553"/>
  <testcase classname="TestCases.accessory_prices_mule_TC" name="accessory_prices_mule" time="1.350"/>
  <testcase classname="TestCases.accessory_prices_mule_TC" name="accessory_prices_mule" time="0.329"/>
  <testcase classname="TestCases.accessory_prices_mule_TC" name="accessory_prices_mule" time="0.426"/>
  <testcase classname="TestCases.accessory_prices_mule_TC" name="accessory_prices_mule" time="0.540"/>
  <testcase classname="TestCases.accessory_prices_mule_TC" name="accessory_prices_mule" time="0.321"/>
  <testcase classname="TestCases.accessory_prices_mule_TC" name="accessory_prices_mule" time="0.763"/>
  <testcase classname="TestCases.accessory_prices_mule_TC" name="accessory_prices_mule" time="0.423"/>
  <testcase classname="TestCases.accessory_prices_mule_TC" name="accessory_prices_mule" time="0.567"/>
  <testcase classname="TestCases.accessory_prices_mule_TC" name="accessory_prices_mule" time="0.431"/>
  <testcase classname="TestCases.accessory_prices_mule_TC" name="accessory_prices_mule" time="0.401"/>
  <testcase classname="TestCases.accessory_prices_mule_TC" name="accessory_prices_mule" time="72.314"/>
  <testcase classname="TestCases.accessory_prices_mule_TC" name="accessory_prices_mule" time="0.752"/>
  <testcase classname="TestCases.accessory_prices_mule_TC" name="accessory_prices_mule" time="0.560"/>
  <testcase classname="TestCases.accessory_prices_mule_TC" name="accessory_prices_mule" time="93.802"/>
  <testcase classname="TestCases.accessory_prices_mule_TC" name="accessory_prices_mule" time="0.480"/>
  <testcase classname="TestCases.accessory_prices_mule_TC" name="accessory_prices_mule" time="0.288"/>
  <testcase classname="TestCases.accessory_prices_mule_TC" name="accessory_prices_mule" time="0.513"/>
  <testcase classname="TestCases.accessory_prices_mule_TC" name="accessory_prices_mule" time="86.224"/>
  <testcase classname="TestCases.accessory_prices_mule_TC" name="accessory_prices_mule" time="0.317"/>
  <testcase classname="TestCases.accessory_prices_mule_TC" name="accessory_prices_mule" time="0.262"/>
  <testcase classname="TestCases.accessory_prices_mule_TC" name="accessory_prices_mule" time="0.475"/>
  <testcase classname="TestCases.accessory_prices_mule_TC" name="accessory_prices_mule" time="38.565"/>
  <testcase classname="TestCases.accessory_prices_mule_TC" name="accessory_prices_mule" time="56.005"/>
  <testcase classname="TestCases.accessory_prices_mule_TC" name="accessory_prices_mule" time="73.852"/>
  <testcase classname="TestCases.accessory_prices_mule_TC" name="accessory_prices_mule" time="0.490"/>
  <testcase classname="TestCases.accessory_prices_mule_TC" name="accessory_prices_mule" time="0.426"/>
  <testcase classname="TestCases.accessory_prices_mule_TC" name="accessory_prices_mule" time="90.649"/>
  <testcase classname="TestCases.accessory_prices_mule_TC" name="accessory_prices_mule" time="0.979"/>
  <testcase classname="TestCases.accessory_prices_mule_TC" name="accessory_prices_mule" time="0.423"/>
  <testcase classname="TestCases.accessory_prices_mule_TC" name="accessory_prices_mule" time="75.271"/>
  <testcase classname="TestCases.accessory_prices_mule_TC" name="accessory_prices_mule" time="0.706"/>
  <testcase classname="TestCases.accessory_prices_mule_TC" name="accessory_prices_mule" time="0.547"/>
  <testcase classname="TestCases.accessory_prices_mule_TC" name="accessory_prices_mule" time="0.394"/>
  <testcase classname="TestCases.accessory_prices_mule_TC" name="accessory_prices_mule" time="0.488"/>
  <testcase classname="TestCases.accessory_prices_mule_TC" name="accessory_prices_mule" time="73.783"/>
  <testcase classname="TestCases.accessory_prices_mule_TC" name="accessory_prices_mule" time="35.342"/>
  <testcase classname="TestCases.accessory_prices_mule_TC" name="accessory_prices_mule" time="0.277"/>
  <testcase classname="TestCases.accessory_prices_mule_TC" name="accessory_prices_mule" time="0.451"/>
  <testcase classname="TestCases.accessory_prices_mule_TC" name="accessory_prices_mule" time="0.275"/>
  <testcase classname="TestCases.accessory_prices_mule_TC" name="accessory_prices_mule" time="0.311"/>
  <testcase classname="TestCases.accessory_prices_mule_TC" name="accessory_prices_mule" time="0.309"/>
  <testcase classname="TestCases.accessory_prices_mule_TC" name="accessory_prices_mule" time="0.568"/>
  <testcase classname="TestCases.accessory_prices_mule_TC" name="accessory_prices_mule" time="80.640"/>
  <testcase classname="TestCases.accessory_prices_mule_TC" name="accessory_prices_mule" time="0.275"/>
  <testcase classname="TestCases.accessory_prices_mule_TC" name="accessory_prices_mule" time="77.774"/>
  <testcase classname="TestCases.accessory_prices_mule_TC" name="accessory_prices_mule" time="0.431"/>
  <testcase classname="TestCases.accessory_prices_mule_TC" name="accessory_prices_mule" time="0.296"/>
  <testcase classname="TestCases.accessory_prices_mule_TC" name="accessory_prices_mule" time="0.420"/>
  <testcase classname="TestCases.accessory_prices_mule_TC" name="accessory_prices_mule" time="0.307"/>
  <testcase classname="TestCases.accessory_prices_mule_TC" name="accessory_prices_mule" time="0.390"/>
  <testcase classname="TestCases.accessory_prices_mule_TC" name="accessory_prices_mule" time="0.425"/>
  <testcase classname="TestCases.accessory_prices_mule_TC" name="accessory_prices_mule" time="0.345"/>
  <testcase classname="TestCases.accessory_prices_mule_TC" name="accessory_prices_mule" time="0.313"/>
  <testcase classname="TestCases.accessory_prices_mule_TC" name="accessory_prices_mule" time="0.295"/>
  <testcase classname="TestCases.accessory_prices_mule_TC" name="accessory_prices_mule" time="0.293"/>
  <testcase classname="TestCases.accessory_prices_mule_TC" name="accessory_prices_mule" time="0.422"/>
  <testcase classname="TestCases.accessory_prices_mule_TC" name="accessory_prices_mule" time="117.641"/>
  <testcase classname="TestCases.accessory_prices_mule_TC" name="accessory_prices_mule" time="61.805"/>
  <testcase classname="TestCases.accessory_prices_mule_TC" name="accessory_prices_mule" time="0.419"/>
  <testcase classname="TestCases.accessory_prices_mule_TC" name="accessory_prices_mule" time="0.699"/>
  <testcase classname="TestCases.accessory_prices_mule_TC" name="accessory_prices_mule" time="1.042"/>
  <testcase classname="TestCases.accessory_prices_mule_TC" name="accessory_prices_mule" time="151.370"/>
  <testcase classname="TestCases.accessory_prices_mule_TC" name="accessory_prices_mule" time="1.432"/>
  <testcase classname="TestCases.accessory_prices_mule_TC" name="accessory_prices_mule" time="0.338"/>
  <testcase classname="TestCases.accessory_prices_mule_TC" name="accessory_prices_mule" time="0.278"/>
  <testcase classname="TestCases.accessory_prices_mule_TC" name="accessory_prices_mule" time="1.243"/>
  <testcase classname="TestCases.accessory_prices_mule_TC" name="accessory_prices_mule" time="0.442"/>
  <testcase classname="TestCases.accessory_prices_mule_TC" name="accessory_prices_mule" time="0.384"/>
  <testcase classname="TestCases.accessory_prices_mule_TC" name="accessory_prices_mule" time="58.052"/>
  <testcase classname="TestCases.accessory_prices_mule_TC" name="accessory_prices_mule" time="0.443"/>
  <testcase classname="TestCases.accessory_prices_mule_TC" name="accessory_prices_mule" time="77.902"/>
</testsuite> <!-- TestCases.accessory_prices_mule_TC -->
