<?xml version="1.0" encoding="UTF-8"?>
<!-- Generated by org.testng.reporters.JUnitReportReporter -->
<testsuite skipped="0" hostname="gurenderkush" name="TestCases.Leasing_Partner_Ranking" tests="1" failures="0" timestamp="04 Mar 2021 07:05:48 GMT" time="2.079" errors="0">
  <testcase name="leasing_ranking" time="2.079" classname="TestCases.Leasing_Partner_Ranking"/>
</testsuite> <!-- TestCases.Leasing_Partner_Ranking -->
