<?xml version="1.0" encoding="UTF-8"?>
<!-- Generated by org.testng.reporters.JUnitReportReporter -->
<testsuite hostname="IN-DB5PTN3" failures="0" tests="5" name="TestCases.Refurbishment_Cost_Page_TC" time="3.575" errors="0" timestamp="10 Aug 2023 07:43:25 GMT" skipped="0">
  <testcase classname="TestCases.Refurbishment_Cost_Page_TC" name="Refurbishment_Cost" time="2.028"/>
  <testcase classname="TestCases.Refurbishment_Cost_Page_TC" name="Refurbishment_Cost" time="0.525"/>
  <testcase classname="TestCases.Refurbishment_Cost_Page_TC" name="Refurbishment_Cost" time="0.310"/>
  <testcase classname="TestCases.Refurbishment_Cost_Page_TC" name="Refurbishment_Cost" time="0.320"/>
  <testcase classname="TestCases.Refurbishment_Cost_Page_TC" name="Refurbishment_Cost" time="0.392"/>
</testsuite> <!-- TestCases.Refurbishment_Cost_Page_TC -->
