<?xml version="1.0" encoding="UTF-8"?>
<!-- Generated by org.testng.reporters.JUnitReportReporter -->
<testsuite skipped="0" hostname="gurenderkush" name="TestCases.GetCustomerByUUIDAndOccupationId" tests="1" failures="0" timestamp="06 Apr 2021 09:45:30 GMT" time="1.009" errors="0">
  <testcase name="get_customer_occupation_UUID_ID" time="1.009" classname="TestCases.GetCustomerByUUIDAndOccupationId"/>
</testsuite> <!-- TestCases.GetCustomerByUUIDAndOccupationId -->
