<?xml version="1.0" encoding="UTF-8"?>
<!-- Generated by org.testng.reporters.JUnitReportReporter -->
<testsuite skipped="0" hostname="gurenderkush" name="TestCases.Fectch_Nearest_Dealer" tests="1" failures="0" timestamp="21 Sep 2021 15:12:40 GMT" time="1.006" errors="0">
  <testcase name="fetch_nearest_dealer" time="1.006" classname="TestCases.Fectch_Nearest_Dealer"/>
</testsuite> <!-- TestCases.Fectch_Nearest_Dealer -->
