<?xml version="1.0" encoding="UTF-8"?>
<!-- Generated by org.testng.reporters.JUnitReportReporter -->
<testsuite skipped="0" hostname="gurenderkush" name="TestCases.Customer_Exists" tests="4" failures="0" timestamp="16 Mar 2021 11:41:25 GMT" time="2.421" errors="0">
  <testcase name="invalid_customer_exists" time="0.516" classname="TestCases.Customer_Exists"/>
  <testcase name="invalid_customer_exists" time="0.507" classname="TestCases.Customer_Exists"/>
  <testcase name="invalid_customer_exists" time="0.557" classname="TestCases.Customer_Exists"/>
  <testcase name="customer_exists" time="0.841" classname="TestCases.Customer_Exists"/>
</testsuite> <!-- TestCases.Customer_Exists -->
