<?xml version="1.0" encoding="UTF-8"?>
<!-- Generated by org.testng.reporters.JUnitReportReporter -->
<testsuite skipped="0" hostname="gurenderkush" name="TestCases.CustomerAddressGet" tests="1" failures="0" timestamp="21 Sep 2021 15:12:40 GMT" time="1.380" errors="0">
  <testcase name="get_customer_address" time="1.380" classname="TestCases.CustomerAddressGet"/>
</testsuite> <!-- TestCases.CustomerAddressGet -->
