<?xml version="1.0" encoding="UTF-8"?>
<!-- Generated by org.testng.reporters.JUnitReportReporter -->
<testsuite skipped="0" hostname="gurenderkush" name="TestCases.Customer_Register_Send_Otp" tests="2" failures="0" timestamp="26 Feb 2021 04:53:28 GMT" time="1.575" errors="0">
  <testcase name="customer_regsiter_send_otp" time="1.061" classname="TestCases.Customer_Register_Send_Otp"/>
  <testcase name="invalid_mobile_send_otp" time="0.514" classname="TestCases.Customer_Register_Send_Otp"/>
</testsuite> <!-- TestCases.Customer_Register_Send_Otp -->
