<?xml version="1.0" encoding="UTF-8"?>
<!-- Generated by org.testng.reporters.JUnitReportReporter -->
<testsuite hostname="IN-DB5PTN3" failures="0" tests="5" name="TestCases.Certification.CertInterior" time="3.375" errors="0" timestamp="15 Sep 2023 08:31:58 GMT" skipped="0">
  <testcase classname="TestCases.Certification.CertInterior" name="CertInterior" time="0.380"/>
  <testcase classname="TestCases.Certification.CertInterior" name="CertInterior" time="0.396"/>
  <testcase classname="TestCases.Certification.CertInterior" name="CertInterior" time="0.369"/>
  <testcase classname="TestCases.Certification.CertInterior" name="CertInterior" time="1.688"/>
  <testcase classname="TestCases.Certification.CertInterior" name="CertInterior" time="0.542"/>
</testsuite> <!-- TestCases.Certification.CertInterior -->
