<?xml version="1.0" encoding="UTF-8"?>
<!-- Generated by org.testng.reporters.JUnitReportReporter -->
<testsuite skipped="0" hostname="gurenderkush" name="TestCases.Registration_Price_Detail" tests="1" failures="0" timestamp="22 Nov 2021 04:22:33 GMT" time="2.978" errors="0">
  <testcase name="registration_price" time="2.978" classname="TestCases.Registration_Price_Detail"/>
</testsuite> <!-- TestCases.Registration_Price_Detail -->
