<?xml version="1.0" encoding="UTF-8"?>
<!-- Generated by org.testng.reporters.JUnitReportReporter -->
<testsuite hostname="nehajha" failures="0" tests="1" name="TestCases.Customer_Register_Cognito" time="16.547" errors="0" timestamp="16 Mar 2021 10:32:50 GMT" skipped="0">
  <testcase classname="TestCases.Customer_Register_Cognito" name="customer_register_cognito" time="16.547"/>
</testsuite> <!-- TestCases.Customer_Register_Cognito -->
