<?xml version="1.0" encoding="UTF-8"?>
<!-- Generated by org.testng.reporters.JUnitReportReporter -->
<testsuite skipped="0" hostname="gurenderkush" name="TestCases.GetCustomerOccupationById" tests="1" failures="0" timestamp="06 Apr 2021 09:45:30 GMT" time="1.478" errors="0">
  <testcase name="get_customer_occupation" time="1.478" classname="TestCases.GetCustomerOccupationById"/>
</testsuite> <!-- TestCases.GetCustomerOccupationById -->
