<?xml version="1.0" encoding="UTF-8"?>
<!-- Generated by org.testng.reporters.JUnitReportReporter -->
<testsuite hostname="IN-6L680F3" failures="0" tests="123" name="TestCases.Registration_Price_Detail" time="3037.447" errors="0" timestamp="01 Nov 2022 11:29:25 GMT" skipped="0">
  <testcase classname="TestCases.Registration_Price_Detail" name="registration_price" time="1.218"/>
  <testcase classname="TestCases.Registration_Price_Detail" name="registration_price" time="66.072"/>
  <testcase classname="TestCases.Registration_Price_Detail" name="registration_price" time="0.969"/>
  <testcase classname="TestCases.Registration_Price_Detail" name="registration_price" time="1.360"/>
  <testcase classname="TestCases.Registration_Price_Detail" name="registration_price" time="27.945"/>
  <testcase classname="TestCases.Registration_Price_Detail" name="registration_price" time="47.196"/>
  <testcase classname="TestCases.Registration_Price_Detail" name="registration_price" time="32.047"/>
  <testcase classname="TestCases.Registration_Price_Detail" name="registration_price" time="1.048"/>
  <testcase classname="TestCases.Registration_Price_Detail" name="registration_price" time="69.284"/>
  <testcase classname="TestCases.Registration_Price_Detail" name="registration_price" time="0.963"/>
  <testcase classname="TestCases.Registration_Price_Detail" name="registration_price" time="0.693"/>
  <testcase classname="TestCases.Registration_Price_Detail" name="registration_price" time="32.596"/>
  <testcase classname="TestCases.Registration_Price_Detail" name="registration_price" time="0.624"/>
  <testcase classname="TestCases.Registration_Price_Detail" name="registration_price" time="26.730"/>
  <testcase classname="TestCases.Registration_Price_Detail" name="registration_price" time="26.780"/>
  <testcase classname="TestCases.Registration_Price_Detail" name="registration_price" time="27.043"/>
  <testcase classname="TestCases.Registration_Price_Detail" name="registration_price" time="0.987"/>
  <testcase classname="TestCases.Registration_Price_Detail" name="registration_price" time="26.831"/>
  <testcase classname="TestCases.Registration_Price_Detail" name="registration_price" time="27.590"/>
  <testcase classname="TestCases.Registration_Price_Detail" name="registration_price" time="31.375"/>
  <testcase classname="TestCases.Registration_Price_Detail" name="registration_price" time="27.736"/>
  <testcase classname="TestCases.Registration_Price_Detail" name="registration_price" time="1.104"/>
  <testcase classname="TestCases.Registration_Price_Detail" name="registration_price" time="27.102"/>
  <testcase classname="TestCases.Registration_Price_Detail" name="registration_price" time="65.249"/>
  <testcase classname="TestCases.Registration_Price_Detail" name="registration_price" time="27.267"/>
  <testcase classname="TestCases.Registration_Price_Detail" name="registration_price" time="27.671"/>
  <testcase classname="TestCases.Registration_Price_Detail" name="registration_price" time="27.145"/>
  <testcase classname="TestCases.Registration_Price_Detail" name="registration_price" time="0.558"/>
  <testcase classname="TestCases.Registration_Price_Detail" name="registration_price" time="1.078"/>
  <testcase classname="TestCases.Registration_Price_Detail" name="registration_price" time="27.284"/>
  <testcase classname="TestCases.Registration_Price_Detail" name="registration_price" time="1.128"/>
  <testcase classname="TestCases.Registration_Price_Detail" name="registration_price" time="1.458"/>
  <testcase classname="TestCases.Registration_Price_Detail" name="registration_price" time="1.902"/>
  <testcase classname="TestCases.Registration_Price_Detail" name="registration_price" time="27.758"/>
  <testcase classname="TestCases.Registration_Price_Detail" name="registration_price" time="1.014"/>
  <testcase classname="TestCases.Registration_Price_Detail" name="registration_price" time="0.912"/>
  <testcase classname="TestCases.Registration_Price_Detail" name="registration_price" time="0.624"/>
  <testcase classname="TestCases.Registration_Price_Detail" name="registration_price" time="26.866"/>
  <testcase classname="TestCases.Registration_Price_Detail" name="registration_price" time="68.561"/>
  <testcase classname="TestCases.Registration_Price_Detail" name="registration_price" time="31.980"/>
  <testcase classname="TestCases.Registration_Price_Detail" name="registration_price" time="0.662"/>
  <testcase classname="TestCases.Registration_Price_Detail" name="registration_price" time="26.683"/>
  <testcase classname="TestCases.Registration_Price_Detail" name="registration_price" time="27.218"/>
  <testcase classname="TestCases.Registration_Price_Detail" name="registration_price" time="26.600"/>
  <testcase classname="TestCases.Registration_Price_Detail" name="registration_price" time="32.803"/>
  <testcase classname="TestCases.Registration_Price_Detail" name="registration_price" time="67.481"/>
  <testcase classname="TestCases.Registration_Price_Detail" name="registration_price" time="27.352"/>
  <testcase classname="TestCases.Registration_Price_Detail" name="registration_price" time="0.765"/>
  <testcase classname="TestCases.Registration_Price_Detail" name="registration_price" time="0.636"/>
  <testcase classname="TestCases.Registration_Price_Detail" name="registration_price" time="1.147"/>
  <testcase classname="TestCases.Registration_Price_Detail" name="registration_price" time="0.786"/>
  <testcase classname="TestCases.Registration_Price_Detail" name="registration_price" time="72.096"/>
  <testcase classname="TestCases.Registration_Price_Detail" name="registration_price" time="33.354"/>
  <testcase classname="TestCases.Registration_Price_Detail" name="registration_price" time="29.055"/>
  <testcase classname="TestCases.Registration_Price_Detail" name="registration_price" time="32.063"/>
  <testcase classname="TestCases.Registration_Price_Detail" name="registration_price" time="0.798"/>
  <testcase classname="TestCases.Registration_Price_Detail" name="registration_price" time="0.766"/>
  <testcase classname="TestCases.Registration_Price_Detail" name="registration_price" time="28.659"/>
  <testcase classname="TestCases.Registration_Price_Detail" name="registration_price" time="1.002"/>
  <testcase classname="TestCases.Registration_Price_Detail" name="registration_price" time="27.406"/>
  <testcase classname="TestCases.Registration_Price_Detail" name="registration_price" time="30.841"/>
  <testcase classname="TestCases.Registration_Price_Detail" name="registration_price" time="36.213"/>
  <testcase classname="TestCases.Registration_Price_Detail" name="registration_price" time="27.109"/>
  <testcase classname="TestCases.Registration_Price_Detail" name="registration_price" time="1.394"/>
  <testcase classname="TestCases.Registration_Price_Detail" name="registration_price" time="27.048"/>
  <testcase classname="TestCases.Registration_Price_Detail" name="registration_price" time="30.325"/>
  <testcase classname="TestCases.Registration_Price_Detail" name="registration_price" time="11.927"/>
  <testcase classname="TestCases.Registration_Price_Detail" name="registration_price" time="28.450"/>
  <testcase classname="TestCases.Registration_Price_Detail" name="registration_price" time="27.790"/>
  <testcase classname="TestCases.Registration_Price_Detail" name="registration_price" time="59.004"/>
  <testcase classname="TestCases.Registration_Price_Detail" name="registration_price" time="31.447"/>
  <testcase classname="TestCases.Registration_Price_Detail" name="registration_price" time="1.083"/>
  <testcase classname="TestCases.Registration_Price_Detail" name="registration_price" time="1.455"/>
  <testcase classname="TestCases.Registration_Price_Detail" name="registration_price" time="65.481"/>
  <testcase classname="TestCases.Registration_Price_Detail" name="registration_price" time="32.123"/>
  <testcase classname="TestCases.Registration_Price_Detail" name="registration_price" time="31.876"/>
  <testcase classname="TestCases.Registration_Price_Detail" name="registration_price" time="3.089"/>
  <testcase classname="TestCases.Registration_Price_Detail" name="registration_price" time="26.684"/>
  <testcase classname="TestCases.Registration_Price_Detail" name="registration_price" time="68.856"/>
  <testcase classname="TestCases.Registration_Price_Detail" name="registration_price" time="4.075"/>
  <testcase classname="TestCases.Registration_Price_Detail" name="registration_price" time="27.128"/>
  <testcase classname="TestCases.Registration_Price_Detail" name="registration_price" time="0.748"/>
  <testcase classname="TestCases.Registration_Price_Detail" name="registration_price" time="31.356"/>
  <testcase classname="TestCases.Registration_Price_Detail" name="registration_price" time="26.852"/>
  <testcase classname="TestCases.Registration_Price_Detail" name="registration_price" time="65.436"/>
  <testcase classname="TestCases.Registration_Price_Detail" name="registration_price" time="1.144"/>
  <testcase classname="TestCases.Registration_Price_Detail" name="registration_price" time="1.233"/>
  <testcase classname="TestCases.Registration_Price_Detail" name="registration_price" time="1.184"/>
  <testcase classname="TestCases.Registration_Price_Detail" name="registration_price" time="26.995"/>
  <testcase classname="TestCases.Registration_Price_Detail" name="registration_price" time="69.693"/>
  <testcase classname="TestCases.Registration_Price_Detail" name="registration_price" time="138.339"/>
  <testcase classname="TestCases.Registration_Price_Detail" name="registration_price" time="69.465"/>
  <testcase classname="TestCases.Registration_Price_Detail" name="registration_price" time="26.720"/>
  <testcase classname="TestCases.Registration_Price_Detail" name="registration_price" time="27.510"/>
  <testcase classname="TestCases.Registration_Price_Detail" name="registration_price" time="43.463"/>
  <testcase classname="TestCases.Registration_Price_Detail" name="registration_price" time="27.326"/>
  <testcase classname="TestCases.Registration_Price_Detail" name="registration_price" time="30.721"/>
  <testcase classname="TestCases.Registration_Price_Detail" name="registration_price" time="27.096"/>
  <testcase classname="TestCases.Registration_Price_Detail" name="registration_price" time="34.476"/>
  <testcase classname="TestCases.Registration_Price_Detail" name="registration_price" time="27.881"/>
  <testcase classname="TestCases.Registration_Price_Detail" name="registration_price" time="28.812"/>
  <testcase classname="TestCases.Registration_Price_Detail" name="registration_price" time="38.487"/>
  <testcase classname="TestCases.Registration_Price_Detail" name="registration_price" time="27.009"/>
  <testcase classname="TestCases.Registration_Price_Detail" name="registration_price" time="27.731"/>
  <testcase classname="TestCases.Registration_Price_Detail" name="registration_price" time="27.278"/>
  <testcase classname="TestCases.Registration_Price_Detail" name="registration_price" time="3.230"/>
  <testcase classname="TestCases.Registration_Price_Detail" name="registration_price" time="67.594"/>
  <testcase classname="TestCases.Registration_Price_Detail" name="registration_price" time="1.177"/>
  <testcase classname="TestCases.Registration_Price_Detail" name="registration_price" time="1.581"/>
  <testcase classname="TestCases.Registration_Price_Detail" name="registration_price" time="101.353"/>
  <testcase classname="TestCases.Registration_Price_Detail" name="registration_price" time="2.286"/>
  <testcase classname="TestCases.Registration_Price_Detail" name="registration_price" time="28.487"/>
  <testcase classname="TestCases.Registration_Price_Detail" name="registration_price" time="0.745"/>
  <testcase classname="TestCases.Registration_Price_Detail" name="registration_price" time="1.916"/>
  <testcase classname="TestCases.Registration_Price_Detail" name="registration_price" time="27.733"/>
  <testcase classname="TestCases.Registration_Price_Detail" name="registration_price" time="28.095"/>
  <testcase classname="TestCases.Registration_Price_Detail" name="registration_price" time="28.222"/>
  <testcase classname="TestCases.Registration_Price_Detail" name="registration_price" time="0.907"/>
  <testcase classname="TestCases.Registration_Price_Detail" name="registration_price" time="58.227"/>
  <testcase classname="TestCases.Registration_Price_Detail" name="registration_price" time="1.659"/>
  <testcase classname="TestCases.Registration_Price_Detail" name="registration_price" time="0.832"/>
  <testcase classname="TestCases.Registration_Price_Detail" name="registration_price" time="1.272"/>
  <testcase classname="TestCases.Registration_Price_Detail" name="registration_price" time="0.698"/>
</testsuite> <!-- TestCases.Registration_Price_Detail -->
