<?xml version="1.0" encoding="UTF-8"?>
<!-- Generated by org.testng.reporters.JUnitReportReporter -->
<testsuite hostname="IN-6L680F3" failures="0" tests="125" name="TestCases.ConsumerOffer_Msil" time="304.606" errors="0" timestamp="12 Oct 2022 08:01:10 GMT" skipped="0">
  <testcase classname="TestCases.ConsumerOffer_Msil" name="consumer_offers_mule" time="2.149"/>
  <testcase classname="TestCases.ConsumerOffer_Msil" name="consumer_offers_mule" time="1.866"/>
  <testcase classname="TestCases.ConsumerOffer_Msil" name="consumer_offers_mule" time="3.019"/>
  <testcase classname="TestCases.ConsumerOffer_Msil" name="consumer_offers_mule" time="2.575"/>
  <testcase classname="TestCases.ConsumerOffer_Msil" name="consumer_offers_mule" time="3.266"/>
  <testcase classname="TestCases.ConsumerOffer_Msil" name="consumer_offers_mule" time="2.521"/>
  <testcase classname="TestCases.ConsumerOffer_Msil" name="consumer_offers_mule" time="1.867"/>
  <testcase classname="TestCases.ConsumerOffer_Msil" name="consumer_offers_mule" time="1.695"/>
  <testcase classname="TestCases.ConsumerOffer_Msil" name="consumer_offers_mule" time="2.953"/>
  <testcase classname="TestCases.ConsumerOffer_Msil" name="consumer_offers_mule" time="2.054"/>
  <testcase classname="TestCases.ConsumerOffer_Msil" name="consumer_offers_mule" time="2.179"/>
  <testcase classname="TestCases.ConsumerOffer_Msil" name="consumer_offers_mule" time="2.342"/>
  <testcase classname="TestCases.ConsumerOffer_Msil" name="consumer_offers_mule" time="3.032"/>
  <testcase classname="TestCases.ConsumerOffer_Msil" name="consumer_offers_mule" time="2.835"/>
  <testcase classname="TestCases.ConsumerOffer_Msil" name="consumer_offers_mule" time="2.828"/>
  <testcase classname="TestCases.ConsumerOffer_Msil" name="consumer_offers_mule" time="1.763"/>
  <testcase classname="TestCases.ConsumerOffer_Msil" name="consumer_offers_mule" time="2.618"/>
  <testcase classname="TestCases.ConsumerOffer_Msil" name="consumer_offers_mule" time="2.482"/>
  <testcase classname="TestCases.ConsumerOffer_Msil" name="consumer_offers_mule" time="2.254"/>
  <testcase classname="TestCases.ConsumerOffer_Msil" name="consumer_offers_mule" time="2.545"/>
  <testcase classname="TestCases.ConsumerOffer_Msil" name="consumer_offers_mule" time="2.516"/>
  <testcase classname="TestCases.ConsumerOffer_Msil" name="consumer_offers_mule" time="2.121"/>
  <testcase classname="TestCases.ConsumerOffer_Msil" name="consumer_offers_mule" time="2.011"/>
  <testcase classname="TestCases.ConsumerOffer_Msil" name="consumer_offers_mule" time="3.125"/>
  <testcase classname="TestCases.ConsumerOffer_Msil" name="consumer_offers_mule" time="2.417"/>
  <testcase classname="TestCases.ConsumerOffer_Msil" name="consumer_offers_mule" time="2.792"/>
  <testcase classname="TestCases.ConsumerOffer_Msil" name="consumer_offers_mule" time="2.308"/>
  <testcase classname="TestCases.ConsumerOffer_Msil" name="consumer_offers_mule" time="2.604"/>
  <testcase classname="TestCases.ConsumerOffer_Msil" name="consumer_offers_mule" time="2.560"/>
  <testcase classname="TestCases.ConsumerOffer_Msil" name="consumer_offers_mule" time="2.410"/>
  <testcase classname="TestCases.ConsumerOffer_Msil" name="consumer_offers_mule" time="2.336"/>
  <testcase classname="TestCases.ConsumerOffer_Msil" name="consumer_offers_mule" time="2.415"/>
  <testcase classname="TestCases.ConsumerOffer_Msil" name="consumer_offers_mule" time="2.477"/>
  <testcase classname="TestCases.ConsumerOffer_Msil" name="consumer_offers_mule" time="3.268"/>
  <testcase classname="TestCases.ConsumerOffer_Msil" name="consumer_offers_mule" time="3.746"/>
  <testcase classname="TestCases.ConsumerOffer_Msil" name="consumer_offers_mule" time="2.148"/>
  <testcase classname="TestCases.ConsumerOffer_Msil" name="consumer_offers_mule" time="2.129"/>
  <testcase classname="TestCases.ConsumerOffer_Msil" name="consumer_offers_mule" time="2.754"/>
  <testcase classname="TestCases.ConsumerOffer_Msil" name="consumer_offers_mule" time="2.369"/>
  <testcase classname="TestCases.ConsumerOffer_Msil" name="consumer_offers_mule" time="1.769"/>
  <testcase classname="TestCases.ConsumerOffer_Msil" name="consumer_offers_mule" time="3.470"/>
  <testcase classname="TestCases.ConsumerOffer_Msil" name="consumer_offers_mule" time="2.960"/>
  <testcase classname="TestCases.ConsumerOffer_Msil" name="consumer_offers_mule" time="1.841"/>
  <testcase classname="TestCases.ConsumerOffer_Msil" name="consumer_offers_mule" time="2.139"/>
  <testcase classname="TestCases.ConsumerOffer_Msil" name="consumer_offers_mule" time="2.053"/>
  <testcase classname="TestCases.ConsumerOffer_Msil" name="consumer_offers_mule" time="2.040"/>
  <testcase classname="TestCases.ConsumerOffer_Msil" name="consumer_offers_mule" time="2.663"/>
  <testcase classname="TestCases.ConsumerOffer_Msil" name="consumer_offers_mule" time="1.853"/>
  <testcase classname="TestCases.ConsumerOffer_Msil" name="consumer_offers_mule" time="2.479"/>
  <testcase classname="TestCases.ConsumerOffer_Msil" name="consumer_offers_mule" time="2.898"/>
  <testcase classname="TestCases.ConsumerOffer_Msil" name="consumer_offers_mule" time="2.485"/>
  <testcase classname="TestCases.ConsumerOffer_Msil" name="consumer_offers_mule" time="2.665"/>
  <testcase classname="TestCases.ConsumerOffer_Msil" name="consumer_offers_mule" time="2.700"/>
  <testcase classname="TestCases.ConsumerOffer_Msil" name="consumer_offers_mule" time="2.065"/>
  <testcase classname="TestCases.ConsumerOffer_Msil" name="consumer_offers_mule" time="2.580"/>
  <testcase classname="TestCases.ConsumerOffer_Msil" name="consumer_offers_mule" time="2.048"/>
  <testcase classname="TestCases.ConsumerOffer_Msil" name="consumer_offers_mule" time="3.637"/>
  <testcase classname="TestCases.ConsumerOffer_Msil" name="consumer_offers_mule" time="2.229"/>
  <testcase classname="TestCases.ConsumerOffer_Msil" name="consumer_offers_mule" time="3.617"/>
  <testcase classname="TestCases.ConsumerOffer_Msil" name="consumer_offers_mule" time="2.327"/>
  <testcase classname="TestCases.ConsumerOffer_Msil" name="consumer_offers_mule" time="2.139"/>
  <testcase classname="TestCases.ConsumerOffer_Msil" name="consumer_offers_mule" time="2.935"/>
  <testcase classname="TestCases.ConsumerOffer_Msil" name="consumer_offers_mule" time="2.449"/>
  <testcase classname="TestCases.ConsumerOffer_Msil" name="consumer_offers_mule" time="2.563"/>
  <testcase classname="TestCases.ConsumerOffer_Msil" name="consumer_offers_mule" time="3.154"/>
  <testcase classname="TestCases.ConsumerOffer_Msil" name="consumer_offers_mule" time="3.650"/>
  <testcase classname="TestCases.ConsumerOffer_Msil" name="consumer_offers_mule" time="2.393"/>
  <testcase classname="TestCases.ConsumerOffer_Msil" name="consumer_offers_mule" time="2.441"/>
  <testcase classname="TestCases.ConsumerOffer_Msil" name="consumer_offers_mule" time="2.403"/>
  <testcase classname="TestCases.ConsumerOffer_Msil" name="consumer_offers_mule" time="2.909"/>
  <testcase classname="TestCases.ConsumerOffer_Msil" name="consumer_offers_mule" time="1.970"/>
  <testcase classname="TestCases.ConsumerOffer_Msil" name="consumer_offers_mule" time="1.812"/>
  <testcase classname="TestCases.ConsumerOffer_Msil" name="consumer_offers_mule" time="2.631"/>
  <testcase classname="TestCases.ConsumerOffer_Msil" name="consumer_offers_mule" time="1.943"/>
  <testcase classname="TestCases.ConsumerOffer_Msil" name="consumer_offers_mule" time="2.862"/>
  <testcase classname="TestCases.ConsumerOffer_Msil" name="consumer_offers_mule" time="3.091"/>
  <testcase classname="TestCases.ConsumerOffer_Msil" name="consumer_offers_mule" time="2.959"/>
  <testcase classname="TestCases.ConsumerOffer_Msil" name="consumer_offers_mule" time="2.688"/>
  <testcase classname="TestCases.ConsumerOffer_Msil" name="consumer_offers_mule" time="2.290"/>
  <testcase classname="TestCases.ConsumerOffer_Msil" name="consumer_offers_mule" time="2.152"/>
  <testcase classname="TestCases.ConsumerOffer_Msil" name="consumer_offers_mule" time="1.852"/>
  <testcase classname="TestCases.ConsumerOffer_Msil" name="consumer_offers_mule" time="2.849"/>
  <testcase classname="TestCases.ConsumerOffer_Msil" name="consumer_offers_mule" time="2.038"/>
  <testcase classname="TestCases.ConsumerOffer_Msil" name="consumer_offers_mule" time="2.368"/>
  <testcase classname="TestCases.ConsumerOffer_Msil" name="consumer_offers_mule" time="2.080"/>
  <testcase classname="TestCases.ConsumerOffer_Msil" name="consumer_offers_mule" time="2.030"/>
  <testcase classname="TestCases.ConsumerOffer_Msil" name="consumer_offers_mule" time="2.125"/>
  <testcase classname="TestCases.ConsumerOffer_Msil" name="consumer_offers_mule" time="2.345"/>
  <testcase classname="TestCases.ConsumerOffer_Msil" name="consumer_offers_mule" time="1.950"/>
  <testcase classname="TestCases.ConsumerOffer_Msil" name="consumer_offers_mule" time="1.910"/>
  <testcase classname="TestCases.ConsumerOffer_Msil" name="consumer_offers_mule" time="2.793"/>
  <testcase classname="TestCases.ConsumerOffer_Msil" name="consumer_offers_mule" time="0.581"/>
  <testcase classname="TestCases.ConsumerOffer_Msil" name="consumer_offers_mule" time="2.569"/>
  <testcase classname="TestCases.ConsumerOffer_Msil" name="consumer_offers_mule" time="2.838"/>
  <testcase classname="TestCases.ConsumerOffer_Msil" name="consumer_offers_mule" time="2.429"/>
  <testcase classname="TestCases.ConsumerOffer_Msil" name="consumer_offers_mule" time="2.055"/>
  <testcase classname="TestCases.ConsumerOffer_Msil" name="consumer_offers_mule" time="2.069"/>
  <testcase classname="TestCases.ConsumerOffer_Msil" name="consumer_offers_mule" time="2.254"/>
  <testcase classname="TestCases.ConsumerOffer_Msil" name="consumer_offers_mule" time="1.999"/>
  <testcase classname="TestCases.ConsumerOffer_Msil" name="consumer_offers_mule" time="2.464"/>
  <testcase classname="TestCases.ConsumerOffer_Msil" name="consumer_offers_mule" time="1.951"/>
  <testcase classname="TestCases.ConsumerOffer_Msil" name="consumer_offers_mule" time="2.343"/>
  <testcase classname="TestCases.ConsumerOffer_Msil" name="consumer_offers_mule" time="1.763"/>
  <testcase classname="TestCases.ConsumerOffer_Msil" name="consumer_offers_mule" time="2.843"/>
  <testcase classname="TestCases.ConsumerOffer_Msil" name="consumer_offers_mule" time="2.663"/>
  <testcase classname="TestCases.ConsumerOffer_Msil" name="consumer_offers_mule" time="2.549"/>
  <testcase classname="TestCases.ConsumerOffer_Msil" name="consumer_offers_mule" time="2.260"/>
  <testcase classname="TestCases.ConsumerOffer_Msil" name="consumer_offers_mule" time="2.689"/>
  <testcase classname="TestCases.ConsumerOffer_Msil" name="consumer_offers_mule" time="2.053"/>
  <testcase classname="TestCases.ConsumerOffer_Msil" name="consumer_offers_mule" time="2.546"/>
  <testcase classname="TestCases.ConsumerOffer_Msil" name="consumer_offers_mule" time="3.504"/>
  <testcase classname="TestCases.ConsumerOffer_Msil" name="consumer_offers_mule" time="0.413"/>
  <testcase classname="TestCases.ConsumerOffer_Msil" name="consumer_offers_mule" time="2.039"/>
  <testcase classname="TestCases.ConsumerOffer_Msil" name="consumer_offers_mule" time="2.166"/>
  <testcase classname="TestCases.ConsumerOffer_Msil" name="consumer_offers_mule" time="2.876"/>
  <testcase classname="TestCases.ConsumerOffer_Msil" name="consumer_offers_mule" time="2.878"/>
  <testcase classname="TestCases.ConsumerOffer_Msil" name="consumer_offers_mule" time="2.442"/>
  <testcase classname="TestCases.ConsumerOffer_Msil" name="consumer_offers_mule" time="2.106"/>
  <testcase classname="TestCases.ConsumerOffer_Msil" name="consumer_offers_mule" time="2.019"/>
  <testcase classname="TestCases.ConsumerOffer_Msil" name="consumer_offers_mule" time="2.860"/>
  <testcase classname="TestCases.ConsumerOffer_Msil" name="consumer_offers_mule" time="2.441"/>
  <testcase classname="TestCases.ConsumerOffer_Msil" name="consumer_offers_mule" time="2.552"/>
  <testcase classname="TestCases.ConsumerOffer_Msil" name="consumer_offers_mule" time="2.453"/>
  <testcase classname="TestCases.ConsumerOffer_Msil" name="consumer_offers_mule" time="3.376"/>
  <testcase classname="TestCases.ConsumerOffer_Msil" name="consumer_offers_mule" time="1.922"/>
</testsuite> <!-- TestCases.ConsumerOffer_Msil -->
