<?xml version="1.0" encoding="UTF-8"?>
<!-- Generated by org.testng.reporters.JUnitReportReporter -->
<testsuite skipped="0" hostname="gurenderkush" name="TestCases.City_Master_Number_Plate_TC" tests="23" failures="0" timestamp="09 Aug 2021 07:46:30 GMT" time="14.182" errors="0">
  <testcase name="city_master" time="0.526" classname="TestCases.City_Master_Number_Plate_TC"/>
  <testcase name="city_master" time="0.684" classname="TestCases.City_Master_Number_Plate_TC"/>
  <testcase name="city_master" time="0.887" classname="TestCases.City_Master_Number_Plate_TC"/>
  <testcase name="city_master" time="0.671" classname="TestCases.City_Master_Number_Plate_TC"/>
  <testcase name="city_master" time="0.648" classname="TestCases.City_Master_Number_Plate_TC"/>
  <testcase name="city_master" time="0.766" classname="TestCases.City_Master_Number_Plate_TC"/>
  <testcase name="city_master" time="0.447" classname="TestCases.City_Master_Number_Plate_TC"/>
  <testcase name="city_master" time="0.467" classname="TestCases.City_Master_Number_Plate_TC"/>
  <testcase name="city_master" time="0.559" classname="TestCases.City_Master_Number_Plate_TC"/>
  <testcase name="city_master" time="0.710" classname="TestCases.City_Master_Number_Plate_TC"/>
  <testcase name="city_master" time="0.535" classname="TestCases.City_Master_Number_Plate_TC"/>
  <testcase name="city_master" time="0.546" classname="TestCases.City_Master_Number_Plate_TC"/>
  <testcase name="city_master" time="0.645" classname="TestCases.City_Master_Number_Plate_TC"/>
  <testcase name="city_master" time="0.552" classname="TestCases.City_Master_Number_Plate_TC"/>
  <testcase name="city_master" time="0.499" classname="TestCases.City_Master_Number_Plate_TC"/>
  <testcase name="city_master" time="0.441" classname="TestCases.City_Master_Number_Plate_TC"/>
  <testcase name="city_master" time="0.932" classname="TestCases.City_Master_Number_Plate_TC"/>
  <testcase name="city_master" time="0.556" classname="TestCases.City_Master_Number_Plate_TC"/>
  <testcase name="city_master" time="0.491" classname="TestCases.City_Master_Number_Plate_TC"/>
  <testcase name="city_master" time="0.860" classname="TestCases.City_Master_Number_Plate_TC"/>
  <testcase name="city_master" time="0.503" classname="TestCases.City_Master_Number_Plate_TC"/>
  <testcase name="city_master" time="0.603" classname="TestCases.City_Master_Number_Plate_TC"/>
  <testcase name="city_master" time="0.654" classname="TestCases.City_Master_Number_Plate_TC"/>
</testsuite> <!-- TestCases.City_Master_Number_Plate_TC -->
