<?xml version="1.0" encoding="UTF-8"?>
<!-- Generated by org.testng.reporters.JUnitReportReporter -->
<testsuite hostname="IN-6L680F3" failures="0" tests="2" name="TestCases.Endorsement_History_TC" time="23.529" errors="0" timestamp="26 Nov 2022 17:20:56 GMT" skipped="0">
  <testcase classname="TestCases.Endorsement_History_TC" name="endorsement_history" time="13.559"/>
  <testcase classname="TestCases.Endorsement_History_TC" name="endorsement_history" time="9.970"/>
</testsuite> <!-- TestCases.Endorsement_History_TC -->
