<?xml version="1.0" encoding="UTF-8"?>
<!-- Generated by org.testng.reporters.JUnitReportReporter -->
<testsuite skipped="0" hostname="gurenderkush" name="TestCases.City_Master_API_TC" tests="23" failures="0" timestamp="09 Aug 2021 07:46:30 GMT" time="10.961" errors="0">
  <testcase name="city_master" time="0.364" classname="TestCases.City_Master_API_TC"/>
  <testcase name="city_master" time="0.487" classname="TestCases.City_Master_API_TC"/>
  <testcase name="city_master" time="0.530" classname="TestCases.City_Master_API_TC"/>
  <testcase name="city_master" time="0.602" classname="TestCases.City_Master_API_TC"/>
  <testcase name="city_master" time="0.357" classname="TestCases.City_Master_API_TC"/>
  <testcase name="city_master" time="0.774" classname="TestCases.City_Master_API_TC"/>
  <testcase name="city_master" time="0.726" classname="TestCases.City_Master_API_TC"/>
  <testcase name="city_master" time="0.351" classname="TestCases.City_Master_API_TC"/>
  <testcase name="city_master" time="0.375" classname="TestCases.City_Master_API_TC"/>
  <testcase name="city_master" time="0.417" classname="TestCases.City_Master_API_TC"/>
  <testcase name="city_master" time="0.383" classname="TestCases.City_Master_API_TC"/>
  <testcase name="city_master" time="0.502" classname="TestCases.City_Master_API_TC"/>
  <testcase name="city_master" time="0.460" classname="TestCases.City_Master_API_TC"/>
  <testcase name="city_master" time="0.355" classname="TestCases.City_Master_API_TC"/>
  <testcase name="city_master" time="0.496" classname="TestCases.City_Master_API_TC"/>
  <testcase name="city_master" time="0.565" classname="TestCases.City_Master_API_TC"/>
  <testcase name="city_master" time="0.554" classname="TestCases.City_Master_API_TC"/>
  <testcase name="city_master" time="0.389" classname="TestCases.City_Master_API_TC"/>
  <testcase name="city_master" time="0.403" classname="TestCases.City_Master_API_TC"/>
  <testcase name="city_master" time="0.378" classname="TestCases.City_Master_API_TC"/>
  <testcase name="city_master" time="0.365" classname="TestCases.City_Master_API_TC"/>
  <testcase name="city_master" time="0.731" classname="TestCases.City_Master_API_TC"/>
  <testcase name="city_master" time="0.397" classname="TestCases.City_Master_API_TC"/>
</testsuite> <!-- TestCases.City_Master_API_TC -->
