<?xml version="1.0" encoding="UTF-8"?>
<!-- Generated by org.testng.reporters.JUnitReportReporter -->
<testsuite hostname="IN-DB5PTN3" failures="0" tests="5" name="TestCases.Functions_TC" time="2.854" errors="0" timestamp="10 Aug 2023 07:27:16 GMT" skipped="0">
  <testcase classname="TestCases.Functions_TC" name="Functions" time="0.246"/>
  <testcase classname="TestCases.Functions_TC" name="Functions" time="1.588"/>
  <testcase classname="TestCases.Functions_TC" name="Functions" time="0.336"/>
  <testcase classname="TestCases.Functions_TC" name="Functions" time="0.264"/>
  <testcase classname="TestCases.Functions_TC" name="Functions" time="0.420"/>
</testsuite> <!-- TestCases.Functions_TC -->
