<?xml version="1.0" encoding="UTF-8"?>
<!-- Generated by org.testng.reporters.JUnitReportReporter -->
<testsuite skipped="0" hostname="gurenderkush" name="TestCases.Send_OTP" tests="1" failures="0" timestamp="26 Feb 2021 04:53:28 GMT" time="2.683" errors="0">
  <testcase name="s_otp" time="2.683" classname="TestCases.Send_OTP"/>
</testsuite> <!-- TestCases.Send_OTP -->
