<?xml version="1.0" encoding="UTF-8"?>
<!-- Generated by org.testng.reporters.JUnitReportReporter -->
<testsuite skipped="0" hostname="gurenderkush" name="TestCases.Customer_Register_Send_Otp" tests="2" failures="0" timestamp="15 Mar 2021 06:13:18 GMT" time="1.919" errors="0">
  <testcase name="customer_regsiter_send_otp" time="1.215" classname="TestCases.Customer_Register_Send_Otp"/>
  <testcase name="invalid_mobile_send_otp" time="0.704" classname="TestCases.Customer_Register_Send_Otp"/>
</testsuite> <!-- TestCases.Customer_Register_Send_Otp -->
