<?xml version="1.0" encoding="UTF-8"?>
<!-- Generated by org.testng.reporters.JUnitReportReporter -->
<testsuite hostname="IN-6L680F3" failures="0" tests="125" name="TestCases.exshowroom_prices_mule_TC" time="1768.590" errors="0" timestamp="18 Oct 2022 05:00:21 GMT" skipped="0">
  <testcase classname="TestCases.exshowroom_prices_mule_TC" name="exshowroom_prices_mule" time="0.469"/>
  <testcase classname="TestCases.exshowroom_prices_mule_TC" name="exshowroom_prices_mule" time="41.351"/>
  <testcase classname="TestCases.exshowroom_prices_mule_TC" name="exshowroom_prices_mule" time="0.599"/>
  <testcase classname="TestCases.exshowroom_prices_mule_TC" name="exshowroom_prices_mule" time="41.046"/>
  <testcase classname="TestCases.exshowroom_prices_mule_TC" name="exshowroom_prices_mule" time="0.715"/>
  <testcase classname="TestCases.exshowroom_prices_mule_TC" name="exshowroom_prices_mule" time="0.446"/>
  <testcase classname="TestCases.exshowroom_prices_mule_TC" name="exshowroom_prices_mule" time="0.476"/>
  <testcase classname="TestCases.exshowroom_prices_mule_TC" name="exshowroom_prices_mule" time="0.370"/>
  <testcase classname="TestCases.exshowroom_prices_mule_TC" name="exshowroom_prices_mule" time="0.503"/>
  <testcase classname="TestCases.exshowroom_prices_mule_TC" name="exshowroom_prices_mule" time="0.433"/>
  <testcase classname="TestCases.exshowroom_prices_mule_TC" name="exshowroom_prices_mule" time="0.362"/>
  <testcase classname="TestCases.exshowroom_prices_mule_TC" name="exshowroom_prices_mule" time="0.416"/>
  <testcase classname="TestCases.exshowroom_prices_mule_TC" name="exshowroom_prices_mule" time="41.425"/>
  <testcase classname="TestCases.exshowroom_prices_mule_TC" name="exshowroom_prices_mule" time="34.341"/>
  <testcase classname="TestCases.exshowroom_prices_mule_TC" name="exshowroom_prices_mule" time="42.481"/>
  <testcase classname="TestCases.exshowroom_prices_mule_TC" name="exshowroom_prices_mule" time="0.524"/>
  <testcase classname="TestCases.exshowroom_prices_mule_TC" name="exshowroom_prices_mule" time="35.890"/>
  <testcase classname="TestCases.exshowroom_prices_mule_TC" name="exshowroom_prices_mule" time="0.416"/>
  <testcase classname="TestCases.exshowroom_prices_mule_TC" name="exshowroom_prices_mule" time="0.521"/>
  <testcase classname="TestCases.exshowroom_prices_mule_TC" name="exshowroom_prices_mule" time="40.062"/>
  <testcase classname="TestCases.exshowroom_prices_mule_TC" name="exshowroom_prices_mule" time="0.414"/>
  <testcase classname="TestCases.exshowroom_prices_mule_TC" name="exshowroom_prices_mule" time="41.695"/>
  <testcase classname="TestCases.exshowroom_prices_mule_TC" name="exshowroom_prices_mule" time="56.883"/>
  <testcase classname="TestCases.exshowroom_prices_mule_TC" name="exshowroom_prices_mule" time="0.539"/>
  <testcase classname="TestCases.exshowroom_prices_mule_TC" name="exshowroom_prices_mule" time="0.379"/>
  <testcase classname="TestCases.exshowroom_prices_mule_TC" name="exshowroom_prices_mule" time="0.374"/>
  <testcase classname="TestCases.exshowroom_prices_mule_TC" name="exshowroom_prices_mule" time="6.402"/>
  <testcase classname="TestCases.exshowroom_prices_mule_TC" name="exshowroom_prices_mule" time="35.650"/>
  <testcase classname="TestCases.exshowroom_prices_mule_TC" name="exshowroom_prices_mule" time="0.467"/>
  <testcase classname="TestCases.exshowroom_prices_mule_TC" name="exshowroom_prices_mule" time="43.335"/>
  <testcase classname="TestCases.exshowroom_prices_mule_TC" name="exshowroom_prices_mule" time="0.573"/>
  <testcase classname="TestCases.exshowroom_prices_mule_TC" name="exshowroom_prices_mule" time="0.388"/>
  <testcase classname="TestCases.exshowroom_prices_mule_TC" name="exshowroom_prices_mule" time="42.485"/>
  <testcase classname="TestCases.exshowroom_prices_mule_TC" name="exshowroom_prices_mule" time="0.376"/>
  <testcase classname="TestCases.exshowroom_prices_mule_TC" name="exshowroom_prices_mule" time="34.528"/>
  <testcase classname="TestCases.exshowroom_prices_mule_TC" name="exshowroom_prices_mule" time="0.445"/>
  <testcase classname="TestCases.exshowroom_prices_mule_TC" name="exshowroom_prices_mule" time="0.534"/>
  <testcase classname="TestCases.exshowroom_prices_mule_TC" name="exshowroom_prices_mule" time="0.472"/>
  <testcase classname="TestCases.exshowroom_prices_mule_TC" name="exshowroom_prices_mule" time="0.464"/>
  <testcase classname="TestCases.exshowroom_prices_mule_TC" name="exshowroom_prices_mule" time="38.426"/>
  <testcase classname="TestCases.exshowroom_prices_mule_TC" name="exshowroom_prices_mule" time="0.466"/>
  <testcase classname="TestCases.exshowroom_prices_mule_TC" name="exshowroom_prices_mule" time="35.979"/>
  <testcase classname="TestCases.exshowroom_prices_mule_TC" name="exshowroom_prices_mule" time="0.367"/>
  <testcase classname="TestCases.exshowroom_prices_mule_TC" name="exshowroom_prices_mule" time="0.446"/>
  <testcase classname="TestCases.exshowroom_prices_mule_TC" name="exshowroom_prices_mule" time="40.676"/>
  <testcase classname="TestCases.exshowroom_prices_mule_TC" name="exshowroom_prices_mule" time="0.327"/>
  <testcase classname="TestCases.exshowroom_prices_mule_TC" name="exshowroom_prices_mule" time="36.624"/>
  <testcase classname="TestCases.exshowroom_prices_mule_TC" name="exshowroom_prices_mule" time="0.463"/>
  <testcase classname="TestCases.exshowroom_prices_mule_TC" name="exshowroom_prices_mule" time="0.425"/>
  <testcase classname="TestCases.exshowroom_prices_mule_TC" name="exshowroom_prices_mule" time="35.245"/>
  <testcase classname="TestCases.exshowroom_prices_mule_TC" name="exshowroom_prices_mule" time="0.411"/>
  <testcase classname="TestCases.exshowroom_prices_mule_TC" name="exshowroom_prices_mule" time="34.884"/>
  <testcase classname="TestCases.exshowroom_prices_mule_TC" name="exshowroom_prices_mule" time="41.555"/>
  <testcase classname="TestCases.exshowroom_prices_mule_TC" name="exshowroom_prices_mule" time="0.431"/>
  <testcase classname="TestCases.exshowroom_prices_mule_TC" name="exshowroom_prices_mule" time="0.471"/>
  <testcase classname="TestCases.exshowroom_prices_mule_TC" name="exshowroom_prices_mule" time="0.406"/>
  <testcase classname="TestCases.exshowroom_prices_mule_TC" name="exshowroom_prices_mule" time="0.428"/>
  <testcase classname="TestCases.exshowroom_prices_mule_TC" name="exshowroom_prices_mule" time="34.558"/>
  <testcase classname="TestCases.exshowroom_prices_mule_TC" name="exshowroom_prices_mule" time="0.564"/>
  <testcase classname="TestCases.exshowroom_prices_mule_TC" name="exshowroom_prices_mule" time="0.413"/>
  <testcase classname="TestCases.exshowroom_prices_mule_TC" name="exshowroom_prices_mule" time="54.881"/>
  <testcase classname="TestCases.exshowroom_prices_mule_TC" name="exshowroom_prices_mule" time="0.368"/>
  <testcase classname="TestCases.exshowroom_prices_mule_TC" name="exshowroom_prices_mule" time="0.361"/>
  <testcase classname="TestCases.exshowroom_prices_mule_TC" name="exshowroom_prices_mule" time="0.461"/>
  <testcase classname="TestCases.exshowroom_prices_mule_TC" name="exshowroom_prices_mule" time="42.332"/>
  <testcase classname="TestCases.exshowroom_prices_mule_TC" name="exshowroom_prices_mule" time="0.478"/>
  <testcase classname="TestCases.exshowroom_prices_mule_TC" name="exshowroom_prices_mule" time="0.527"/>
  <testcase classname="TestCases.exshowroom_prices_mule_TC" name="exshowroom_prices_mule" time="0.424"/>
  <testcase classname="TestCases.exshowroom_prices_mule_TC" name="exshowroom_prices_mule" time="0.498"/>
  <testcase classname="TestCases.exshowroom_prices_mule_TC" name="exshowroom_prices_mule" time="41.396"/>
  <testcase classname="TestCases.exshowroom_prices_mule_TC" name="exshowroom_prices_mule" time="40.758"/>
  <testcase classname="TestCases.exshowroom_prices_mule_TC" name="exshowroom_prices_mule" time="0.421"/>
  <testcase classname="TestCases.exshowroom_prices_mule_TC" name="exshowroom_prices_mule" time="0.387"/>
  <testcase classname="TestCases.exshowroom_prices_mule_TC" name="exshowroom_prices_mule" time="0.491"/>
  <testcase classname="TestCases.exshowroom_prices_mule_TC" name="exshowroom_prices_mule" time="0.431"/>
  <testcase classname="TestCases.exshowroom_prices_mule_TC" name="exshowroom_prices_mule" time="0.387"/>
  <testcase classname="TestCases.exshowroom_prices_mule_TC" name="exshowroom_prices_mule" time="39.755"/>
  <testcase classname="TestCases.exshowroom_prices_mule_TC" name="exshowroom_prices_mule" time="0.388"/>
  <testcase classname="TestCases.exshowroom_prices_mule_TC" name="exshowroom_prices_mule" time="0.412"/>
  <testcase classname="TestCases.exshowroom_prices_mule_TC" name="exshowroom_prices_mule" time="39.929"/>
  <testcase classname="TestCases.exshowroom_prices_mule_TC" name="exshowroom_prices_mule" time="0.372"/>
  <testcase classname="TestCases.exshowroom_prices_mule_TC" name="exshowroom_prices_mule" time="0.413"/>
  <testcase classname="TestCases.exshowroom_prices_mule_TC" name="exshowroom_prices_mule" time="0.373"/>
  <testcase classname="TestCases.exshowroom_prices_mule_TC" name="exshowroom_prices_mule" time="0.627"/>
  <testcase classname="TestCases.exshowroom_prices_mule_TC" name="exshowroom_prices_mule" time="0.395"/>
  <testcase classname="TestCases.exshowroom_prices_mule_TC" name="exshowroom_prices_mule" time="0.379"/>
  <testcase classname="TestCases.exshowroom_prices_mule_TC" name="exshowroom_prices_mule" time="0.391"/>
  <testcase classname="TestCases.exshowroom_prices_mule_TC" name="exshowroom_prices_mule" time="0.378"/>
  <testcase classname="TestCases.exshowroom_prices_mule_TC" name="exshowroom_prices_mule" time="0.460"/>
  <testcase classname="TestCases.exshowroom_prices_mule_TC" name="exshowroom_prices_mule" time="0.382"/>
  <testcase classname="TestCases.exshowroom_prices_mule_TC" name="exshowroom_prices_mule" time="0.559"/>
  <testcase classname="TestCases.exshowroom_prices_mule_TC" name="exshowroom_prices_mule" time="35.543"/>
  <testcase classname="TestCases.exshowroom_prices_mule_TC" name="exshowroom_prices_mule" time="0.466"/>
  <testcase classname="TestCases.exshowroom_prices_mule_TC" name="exshowroom_prices_mule" time="40.773"/>
  <testcase classname="TestCases.exshowroom_prices_mule_TC" name="exshowroom_prices_mule" time="0.332"/>
  <testcase classname="TestCases.exshowroom_prices_mule_TC" name="exshowroom_prices_mule" time="0.442"/>
  <testcase classname="TestCases.exshowroom_prices_mule_TC" name="exshowroom_prices_mule" time="35.995"/>
  <testcase classname="TestCases.exshowroom_prices_mule_TC" name="exshowroom_prices_mule" time="40.785"/>
  <testcase classname="TestCases.exshowroom_prices_mule_TC" name="exshowroom_prices_mule" time="0.760"/>
  <testcase classname="TestCases.exshowroom_prices_mule_TC" name="exshowroom_prices_mule" time="1.567"/>
  <testcase classname="TestCases.exshowroom_prices_mule_TC" name="exshowroom_prices_mule" time="37.201"/>
  <testcase classname="TestCases.exshowroom_prices_mule_TC" name="exshowroom_prices_mule" time="0.496"/>
  <testcase classname="TestCases.exshowroom_prices_mule_TC" name="exshowroom_prices_mule" time="0.347"/>
  <testcase classname="TestCases.exshowroom_prices_mule_TC" name="exshowroom_prices_mule" time="0.406"/>
  <testcase classname="TestCases.exshowroom_prices_mule_TC" name="exshowroom_prices_mule" time="0.493"/>
  <testcase classname="TestCases.exshowroom_prices_mule_TC" name="exshowroom_prices_mule" time="0.475"/>
  <testcase classname="TestCases.exshowroom_prices_mule_TC" name="exshowroom_prices_mule" time="0.321"/>
  <testcase classname="TestCases.exshowroom_prices_mule_TC" name="exshowroom_prices_mule" time="0.373"/>
  <testcase classname="TestCases.exshowroom_prices_mule_TC" name="exshowroom_prices_mule" time="0.417"/>
  <testcase classname="TestCases.exshowroom_prices_mule_TC" name="exshowroom_prices_mule" time="0.434"/>
  <testcase classname="TestCases.exshowroom_prices_mule_TC" name="exshowroom_prices_mule" time="34.836"/>
  <testcase classname="TestCases.exshowroom_prices_mule_TC" name="exshowroom_prices_mule" time="0.352"/>
  <testcase classname="TestCases.exshowroom_prices_mule_TC" name="exshowroom_prices_mule" time="0.438"/>
  <testcase classname="TestCases.exshowroom_prices_mule_TC" name="exshowroom_prices_mule" time="40.378"/>
  <testcase classname="TestCases.exshowroom_prices_mule_TC" name="exshowroom_prices_mule" time="61.498"/>
  <testcase classname="TestCases.exshowroom_prices_mule_TC" name="exshowroom_prices_mule" time="0.483"/>
  <testcase classname="TestCases.exshowroom_prices_mule_TC" name="exshowroom_prices_mule" time="0.406"/>
  <testcase classname="TestCases.exshowroom_prices_mule_TC" name="exshowroom_prices_mule" time="35.186"/>
  <testcase classname="TestCases.exshowroom_prices_mule_TC" name="exshowroom_prices_mule" time="41.370"/>
  <testcase classname="TestCases.exshowroom_prices_mule_TC" name="exshowroom_prices_mule" time="58.285"/>
  <testcase classname="TestCases.exshowroom_prices_mule_TC" name="exshowroom_prices_mule" time="66.393"/>
  <testcase classname="TestCases.exshowroom_prices_mule_TC" name="exshowroom_prices_mule" time="35.066"/>
  <testcase classname="TestCases.exshowroom_prices_mule_TC" name="exshowroom_prices_mule" time="38.510"/>
  <testcase classname="TestCases.exshowroom_prices_mule_TC" name="exshowroom_prices_mule" time="0.425"/>
  <testcase classname="TestCases.exshowroom_prices_mule_TC" name="exshowroom_prices_mule" time="34.710"/>
</testsuite> <!-- TestCases.exshowroom_prices_mule_TC -->
