<?xml version="1.0" encoding="UTF-8"?>
<!-- Generated by org.testng.reporters.JUnitReportReporter -->
<testsuite hostname="IN-6L680F3" failures="0" tests="1" name="TestCases.exshowroom_price_mule_TC" time="0.000" errors="0" timestamp="02 Oct 2022 09:45:58 GMT" skipped="1">
  <testcase classname="TestCases.exshowroom_price_mule_TC" name="exshowroom_mule_TC" time="0.000">
    <skipped/>
  </testcase> <!-- exshowroom_mule_TC -->
</testsuite> <!-- TestCases.exshowroom_price_mule_TC -->
