<?xml version="1.0" encoding="UTF-8"?>
<!-- Generated by org.testng.reporters.JUnitReportReporter -->
<testsuite skipped="0" hostname="gurenderkush" name="TestCases.Add_Customer_Address" tests="1" failures="0" timestamp="09 Aug 2021 07:46:30 GMT" time="0.453" errors="0">
  <testcase name="add_customer_address" time="0.453" classname="TestCases.Add_Customer_Address"/>
</testsuite> <!-- TestCases.Add_Customer_Address -->
