<?xml version="1.0" encoding="UTF-8"?>
<!-- Generated by org.testng.reporters.JUnitReportReporter -->
<testsuite hostname="IN-6L680F3" failures="0" tests="1" name="TestCases.common_sms_test" time="1.797" errors="0" timestamp="05 Apr 2022 08:25:55 GMT" skipped="0">
  <testcase classname="TestCases.common_sms_test" name="common_sms" time="1.797"/>
</testsuite> <!-- TestCases.common_sms_test -->
