<?xml version="1.0" encoding="UTF-8"?>
<!-- Generated by org.testng.reporters.JUnitReportReporter -->
<testsuite skipped="0" hostname="gurenderkush" name="TestCases.City_Master_Number_Plate_TC" tests="1" failures="0" timestamp="06 Apr 2021 09:45:29 GMT" time="0.639" errors="0">
  <testcase name="city_master" time="0.639" classname="TestCases.City_Master_Number_Plate_TC"/>
</testsuite> <!-- TestCases.City_Master_Number_Plate_TC -->
