<?xml version="1.0" encoding="UTF-8"?>
<!-- Generated by org.testng.reporters.JUnitReportReporter -->
<testsuite hostname="IN-DB5PTN3" failures="0" tests="5" name="TestCases.aatrvcreateenq" time="78.010" errors="0" timestamp="10 Aug 2023 06:43:35 GMT" skipped="0">
  <testcase classname="TestCases.aatrvcreateenq" name="CreateNewEnq" time="14.766"/>
  <testcase classname="TestCases.aatrvcreateenq" name="CreateNewEnq" time="14.698"/>
  <testcase classname="TestCases.aatrvcreateenq" name="CreateNewEnq" time="15.138"/>
  <testcase classname="TestCases.aatrvcreateenq" name="CreateNewEnq" time="18.540"/>
  <testcase classname="TestCases.aatrvcreateenq" name="CreateNewEnq" time="14.868"/>
</testsuite> <!-- TestCases.aatrvcreateenq -->
