<?xml version="1.0" encoding="UTF-8"?>
<!-- Generated by org.testng.reporters.JUnitReportReporter -->
<testsuite skipped="0" hostname="gurenderkush" name="TestCases.Vehicle_Details_TC" tests="1" failures="0" timestamp="21 Sep 2021 15:12:40 GMT" time="0.332" errors="0">
  <testcase name="Vehicle_details" time="0.332" classname="TestCases.Vehicle_Details_TC"/>
</testsuite> <!-- TestCases.Vehicle_Details_TC -->
