<?xml version="1.0" encoding="UTF-8"?>
<!-- Generated by org.testng.reporters.JUnitReportReporter -->
<testsuite hostname="IN-6L680F3" failures="0" tests="1" name="TestCases.ALL_policies_MI_TC" time="41.887" errors="0" timestamp="23 Nov 2022 09:00:37 GMT" skipped="0">
  <testcase classname="TestCases.ALL_policies_MI_TC" name="all_ploicies_MI" time="41.887"/>
</testsuite> <!-- TestCases.ALL_policies_MI_TC -->
