<?xml version="1.0" encoding="UTF-8"?>
<!-- Generated by org.testng.reporters.JUnitReportReporter -->
<testsuite skipped="0" hostname="gurenderkush" name="TestCases.All_Master_Generic_API" tests="1" failures="0" timestamp="16 Mar 2021 11:41:25 GMT" time="0.746" errors="0">
  <testcase name="all_master_generic_api" time="0.746" classname="TestCases.All_Master_Generic_API"/>
</testsuite> <!-- TestCases.All_Master_Generic_API -->
