<?xml version="1.0" encoding="UTF-8"?>
<!-- Generated by org.testng.reporters.JUnitReportReporter -->
<testsuite skipped="0" hostname="gurenderkush" name="TestCases.Customer_Registartion" tests="13" failures="0" timestamp="17 Dec 2021 16:11:17 GMT" time="8.390" errors="0">
  <testcase name="invalid_customer_registration" time="0.516" classname="TestCases.Customer_Registartion"/>
  <testcase name="customer_registration" time="0.566" classname="TestCases.Customer_Registartion"/>
  <testcase name="invalid_customer_registration" time="0.509" classname="TestCases.Customer_Registartion"/>
  <testcase name="invalid_customer_registration" time="1.077" classname="TestCases.Customer_Registartion"/>
  <testcase name="customer_registration" time="0.547" classname="TestCases.Customer_Registartion"/>
  <testcase name="customer_registration" time="0.629" classname="TestCases.Customer_Registartion"/>
  <testcase name="invalid_customer_registration" time="0.571" classname="TestCases.Customer_Registartion"/>
  <testcase name="customer_registration" time="0.619" classname="TestCases.Customer_Registartion"/>
  <testcase name="invalid_customer_registration" time="0.655" classname="TestCases.Customer_Registartion"/>
  <testcase name="customer_registration" time="0.887" classname="TestCases.Customer_Registartion"/>
  <testcase name="invalid_customer_registration" time="0.605" classname="TestCases.Customer_Registartion"/>
  <testcase name="customer_registration" time="0.588" classname="TestCases.Customer_Registartion"/>
  <testcase name="customer_registration" time="0.621" classname="TestCases.Customer_Registartion"/>
</testsuite> <!-- TestCases.Customer_Registartion -->
