<?xml version="1.0" encoding="UTF-8"?>
<!-- Generated by org.testng.reporters.JUnitReportReporter -->
<testsuite skipped="0" hostname="gurenderkush" name="TestCases.Customer_Register_Cognito" tests="1" failures="0" timestamp="09 Aug 2021 07:46:30 GMT" time="18.781" errors="0">
  <testcase name="customer_register_cognito" time="18.781" classname="TestCases.Customer_Register_Cognito"/>
</testsuite> <!-- TestCases.Customer_Register_Cognito -->
