<?xml version="1.0" encoding="UTF-8"?>
<!-- Generated by org.testng.reporters.JUnitReportReporter -->
<testsuite skipped="0" hostname="gurenderkush" name="TestCases.Get_Customer_Details" tests="1" failures="0" timestamp="06 Apr 2021 09:45:29 GMT" time="68.707" errors="0">
  <testcase name="get_customer_details" time="68.707" classname="TestCases.Get_Customer_Details"/>
</testsuite> <!-- TestCases.Get_Customer_Details -->
