<?xml version="1.0" encoding="UTF-8"?>
<!-- Generated by org.testng.reporters.JUnitReportReporter -->
<testsuite hostname="akhilessharma01" failures="0" tests="1" name="TestCases.generateToken" time="4.686" errors="0" timestamp="19 Apr 2021 05:38:37 GMT" skipped="0">
  <testcase classname="TestCases.generateToken" name="gen_auth_token" time="4.686"/>
</testsuite> <!-- TestCases.generateToken -->
