<?xml version="1.0" encoding="UTF-8"?>
<!-- Generated by org.testng.reporters.JUnitReportReporter -->
<testsuite skipped="0" hostname="gurenderkush" name="TestCases.Car_Model_Ranking" tests="14" failures="0" timestamp="21 Sep 2021 15:12:40 GMT" time="21.107" errors="0">
  <testcase name="car_basison_ranking" time="1.414" classname="TestCases.Car_Model_Ranking"/>
  <testcase name="car_basison_ranking" time="1.521" classname="TestCases.Car_Model_Ranking"/>
  <testcase name="car_basison_ranking" time="1.398" classname="TestCases.Car_Model_Ranking"/>
  <testcase name="car_basison_ranking" time="1.687" classname="TestCases.Car_Model_Ranking"/>
  <testcase name="car_basison_ranking" time="1.453" classname="TestCases.Car_Model_Ranking"/>
  <testcase name="car_basison_ranking" time="1.750" classname="TestCases.Car_Model_Ranking"/>
  <testcase name="car_basison_ranking" time="1.339" classname="TestCases.Car_Model_Ranking"/>
  <testcase name="car_basison_ranking" time="1.378" classname="TestCases.Car_Model_Ranking"/>
  <testcase name="car_basison_ranking" time="1.477" classname="TestCases.Car_Model_Ranking"/>
  <testcase name="car_basison_ranking" time="1.429" classname="TestCases.Car_Model_Ranking"/>
  <testcase name="car_basison_ranking" time="1.334" classname="TestCases.Car_Model_Ranking"/>
  <testcase name="car_basison_ranking" time="1.357" classname="TestCases.Car_Model_Ranking"/>
  <testcase name="car_basison_ranking" time="1.873" classname="TestCases.Car_Model_Ranking"/>
  <testcase name="car_basison_ranking" time="1.697" classname="TestCases.Car_Model_Ranking"/>
</testsuite> <!-- TestCases.Car_Model_Ranking -->
