<?xml version="1.0" encoding="UTF-8"?>
<!-- Generated by org.testng.reporters.JUnitReportReporter -->
<testsuite hostname="nehajha" failures="0" tests="1" name="TestCases.Common_Cust_Verify_Otp" time="0.549" errors="0" timestamp="15 Mar 2021 07:03:03 GMT" skipped="0">
  <testcase classname="TestCases.Common_Cust_Verify_Otp" name="customer_verify_otp" time="0.549"/>
</testsuite> <!-- TestCases.Common_Cust_Verify_Otp -->
