<?xml version="1.0" encoding="UTF-8"?>
<!-- Generated by org.testng.reporters.JUnitReportReporter -->
<testsuite hostname="nehajha" failures="0" tests="1" name="TestCases.Send_OTP" time="3.614" errors="0" timestamp="15 Mar 2021 07:03:03 GMT" skipped="0">
  <testcase classname="TestCases.Send_OTP" name="s_otp" time="3.614"/>
</testsuite> <!-- TestCases.Send_OTP -->
