<?xml version="1.0" encoding="UTF-8"?>
<!-- Generated by org.testng.reporters.JUnitReportReporter -->
<testsuite skipped="0" hostname="gurenderkush" name="TestCases.Customer_Exists" tests="4" failures="0" timestamp="21 Sep 2021 15:12:40 GMT" time="1.619" errors="0">
  <testcase name="invalid_customer_exists" time="0.373" classname="TestCases.Customer_Exists"/>
  <testcase name="invalid_customer_exists" time="0.351" classname="TestCases.Customer_Exists"/>
  <testcase name="invalid_customer_exists" time="0.394" classname="TestCases.Customer_Exists"/>
  <testcase name="customer_exists" time="0.501" classname="TestCases.Customer_Exists"/>
</testsuite> <!-- TestCases.Customer_Exists -->
