<?xml version="1.0" encoding="UTF-8"?>
<!-- Generated by org.testng.reporters.JUnitReportReporter -->
<testsuite hostname="IN-6L680F3" failures="0" tests="1" name="TestCases.Pickup_type_TC" time="18.395" errors="0" timestamp="30 Nov 2022 06:07:01 GMT" skipped="0">
  <testcase classname="TestCases.Pickup_type_TC" name="pickup_type" time="18.395"/>
</testsuite> <!-- TestCases.Pickup_type_TC -->
