<?xml version="1.0" encoding="UTF-8"?>
<!-- Generated by org.testng.reporters.JUnitReportReporter -->
<testsuite hostname="IN-DB5PTN3" failures="0" tests="5" name="TestCases.Frames_TC" time="3.214" errors="0" timestamp="10 Aug 2023 07:27:32 GMT" skipped="0">
  <testcase classname="TestCases.Frames_TC" name="Frames" time="0.309"/>
  <testcase classname="TestCases.Frames_TC" name="Frames" time="0.370"/>
  <testcase classname="TestCases.Frames_TC" name="Frames" time="1.786"/>
  <testcase classname="TestCases.Frames_TC" name="Frames" time="0.469"/>
  <testcase classname="TestCases.Frames_TC" name="Frames" time="0.280"/>
</testsuite> <!-- TestCases.Frames_TC -->
