<?xml version="1.0" encoding="UTF-8"?>
<!-- Generated by org.testng.reporters.JUnitReportReporter -->
<testsuite skipped="0" hostname="gurenderkush" name="TestCases.WhiteList_Ref_isHybrid_TC" tests="2" failures="0" timestamp="17 Dec 2021 16:11:17 GMT" time="3.133" errors="0">
  <testcase name="Whitelist_Ref_ishybrid" time="0.873" classname="TestCases.WhiteList_Ref_isHybrid_TC"/>
  <testcase name="Whitelist_Ref_ishybrid" time="2.260" classname="TestCases.WhiteList_Ref_isHybrid_TC"/>
</testsuite> <!-- TestCases.WhiteList_Ref_isHybrid_TC -->
