<?xml version="1.0" encoding="UTF-8"?>
<!-- Generated by org.testng.reporters.JUnitReportReporter -->
<testsuite hostname="IN-6L680F3" failures="0" tests="123" name="TestCases.MSIL_Registration_price" time="4236.579" errors="0" timestamp="03 Nov 2022 04:15:51 GMT" skipped="0">
  <testcase classname="TestCases.MSIL_Registration_price" name="registration_price_msil" time="3.232"/>
  <testcase classname="TestCases.MSIL_Registration_price" name="registration_price_msil" time="27.359"/>
  <testcase classname="TestCases.MSIL_Registration_price" name="registration_price_msil" time="29.488"/>
  <testcase classname="TestCases.MSIL_Registration_price" name="registration_price_msil" time="30.931"/>
  <testcase classname="TestCases.MSIL_Registration_price" name="registration_price_msil" time="62.149"/>
  <testcase classname="TestCases.MSIL_Registration_price" name="registration_price_msil" time="29.812"/>
  <testcase classname="TestCases.MSIL_Registration_price" name="registration_price_msil" time="7.427"/>
  <testcase classname="TestCases.MSIL_Registration_price" name="registration_price_msil" time="30.438"/>
  <testcase classname="TestCases.MSIL_Registration_price" name="registration_price_msil" time="26.419"/>
  <testcase classname="TestCases.MSIL_Registration_price" name="registration_price_msil" time="70.556"/>
  <testcase classname="TestCases.MSIL_Registration_price" name="registration_price_msil" time="27.848"/>
  <testcase classname="TestCases.MSIL_Registration_price" name="registration_price_msil" time="25.608"/>
  <testcase classname="TestCases.MSIL_Registration_price" name="registration_price_msil" time="26.816"/>
  <testcase classname="TestCases.MSIL_Registration_price" name="registration_price_msil" time="60.772"/>
  <testcase classname="TestCases.MSIL_Registration_price" name="registration_price_msil" time="54.183"/>
  <testcase classname="TestCases.MSIL_Registration_price" name="registration_price_msil" time="27.554"/>
  <testcase classname="TestCases.MSIL_Registration_price" name="registration_price_msil" time="34.043"/>
  <testcase classname="TestCases.MSIL_Registration_price" name="registration_price_msil" time="29.639"/>
  <testcase classname="TestCases.MSIL_Registration_price" name="registration_price_msil" time="34.080"/>
  <testcase classname="TestCases.MSIL_Registration_price" name="registration_price_msil" time="2.017"/>
  <testcase classname="TestCases.MSIL_Registration_price" name="registration_price_msil" time="27.140"/>
  <testcase classname="TestCases.MSIL_Registration_price" name="registration_price_msil" time="27.896"/>
  <testcase classname="TestCases.MSIL_Registration_price" name="registration_price_msil" time="31.243"/>
  <testcase classname="TestCases.MSIL_Registration_price" name="registration_price_msil" time="25.859"/>
  <testcase classname="TestCases.MSIL_Registration_price" name="registration_price_msil" time="26.683"/>
  <testcase classname="TestCases.MSIL_Registration_price" name="registration_price_msil" time="29.455"/>
  <testcase classname="TestCases.MSIL_Registration_price" name="registration_price_msil" time="27.885"/>
  <testcase classname="TestCases.MSIL_Registration_price" name="registration_price_msil" time="39.784"/>
  <testcase classname="TestCases.MSIL_Registration_price" name="registration_price_msil" time="27.307"/>
  <testcase classname="TestCases.MSIL_Registration_price" name="registration_price_msil" time="28.909"/>
  <testcase classname="TestCases.MSIL_Registration_price" name="registration_price_msil" time="29.886"/>
  <testcase classname="TestCases.MSIL_Registration_price" name="registration_price_msil" time="2.937"/>
  <testcase classname="TestCases.MSIL_Registration_price" name="registration_price_msil" time="27.428"/>
  <testcase classname="TestCases.MSIL_Registration_price" name="registration_price_msil" time="27.782"/>
  <testcase classname="TestCases.MSIL_Registration_price" name="registration_price_msil" time="27.739"/>
  <testcase classname="TestCases.MSIL_Registration_price" name="registration_price_msil" time="33.057"/>
  <testcase classname="TestCases.MSIL_Registration_price" name="registration_price_msil" time="51.902"/>
  <testcase classname="TestCases.MSIL_Registration_price" name="registration_price_msil" time="3.767"/>
  <testcase classname="TestCases.MSIL_Registration_price" name="registration_price_msil" time="26.276"/>
  <testcase classname="TestCases.MSIL_Registration_price" name="registration_price_msil" time="29.660"/>
  <testcase classname="TestCases.MSIL_Registration_price" name="registration_price_msil" time="33.787"/>
  <testcase classname="TestCases.MSIL_Registration_price" name="registration_price_msil" time="41.860"/>
  <testcase classname="TestCases.MSIL_Registration_price" name="registration_price_msil" time="29.120"/>
  <testcase classname="TestCases.MSIL_Registration_price" name="registration_price_msil" time="25.355"/>
  <testcase classname="TestCases.MSIL_Registration_price" name="registration_price_msil" time="28.446"/>
  <testcase classname="TestCases.MSIL_Registration_price" name="registration_price_msil" time="28.237"/>
  <testcase classname="TestCases.MSIL_Registration_price" name="registration_price_msil" time="44.554"/>
  <testcase classname="TestCases.MSIL_Registration_price" name="registration_price_msil" time="27.793"/>
  <testcase classname="TestCases.MSIL_Registration_price" name="registration_price_msil" time="29.296"/>
  <testcase classname="TestCases.MSIL_Registration_price" name="registration_price_msil" time="28.751"/>
  <testcase classname="TestCases.MSIL_Registration_price" name="registration_price_msil" time="49.355"/>
  <testcase classname="TestCases.MSIL_Registration_price" name="registration_price_msil" time="73.027"/>
  <testcase classname="TestCases.MSIL_Registration_price" name="registration_price_msil" time="25.579"/>
  <testcase classname="TestCases.MSIL_Registration_price" name="registration_price_msil" time="29.684"/>
  <testcase classname="TestCases.MSIL_Registration_price" name="registration_price_msil" time="4.264"/>
  <testcase classname="TestCases.MSIL_Registration_price" name="registration_price_msil" time="26.952"/>
  <testcase classname="TestCases.MSIL_Registration_price" name="registration_price_msil" time="28.113"/>
  <testcase classname="TestCases.MSIL_Registration_price" name="registration_price_msil" time="28.128"/>
  <testcase classname="TestCases.MSIL_Registration_price" name="registration_price_msil" time="2.860"/>
  <testcase classname="TestCases.MSIL_Registration_price" name="registration_price_msil" time="30.999"/>
  <testcase classname="TestCases.MSIL_Registration_price" name="registration_price_msil" time="38.911"/>
  <testcase classname="TestCases.MSIL_Registration_price" name="registration_price_msil" time="25.843"/>
  <testcase classname="TestCases.MSIL_Registration_price" name="registration_price_msil" time="26.523"/>
  <testcase classname="TestCases.MSIL_Registration_price" name="registration_price_msil" time="31.425"/>
  <testcase classname="TestCases.MSIL_Registration_price" name="registration_price_msil" time="51.924"/>
  <testcase classname="TestCases.MSIL_Registration_price" name="registration_price_msil" time="3.591"/>
  <testcase classname="TestCases.MSIL_Registration_price" name="registration_price_msil" time="34.402"/>
  <testcase classname="TestCases.MSIL_Registration_price" name="registration_price_msil" time="35.967"/>
  <testcase classname="TestCases.MSIL_Registration_price" name="registration_price_msil" time="34.147"/>
  <testcase classname="TestCases.MSIL_Registration_price" name="registration_price_msil" time="28.843"/>
  <testcase classname="TestCases.MSIL_Registration_price" name="registration_price_msil" time="42.789"/>
  <testcase classname="TestCases.MSIL_Registration_price" name="registration_price_msil" time="41.727"/>
  <testcase classname="TestCases.MSIL_Registration_price" name="registration_price_msil" time="30.137"/>
  <testcase classname="TestCases.MSIL_Registration_price" name="registration_price_msil" time="33.989"/>
  <testcase classname="TestCases.MSIL_Registration_price" name="registration_price_msil" time="26.782"/>
  <testcase classname="TestCases.MSIL_Registration_price" name="registration_price_msil" time="52.539"/>
  <testcase classname="TestCases.MSIL_Registration_price" name="registration_price_msil" time="28.334"/>
  <testcase classname="TestCases.MSIL_Registration_price" name="registration_price_msil" time="28.564"/>
  <testcase classname="TestCases.MSIL_Registration_price" name="registration_price_msil" time="27.281"/>
  <testcase classname="TestCases.MSIL_Registration_price" name="registration_price_msil" time="2.830"/>
  <testcase classname="TestCases.MSIL_Registration_price" name="registration_price_msil" time="67.605"/>
  <testcase classname="TestCases.MSIL_Registration_price" name="registration_price_msil" time="29.408"/>
  <testcase classname="TestCases.MSIL_Registration_price" name="registration_price_msil" time="31.570"/>
  <testcase classname="TestCases.MSIL_Registration_price" name="registration_price_msil" time="40.269"/>
  <testcase classname="TestCases.MSIL_Registration_price" name="registration_price_msil" time="67.098"/>
  <testcase classname="TestCases.MSIL_Registration_price" name="registration_price_msil" time="25.722"/>
  <testcase classname="TestCases.MSIL_Registration_price" name="registration_price_msil" time="4.529"/>
  <testcase classname="TestCases.MSIL_Registration_price" name="registration_price_msil" time="5.452"/>
  <testcase classname="TestCases.MSIL_Registration_price" name="registration_price_msil" time="50.097"/>
  <testcase classname="TestCases.MSIL_Registration_price" name="registration_price_msil" time="28.027"/>
  <testcase classname="TestCases.MSIL_Registration_price" name="registration_price_msil" time="95.969"/>
  <testcase classname="TestCases.MSIL_Registration_price" name="registration_price_msil" time="29.724"/>
  <testcase classname="TestCases.MSIL_Registration_price" name="registration_price_msil" time="28.641"/>
  <testcase classname="TestCases.MSIL_Registration_price" name="registration_price_msil" time="32.234"/>
  <testcase classname="TestCases.MSIL_Registration_price" name="registration_price_msil" time="26.714"/>
  <testcase classname="TestCases.MSIL_Registration_price" name="registration_price_msil" time="30.882"/>
  <testcase classname="TestCases.MSIL_Registration_price" name="registration_price_msil" time="3.130"/>
  <testcase classname="TestCases.MSIL_Registration_price" name="registration_price_msil" time="105.611"/>
  <testcase classname="TestCases.MSIL_Registration_price" name="registration_price_msil" time="45.592"/>
  <testcase classname="TestCases.MSIL_Registration_price" name="registration_price_msil" time="71.003"/>
  <testcase classname="TestCases.MSIL_Registration_price" name="registration_price_msil" time="26.537"/>
  <testcase classname="TestCases.MSIL_Registration_price" name="registration_price_msil" time="70.651"/>
  <testcase classname="TestCases.MSIL_Registration_price" name="registration_price_msil" time="61.046"/>
  <testcase classname="TestCases.MSIL_Registration_price" name="registration_price_msil" time="33.913"/>
  <testcase classname="TestCases.MSIL_Registration_price" name="registration_price_msil" time="69.715"/>
  <testcase classname="TestCases.MSIL_Registration_price" name="registration_price_msil" time="73.108"/>
  <testcase classname="TestCases.MSIL_Registration_price" name="registration_price_msil" time="28.686"/>
  <testcase classname="TestCases.MSIL_Registration_price" name="registration_price_msil" time="27.908"/>
  <testcase classname="TestCases.MSIL_Registration_price" name="registration_price_msil" time="3.591"/>
  <testcase classname="TestCases.MSIL_Registration_price" name="registration_price_msil" time="29.781"/>
  <testcase classname="TestCases.MSIL_Registration_price" name="registration_price_msil" time="32.826"/>
  <testcase classname="TestCases.MSIL_Registration_price" name="registration_price_msil" time="33.870"/>
  <testcase classname="TestCases.MSIL_Registration_price" name="registration_price_msil" time="27.255"/>
  <testcase classname="TestCases.MSIL_Registration_price" name="registration_price_msil" time="1.635"/>
  <testcase classname="TestCases.MSIL_Registration_price" name="registration_price_msil" time="40.749"/>
  <testcase classname="TestCases.MSIL_Registration_price" name="registration_price_msil" time="30.204"/>
  <testcase classname="TestCases.MSIL_Registration_price" name="registration_price_msil" time="27.427"/>
  <testcase classname="TestCases.MSIL_Registration_price" name="registration_price_msil" time="27.172"/>
  <testcase classname="TestCases.MSIL_Registration_price" name="registration_price_msil" time="26.747"/>
  <testcase classname="TestCases.MSIL_Registration_price" name="registration_price_msil" time="73.110"/>
  <testcase classname="TestCases.MSIL_Registration_price" name="registration_price_msil" time="71.693"/>
  <testcase classname="TestCases.MSIL_Registration_price" name="registration_price_msil" time="69.513"/>
  <testcase classname="TestCases.MSIL_Registration_price" name="registration_price_msil" time="94.491"/>
</testsuite> <!-- TestCases.MSIL_Registration_price -->
