<?xml version="1.0" encoding="UTF-8"?>
<!-- Generated by org.testng.reporters.JUnitReportReporter -->
<testsuite skipped="0" hostname="gurenderkush" name="TestCases.Add_Customer_Address" tests="1" failures="0" timestamp="21 Sep 2021 15:12:40 GMT" time="0.704" errors="0">
  <testcase name="add_customer_address" time="0.704" classname="TestCases.Add_Customer_Address"/>
</testsuite> <!-- TestCases.Add_Customer_Address -->
