<?xml version="1.0" encoding="UTF-8"?>
<!-- Generated by org.testng.reporters.JUnitReportReporter -->
<testsuite skipped="0" hostname="gurenderkush" name="TestCases.GetCustomerOccupationById" tests="1" failures="0" timestamp="09 Aug 2021 07:46:30 GMT" time="0.660" errors="0">
  <testcase name="get_customer_occupation" time="0.660" classname="TestCases.GetCustomerOccupationById"/>
</testsuite> <!-- TestCases.GetCustomerOccupationById -->
