<?xml version="1.0" encoding="UTF-8"?>
<!-- Generated by org.testng.reporters.JUnitReportReporter -->
<testsuite hostname="nehajha" failures="0" tests="1" name="TestCases.generateToken" time="2.323" errors="0" timestamp="16 Mar 2021 10:32:50 GMT" skipped="0">
  <testcase classname="TestCases.generateToken" name="gen_auth_token" time="2.323"/>
</testsuite> <!-- TestCases.generateToken -->
