<?xml version="1.0" encoding="UTF-8"?>
<!-- Generated by org.testng.reporters.JUnitReportReporter -->
<testsuite skipped="0" hostname="gurenderkush" name="TestCases.Car_Model_Ranking" tests="14" failures="0" timestamp="17 Dec 2021 16:11:17 GMT" time="24.445" errors="0">
  <testcase name="car_basison_ranking" time="1.553" classname="TestCases.Car_Model_Ranking"/>
  <testcase name="car_basison_ranking" time="3.107" classname="TestCases.Car_Model_Ranking"/>
  <testcase name="car_basison_ranking" time="1.615" classname="TestCases.Car_Model_Ranking"/>
  <testcase name="car_basison_ranking" time="1.427" classname="TestCases.Car_Model_Ranking"/>
  <testcase name="car_basison_ranking" time="1.431" classname="TestCases.Car_Model_Ranking"/>
  <testcase name="car_basison_ranking" time="1.499" classname="TestCases.Car_Model_Ranking"/>
  <testcase name="car_basison_ranking" time="1.471" classname="TestCases.Car_Model_Ranking"/>
  <testcase name="car_basison_ranking" time="2.780" classname="TestCases.Car_Model_Ranking"/>
  <testcase name="car_basison_ranking" time="1.529" classname="TestCases.Car_Model_Ranking"/>
  <testcase name="car_basison_ranking" time="1.518" classname="TestCases.Car_Model_Ranking"/>
  <testcase name="car_basison_ranking" time="1.587" classname="TestCases.Car_Model_Ranking"/>
  <testcase name="car_basison_ranking" time="1.552" classname="TestCases.Car_Model_Ranking"/>
  <testcase name="car_basison_ranking" time="1.585" classname="TestCases.Car_Model_Ranking"/>
  <testcase name="car_basison_ranking" time="1.791" classname="TestCases.Car_Model_Ranking"/>
</testsuite> <!-- TestCases.Car_Model_Ranking -->
