<?xml version="1.0" encoding="UTF-8"?>
<!-- Generated by org.testng.reporters.JUnitReportReporter -->
<testsuite hostname="IN-DB5PTN3" failures="0" tests="5" name="TestCases.Engine_TC" time="2.877" errors="0" timestamp="10 Aug 2023 07:37:04 GMT" skipped="0">
  <testcase classname="TestCases.Engine_TC" name="Engine" time="1.564"/>
  <testcase classname="TestCases.Engine_TC" name="Engine" time="0.289"/>
  <testcase classname="TestCases.Engine_TC" name="Engine" time="0.436"/>
  <testcase classname="TestCases.Engine_TC" name="Engine" time="0.304"/>
  <testcase classname="TestCases.Engine_TC" name="Engine" time="0.284"/>
</testsuite> <!-- TestCases.Engine_TC -->
