<?xml version="1.0" encoding="UTF-8"?>
<!-- Generated by org.testng.reporters.JUnitReportReporter -->
<testsuite hostname="IN-6L680F3" failures="0" tests="1" name="TestCases.Send_OTP_Common" time="2.142" errors="0" timestamp="04 Apr 2022 09:12:47 GMT" skipped="0">
  <testcase classname="TestCases.Send_OTP_Common" name="common_send_otp" time="2.142"/>
</testsuite> <!-- TestCases.Send_OTP_Common -->
