<?xml version="1.0" encoding="UTF-8"?>
<!-- Generated by org.testng.reporters.JUnitReportReporter -->
<testsuite skipped="0" hostname="gurenderkush" name="TestCases.GetCustomerOccupationById" tests="1" failures="0" timestamp="17 Dec 2021 16:11:17 GMT" time="0.860" errors="0">
  <testcase name="get_customer_occupation" time="0.860" classname="TestCases.GetCustomerOccupationById"/>
</testsuite> <!-- TestCases.GetCustomerOccupationById -->
