<?xml version="1.0" encoding="UTF-8"?>
<!-- Generated by org.testng.reporters.JUnitReportReporter -->
<testsuite hostname="IN-6L680F3" failures="0" tests="1" name="TestCases.Policy_Details_MI_TC" time="70.059" errors="0" timestamp="24 Nov 2022 17:33:26 GMT" skipped="0">
  <testcase classname="TestCases.Policy_Details_MI_TC" name="policy_details" time="70.059"/>
</testsuite> <!-- TestCases.Policy_Details_MI_TC -->
