<?xml version="1.0" encoding="UTF-8"?>
<!-- Generated by org.testng.reporters.JUnitReportReporter -->
<testsuite hostname="IN-6L680F3" failures="0" tests="1" name="TestCases.common_user_listing_TEST" time="2.052" errors="0" timestamp="20 Jun 2022 12:07:53 GMT" skipped="0">
  <testcase classname="TestCases.common_user_listing_TEST" name="common_user_listing" time="2.052"/>
</testsuite> <!-- TestCases.common_user_listing_TEST -->
