<?xml version="1.0" encoding="UTF-8"?>
<!-- Generated by org.testng.reporters.JUnitReportReporter -->
<testsuite skipped="0" hostname="gurenderkush" name="TestCases.Fectch_Nearest_Dealer" tests="1" failures="0" timestamp="09 Aug 2021 07:46:30 GMT" time="0.809" errors="0">
  <testcase name="fetch_nearest_dealer" time="0.809" classname="TestCases.Fectch_Nearest_Dealer"/>
</testsuite> <!-- TestCases.Fectch_Nearest_Dealer -->
