<?xml version="1.0" encoding="UTF-8"?>
<!-- Generated by org.testng.reporters.JUnitReportReporter -->
<testsuite hostname="IN-6L680F3" failures="0" tests="2" name="TestCases.Common_vehicle_test" time="1.533" errors="0" timestamp="06 Apr 2022 08:55:28 GMT" skipped="0">
  <testcase classname="TestCases.Common_vehicle_test" name="common_vehicle" time="1.305"/>
  <testcase classname="TestCases.Common_vehicle_test" name="common_vehicle" time="0.228"/>
</testsuite> <!-- TestCases.Common_vehicle_test -->
