<?xml version="1.0" encoding="UTF-8"?>
<!-- Generated by org.testng.reporters.JUnitReportReporter -->
<testsuite hostname="akhilessharma01" failures="0" tests="1" name="TestCases.Send_OTP" time="5.090" errors="0" timestamp="19 Apr 2021 05:38:37 GMT" skipped="0">
  <testcase classname="TestCases.Send_OTP" name="s_otp" time="5.090"/>
</testsuite> <!-- TestCases.Send_OTP -->
