<?xml version="1.0" encoding="UTF-8"?>
<!-- Generated by org.testng.reporters.JUnitReportReporter -->
<testsuite hostname="IN-6L680F3" failures="0" tests="1" name="TestCases.Payment_Link_MI_TC" time="5.549" errors="0" timestamp="26 Nov 2022 08:20:39 GMT" skipped="0">
  <testcase classname="TestCases.Payment_Link_MI_TC" name="payment_link" time="5.549"/>
</testsuite> <!-- TestCases.Payment_Link_MI_TC -->
