<?xml version="1.0" encoding="UTF-8"?>
<!-- Generated by org.testng.reporters.JUnitReportReporter -->
<testsuite skipped="0" hostname="gurenderkush" name="TestCases.Subscription_Tenure_TC" tests="16" failures="0" timestamp="09 Aug 2021 07:46:30 GMT" time="10.044" errors="0">
  <testcase name="Subscription_tenure" time="0.489" classname="TestCases.Subscription_Tenure_TC"/>
  <testcase name="Subscription_tenure" time="0.649" classname="TestCases.Subscription_Tenure_TC"/>
  <testcase name="Subscription_tenure" time="0.495" classname="TestCases.Subscription_Tenure_TC"/>
  <testcase name="Subscription_tenure" time="0.505" classname="TestCases.Subscription_Tenure_TC"/>
  <testcase name="Subscription_tenure" time="0.748" classname="TestCases.Subscription_Tenure_TC"/>
  <testcase name="Subscription_tenure" time="0.579" classname="TestCases.Subscription_Tenure_TC"/>
  <testcase name="Subscription_tenure" time="0.802" classname="TestCases.Subscription_Tenure_TC"/>
  <testcase name="Subscription_tenure" time="0.651" classname="TestCases.Subscription_Tenure_TC"/>
  <testcase name="Subscription_tenure" time="0.793" classname="TestCases.Subscription_Tenure_TC"/>
  <testcase name="Subscription_tenure" time="0.594" classname="TestCases.Subscription_Tenure_TC"/>
  <testcase name="Subscription_tenure" time="0.568" classname="TestCases.Subscription_Tenure_TC"/>
  <testcase name="Subscription_tenure" time="0.565" classname="TestCases.Subscription_Tenure_TC"/>
  <testcase name="Subscription_tenure" time="0.507" classname="TestCases.Subscription_Tenure_TC"/>
  <testcase name="Subscription_tenure" time="0.864" classname="TestCases.Subscription_Tenure_TC"/>
  <testcase name="Subscription_tenure" time="0.554" classname="TestCases.Subscription_Tenure_TC"/>
  <testcase name="Subscription_tenure" time="0.681" classname="TestCases.Subscription_Tenure_TC"/>
</testsuite> <!-- TestCases.Subscription_Tenure_TC -->
