<?xml version="1.0" encoding="UTF-8"?>
<!-- Generated by org.testng.reporters.JUnitReportReporter -->
<testsuite skipped="0" hostname="gurenderkush" name="TestCases.Common_Cust_Verify_Otp" tests="1" failures="0" timestamp="26 Feb 2021 04:53:28 GMT" time="0.910" errors="0">
  <testcase name="customer_verify_otp" time="0.910" classname="TestCases.Common_Cust_Verify_Otp"/>
</testsuite> <!-- TestCases.Common_Cust_Verify_Otp -->
