<?xml version="1.0" encoding="UTF-8"?>
<!-- Generated by org.testng.reporters.JUnitReportReporter -->
<testsuite skipped="0" hostname="gurenderkush" name="TestCases.generateToken" tests="1" failures="0" timestamp="31 Mar 2021 08:57:40 GMT" time="3.950" errors="0">
  <testcase name="gen_auth_token" time="3.950" classname="TestCases.generateToken"/>
</testsuite> <!-- TestCases.generateToken -->
