<?xml version="1.0" encoding="UTF-8"?>
<!-- Generated by org.testng.reporters.JUnitReportReporter -->
<testsuite skipped="0" hostname="gurenderkush" name="TestCases.GetCustomerByUUIDAndOccupationId" tests="1" failures="0" timestamp="21 Sep 2021 15:12:40 GMT" time="0.857" errors="0">
  <testcase name="get_customer_occupation_UUID_ID" time="0.857" classname="TestCases.GetCustomerByUUIDAndOccupationId"/>
</testsuite> <!-- TestCases.GetCustomerByUUIDAndOccupationId -->
