<?xml version="1.0" encoding="UTF-8"?>
<!-- Generated by org.testng.reporters.JUnitReportReporter -->
<testsuite hostname="IN-6L680F3" failures="0" tests="1" name="TestCases.CRM_Service_history_TC" time="708.985" errors="0" timestamp="10 Nov 2022 03:42:28 GMT" skipped="0">
  <testcase classname="TestCases.CRM_Service_history_TC" name="service_history_svoc" time="708.985"/>
</testsuite> <!-- TestCases.CRM_Service_history_TC -->
