<?xml version="1.0" encoding="UTF-8"?>
<!-- Generated by org.testng.reporters.JUnitReportReporter -->
<testsuite skipped="0" hostname="gurenderkush" name="TestCases.Fectch_Nearest_Dealer" tests="2" failures="0" timestamp="16 Mar 2021 11:41:25 GMT" time="1.982" errors="0">
  <testcase name="nearest_dealer_not_found" time="0.764" classname="TestCases.Fectch_Nearest_Dealer"/>
  <testcase name="fetch_nearest_dealer" time="1.218" classname="TestCases.Fectch_Nearest_Dealer"/>
</testsuite> <!-- TestCases.Fectch_Nearest_Dealer -->
