<?xml version="1.0" encoding="UTF-8"?>
<!-- Generated by org.testng.reporters.JUnitReportReporter -->
<testsuite hostname="nehajha" failures="0" tests="2" name="TestCases.Customer_Register_Send_Otp" time="2.061" errors="0" timestamp="15 Mar 2021 07:03:03 GMT" skipped="0">
  <testcase classname="TestCases.Customer_Register_Send_Otp" name="customer_regsiter_send_otp" time="1.609"/>
  <testcase classname="TestCases.Customer_Register_Send_Otp" name="invalid_mobile_send_otp" time="0.452"/>
</testsuite> <!-- TestCases.Customer_Register_Send_Otp -->
