<?xml version="1.0" encoding="UTF-8"?>
<!-- Generated by org.testng.reporters.JUnitReportReporter -->
<testsuite hostname="IN-6L680F3" failures="0" tests="2" name="TestCases.Common_partner_dealer_test" time="1.779" errors="0" timestamp="06 Apr 2022 08:38:27 GMT" skipped="0">
  <testcase classname="TestCases.Common_partner_dealer_test" name="common_partner_dealer" time="0.422"/>
  <testcase classname="TestCases.Common_partner_dealer_test" name="common_partner_dealer" time="1.357"/>
</testsuite> <!-- TestCases.Common_partner_dealer_test -->
