<?xml version="1.0" encoding="UTF-8"?>
<!-- Generated by org.testng.reporters.JUnitReportReporter -->
<testsuite hostname="IN-DB5PTN3" failures="0" tests="1" name="TestCases.workshopEnq" time="8.859" errors="0" timestamp="10 Aug 2023 05:08:46 GMT" skipped="0">
  <testcase classname="TestCases.workshopEnq" name="WorkShop" time="8.859"/>
</testsuite> <!-- TestCases.workshopEnq -->
