<?xml version="1.0" encoding="UTF-8"?>
<!-- Generated by org.testng.reporters.JUnitReportReporter -->
<testsuite hostname="nehajha" failures="0" tests="1" name="TestCases.Common_Cust_Verify_Otp" time="0.498" errors="0" timestamp="16 Mar 2021 10:32:50 GMT" skipped="0">
  <testcase classname="TestCases.Common_Cust_Verify_Otp" name="customer_verify_otp" time="0.498"/>
</testsuite> <!-- TestCases.Common_Cust_Verify_Otp -->
