<?xml version="1.0" encoding="UTF-8"?>
<!-- Generated by org.testng.reporters.JUnitReportReporter -->
<testsuite skipped="0" hostname="gurenderkush" name="TestCases.Model_Hero_Image_API_TC" tests="14" failures="0" timestamp="21 Sep 2021 15:12:40 GMT" time="5.243" errors="0">
  <testcase name="car_basison_ranking" time="0.320" classname="TestCases.Model_Hero_Image_API_TC"/>
  <testcase name="car_basison_ranking" time="0.310" classname="TestCases.Model_Hero_Image_API_TC"/>
  <testcase name="car_basison_ranking" time="0.623" classname="TestCases.Model_Hero_Image_API_TC"/>
  <testcase name="car_basison_ranking" time="0.349" classname="TestCases.Model_Hero_Image_API_TC"/>
  <testcase name="car_basison_ranking" time="0.414" classname="TestCases.Model_Hero_Image_API_TC"/>
  <testcase name="car_basison_ranking" time="0.342" classname="TestCases.Model_Hero_Image_API_TC"/>
  <testcase name="car_basison_ranking" time="0.340" classname="TestCases.Model_Hero_Image_API_TC"/>
  <testcase name="car_basison_ranking" time="0.343" classname="TestCases.Model_Hero_Image_API_TC"/>
  <testcase name="car_basison_ranking" time="0.398" classname="TestCases.Model_Hero_Image_API_TC"/>
  <testcase name="car_basison_ranking" time="0.322" classname="TestCases.Model_Hero_Image_API_TC"/>
  <testcase name="car_basison_ranking" time="0.366" classname="TestCases.Model_Hero_Image_API_TC"/>
  <testcase name="car_basison_ranking" time="0.309" classname="TestCases.Model_Hero_Image_API_TC"/>
  <testcase name="car_basison_ranking" time="0.440" classname="TestCases.Model_Hero_Image_API_TC"/>
  <testcase name="car_basison_ranking" time="0.367" classname="TestCases.Model_Hero_Image_API_TC"/>
</testsuite> <!-- TestCases.Model_Hero_Image_API_TC -->
