<?xml version="1.0" encoding="UTF-8"?>
<!-- Generated by org.testng.reporters.JUnitReportReporter -->
<testsuite skipped="0" hostname="gurenderkush" name="TestCases.WhiteList_Ref_isHybrid_TC" tests="1" failures="0" timestamp="06 Apr 2021 09:45:30 GMT" time="1.605" errors="0">
  <testcase name="Whitelist_Ref_ishybrid" time="1.605" classname="TestCases.WhiteList_Ref_isHybrid_TC"/>
</testsuite> <!-- TestCases.WhiteList_Ref_isHybrid_TC -->
