<?xml version="1.0" encoding="UTF-8"?>
<!-- Generated by org.testng.reporters.JUnitReportReporter -->
<testsuite skipped="0" hostname="gurenderkush" name="TestCases.generateToken" tests="1" failures="0" timestamp="06 Apr 2021 09:45:30 GMT" time="3.922" errors="0">
  <testcase name="gen_auth_token" time="3.922" classname="TestCases.generateToken"/>
</testsuite> <!-- TestCases.generateToken -->
