<?xml version="1.0" encoding="UTF-8"?>
<!-- Generated by org.testng.reporters.JUnitReportReporter -->
<testsuite skipped="0" hostname="gurenderkush" name="TestCases.Customer_Register_Cognito" tests="1" failures="0" timestamp="26 Feb 2021 04:41:40 GMT" time="1.102" errors="0">
  <testcase name="customer_register_cognito" time="1.102" classname="TestCases.Customer_Register_Cognito"/>
</testsuite> <!-- TestCases.Customer_Register_Cognito -->
