<?xml version="1.0" encoding="UTF-8"?>
<!-- Generated by org.testng.reporters.JUnitReportReporter -->
<testsuite hostname="nehajha" failures="0" tests="2" name="TestCases.verify_vehicle_List_TC" time="0.873" errors="0" timestamp="31 Mar 2021 07:55:27 GMT" skipped="0">
  <testcase classname="TestCases.verify_vehicle_List_TC" name="verify_list" time="0.512"/>
  <testcase classname="TestCases.verify_vehicle_List_TC" name="verify_list_city_invalid" time="0.361"/>
</testsuite> <!-- TestCases.verify_vehicle_List_TC -->
