<?xml version="1.0" encoding="UTF-8"?>
<!-- Generated by org.testng.reporters.JUnitReportReporter -->
<testsuite skipped="0" hostname="gurenderkush" name="TestCases.All_Master_Generic_API" tests="3" failures="0" timestamp="21 Sep 2021 15:12:40 GMT" time="1.369" errors="0">
  <testcase name="all_master_generic_api" time="0.397" classname="TestCases.All_Master_Generic_API"/>
  <testcase name="all_master_generic_api" time="0.493" classname="TestCases.All_Master_Generic_API"/>
  <testcase name="all_master_generic_api" time="0.479" classname="TestCases.All_Master_Generic_API"/>
</testsuite> <!-- TestCases.All_Master_Generic_API -->
