<?xml version="1.0" encoding="UTF-8"?>
<!-- Generated by org.testng.reporters.JUnitReportReporter -->
<testsuite hostname="akhilessharma01" failures="0" tests="1" name="TestCases.Subscription_Tenure_TC" time="1.017" errors="0" timestamp="25 Mar 2021 06:19:49 GMT" skipped="0">
  <testcase classname="TestCases.Subscription_Tenure_TC" name="Subscription_tenure" time="1.017"/>
</testsuite> <!-- TestCases.Subscription_Tenure_TC -->
