<?xml version="1.0" encoding="UTF-8"?>
<!-- Generated by org.testng.reporters.JUnitReportReporter -->
<testsuite hostname="IN-6L680F3" failures="0" tests="2" name="TestCases.common_backoffice_groups_test" time="5.273" errors="0" timestamp="08 Jun 2022 12:03:13 GMT" skipped="0">
  <testcase classname="TestCases.common_backoffice_groups_test" name="common_backoffice_groups" time="3.085"/>
  <testcase classname="TestCases.common_backoffice_groups_test" name="common_backoffice_groups" time="2.188"/>
</testsuite> <!-- TestCases.common_backoffice_groups_test -->
