<?xml version="1.0" encoding="UTF-8"?>
<!-- Generated by org.testng.reporters.JUnitReportReporter -->
<testsuite hostname="IN-WLWG17VJXF.alphionsee.in" failures="0" tests="5" name="TestCases.Get_RTO_Details_TC" time="26.298" errors="0" timestamp="11 Jul 2023 11:01:49 GMT" skipped="0">
  <testcase classname="TestCases.Get_RTO_Details_TC" name="RTO" time="3.817"/>
  <testcase classname="TestCases.Get_RTO_Details_TC" name="RTO" time="8.583"/>
  <testcase classname="TestCases.Get_RTO_Details_TC" name="RTO" time="6.134"/>
  <testcase classname="TestCases.Get_RTO_Details_TC" name="RTO" time="3.580"/>
  <testcase classname="TestCases.Get_RTO_Details_TC" name="RTO" time="4.184"/>
</testsuite> <!-- TestCases.Get_RTO_Details_TC -->
