<?xml version="1.0" encoding="UTF-8"?>
<!-- Generated by org.testng.reporters.JUnitReportReporter -->
<testsuite hostname="IN-WLWG17VJXF.alphionsee.in" failures="0" tests="5" name="TestCases.Frames_TC" time="1.827" errors="0" timestamp="28 Jul 2023 12:56:54 GMT" skipped="0">
  <testcase classname="TestCases.Frames_TC" name="Frames" time="0.464"/>
  <testcase classname="TestCases.Frames_TC" name="Frames" time="0.392"/>
  <testcase classname="TestCases.Frames_TC" name="Frames" time="0.349"/>
  <testcase classname="TestCases.Frames_TC" name="Frames" time="0.312"/>
  <testcase classname="TestCases.Frames_TC" name="Frames" time="0.310"/>
</testsuite> <!-- TestCases.Frames_TC -->
