<?xml version="1.0" encoding="UTF-8"?>
<!-- Generated by org.testng.reporters.JUnitReportReporter -->
<testsuite hostname="IN-WLWG17VJXF.alphionsee.in" failures="0" tests="5" name="TestCases.GetVehicleDetails" time="39.325" errors="0" timestamp="28 Jul 2023 11:40:56 GMT" skipped="0">
  <testcase classname="TestCases.GetVehicleDetails" name="GetVehicleDetailsReg" time="6.112"/>
  <testcase classname="TestCases.GetVehicleDetails" name="GetVehicleDetailsReg" time="6.543"/>
  <testcase classname="TestCases.GetVehicleDetails" name="GetVehicleDetailsReg" time="6.094"/>
  <testcase classname="TestCases.GetVehicleDetails" name="GetVehicleDetailsReg" time="14.547"/>
  <testcase classname="TestCases.GetVehicleDetails" name="GetVehicleDetailsReg" time="6.029"/>
</testsuite> <!-- TestCases.GetVehicleDetails -->
