<?xml version="1.0" encoding="UTF-8"?>
<!-- Generated by org.testng.reporters.JUnitReportReporter -->
<testsuite hostname="IN-WLWG17VJXF.alphionsee.in" failures="0" tests="5" name="TestCases.Functions_TC" time="2.042" errors="0" timestamp="28 Jul 2023 12:56:54 GMT" skipped="0">
  <testcase classname="TestCases.Functions_TC" name="Functions" time="0.458"/>
  <testcase classname="TestCases.Functions_TC" name="Functions" time="0.503"/>
  <testcase classname="TestCases.Functions_TC" name="Functions" time="0.343"/>
  <testcase classname="TestCases.Functions_TC" name="Functions" time="0.309"/>
  <testcase classname="TestCases.Functions_TC" name="Functions" time="0.429"/>
</testsuite> <!-- TestCases.Functions_TC -->
