<?xml version="1.0" encoding="UTF-8"?>
<!-- Generated by org.testng.reporters.JUnitReportReporter -->
<testsuite hostname="IN-WLWG17VJXF.alphionsee.in" failures="0" tests="5" name="TestCases.Refurbishment_Cost_Page_TC" time="2.766" errors="0" timestamp="28 Jul 2023 12:56:54 GMT" skipped="0">
  <testcase classname="TestCases.Refurbishment_Cost_Page_TC" name="Refurbishment_Cost" time="0.601"/>
  <testcase classname="TestCases.Refurbishment_Cost_Page_TC" name="Refurbishment_Cost" time="0.614"/>
  <testcase classname="TestCases.Refurbishment_Cost_Page_TC" name="Refurbishment_Cost" time="0.483"/>
  <testcase classname="TestCases.Refurbishment_Cost_Page_TC" name="Refurbishment_Cost" time="0.466"/>
  <testcase classname="TestCases.Refurbishment_Cost_Page_TC" name="Refurbishment_Cost" time="0.602"/>
</testsuite> <!-- TestCases.Refurbishment_Cost_Page_TC -->
