<?xml version="1.0" encoding="UTF-8"?>
<!-- Generated by org.testng.reporters.JUnitReportReporter -->
<testsuite hostname="IN-WLWG17VJXF.alphionsee.in" failures="0" tests="5" name="TestCases.Interior1" time="2.190" errors="0" timestamp="28 Jul 2023 12:56:54 GMT" skipped="0">
  <testcase classname="TestCases.Interior1" name="Interior" time="0.397"/>
  <testcase classname="TestCases.Interior1" name="Interior" time="0.369"/>
  <testcase classname="TestCases.Interior1" name="Interior" time="0.383"/>
  <testcase classname="TestCases.Interior1" name="Interior" time="0.461"/>
  <testcase classname="TestCases.Interior1" name="Interior" time="0.580"/>
</testsuite> <!-- TestCases.Interior1 -->
