<?xml version="1.0" encoding="UTF-8"?>
<!-- Generated by org.testng.reporters.JUnitReportReporter -->
<testsuite hostname="IN-WLWG17VJXF.alphionsee.in" failures="0" tests="5" name="TestCases.Engine_TC" time="2.056" errors="0" timestamp="28 Jul 2023 12:56:54 GMT" skipped="0">
  <testcase classname="TestCases.Engine_TC" name="Engine" time="0.401"/>
  <testcase classname="TestCases.Engine_TC" name="Engine" time="0.378"/>
  <testcase classname="TestCases.Engine_TC" name="Engine" time="0.400"/>
  <testcase classname="TestCases.Engine_TC" name="Engine" time="0.500"/>
  <testcase classname="TestCases.Engine_TC" name="Engine" time="0.377"/>
</testsuite> <!-- TestCases.Engine_TC -->
