<?xml version="1.0" encoding="UTF-8"?>
<!-- Generated by org.testng.reporters.JUnitReportReporter -->
<testsuite hostname="IN-WLWG17VJXF.alphionsee.in" failures="0" tests="5" name="TestCases.TestDrive_TC" time="2.159" errors="0" timestamp="28 Jul 2023 12:56:54 GMT" skipped="0">
  <testcase classname="TestCases.TestDrive_TC" name="TestDrive" time="0.529"/>
  <testcase classname="TestCases.TestDrive_TC" name="TestDrive" time="0.394"/>
  <testcase classname="TestCases.TestDrive_TC" name="TestDrive" time="0.353"/>
  <testcase classname="TestCases.TestDrive_TC" name="TestDrive" time="0.423"/>
  <testcase classname="TestCases.TestDrive_TC" name="TestDrive" time="0.460"/>
</testsuite> <!-- TestCases.TestDrive_TC -->
