<?xml version="1.0" encoding="UTF-8"?>
<!-- Generated by org.testng.reporters.JUnitReportReporter -->
<testsuite hostname="IN-WLWG17VJXF.alphionsee.in" failures="0" tests="5" name="TestCases.EvaluationDetailsByID_TC" time="8.666" errors="0" timestamp="11 Jul 2023 11:18:38 GMT" skipped="0">
  <testcase classname="TestCases.EvaluationDetailsByID_TC" name="EvaluationDetailsByID" time="0.933"/>
  <testcase classname="TestCases.EvaluationDetailsByID_TC" name="EvaluationDetailsByID" time="1.026"/>
  <testcase classname="TestCases.EvaluationDetailsByID_TC" name="EvaluationDetailsByID" time="1.142"/>
  <testcase classname="TestCases.EvaluationDetailsByID_TC" name="EvaluationDetailsByID" time="0.828"/>
  <testcase classname="TestCases.EvaluationDetailsByID_TC" name="EvaluationDetailsByID" time="4.737"/>
</testsuite> <!-- TestCases.EvaluationDetailsByID_TC -->
