<?xml version="1.0" encoding="UTF-8"?>
<!-- Generated by org.testng.reporters.JUnitReportReporter -->
<testsuite hostname="IN-WLWG17VJXF.alphionsee.in" failures="0" tests="891" name="TestCases.Upload_Generic_Image" time="1043.610" errors="0" timestamp="08 May 2023 13:25:15 GMT" skipped="0">
  <testcase classname="TestCases.Upload_Generic_Image" name="genericImage" time="1.235"/>
  <testcase classname="TestCases.Upload_Generic_Image" name="genericImage" time="1.232"/>
  <testcase classname="TestCases.Upload_Generic_Image" name="genericImage" time="1.188"/>
  <testcase classname="TestCases.Upload_Generic_Image" name="genericImage" time="1.155"/>
  <testcase classname="TestCases.Upload_Generic_Image" name="genericImage" time="1.014"/>
  <testcase classname="TestCases.Upload_Generic_Image" name="genericImage" time="1.211"/>
  <testcase classname="TestCases.Upload_Generic_Image" name="genericImage" time="1.035"/>
  <testcase classname="TestCases.Upload_Generic_Image" name="genericImage" time="1.184"/>
  <testcase classname="TestCases.Upload_Generic_Image" name="genericImage" time="1.488"/>
  <testcase classname="TestCases.Upload_Generic_Image" name="genericImage" time="1.051"/>
  <testcase classname="TestCases.Upload_Generic_Image" name="genericImage" time="1.273"/>
  <testcase classname="TestCases.Upload_Generic_Image" name="genericImage" time="1.162"/>
  <testcase classname="TestCases.Upload_Generic_Image" name="genericImage" time="1.058"/>
  <testcase classname="TestCases.Upload_Generic_Image" name="genericImage" time="1.187"/>
  <testcase classname="TestCases.Upload_Generic_Image" name="genericImage" time="1.116"/>
  <testcase classname="TestCases.Upload_Generic_Image" name="genericImage" time="1.283"/>
  <testcase classname="TestCases.Upload_Generic_Image" name="genericImage" time="1.128"/>
  <testcase classname="TestCases.Upload_Generic_Image" name="genericImage" time="1.208"/>
  <testcase classname="TestCases.Upload_Generic_Image" name="genericImage" time="1.230"/>
  <testcase classname="TestCases.Upload_Generic_Image" name="genericImage" time="1.283"/>
  <testcase classname="TestCases.Upload_Generic_Image" name="genericImage" time="1.115"/>
  <testcase classname="TestCases.Upload_Generic_Image" name="genericImage" time="1.339"/>
  <testcase classname="TestCases.Upload_Generic_Image" name="genericImage" time="1.291"/>
  <testcase classname="TestCases.Upload_Generic_Image" name="genericImage" time="1.275"/>
  <testcase classname="TestCases.Upload_Generic_Image" name="genericImage" time="1.275"/>
  <testcase classname="TestCases.Upload_Generic_Image" name="genericImage" time="1.262"/>
  <testcase classname="TestCases.Upload_Generic_Image" name="genericImage" time="1.129"/>
  <testcase classname="TestCases.Upload_Generic_Image" name="genericImage" time="1.003"/>
  <testcase classname="TestCases.Upload_Generic_Image" name="genericImage" time="1.304"/>
  <testcase classname="TestCases.Upload_Generic_Image" name="genericImage" time="1.186"/>
  <testcase classname="TestCases.Upload_Generic_Image" name="genericImage" time="1.285"/>
  <testcase classname="TestCases.Upload_Generic_Image" name="genericImage" time="1.167"/>
  <testcase classname="TestCases.Upload_Generic_Image" name="genericImage" time="1.210"/>
  <testcase classname="TestCases.Upload_Generic_Image" name="genericImage" time="1.268"/>
  <testcase classname="TestCases.Upload_Generic_Image" name="genericImage" time="1.405"/>
  <testcase classname="TestCases.Upload_Generic_Image" name="genericImage" time="1.407"/>
  <testcase classname="TestCases.Upload_Generic_Image" name="genericImage" time="1.045"/>
  <testcase classname="TestCases.Upload_Generic_Image" name="genericImage" time="1.276"/>
  <testcase classname="TestCases.Upload_Generic_Image" name="genericImage" time="1.052"/>
  <testcase classname="TestCases.Upload_Generic_Image" name="genericImage" time="1.405"/>
  <testcase classname="TestCases.Upload_Generic_Image" name="genericImage" time="1.116"/>
  <testcase classname="TestCases.Upload_Generic_Image" name="genericImage" time="1.070"/>
  <testcase classname="TestCases.Upload_Generic_Image" name="genericImage" time="1.006"/>
  <testcase classname="TestCases.Upload_Generic_Image" name="genericImage" time="1.167"/>
  <testcase classname="TestCases.Upload_Generic_Image" name="genericImage" time="1.277"/>
  <testcase classname="TestCases.Upload_Generic_Image" name="genericImage" time="1.290"/>
  <testcase classname="TestCases.Upload_Generic_Image" name="genericImage" time="1.239"/>
  <testcase classname="TestCases.Upload_Generic_Image" name="genericImage" time="1.038"/>
  <testcase classname="TestCases.Upload_Generic_Image" name="genericImage" time="1.288"/>
  <testcase classname="TestCases.Upload_Generic_Image" name="genericImage" time="1.107"/>
  <testcase classname="TestCases.Upload_Generic_Image" name="genericImage" time="1.223"/>
  <testcase classname="TestCases.Upload_Generic_Image" name="genericImage" time="1.073"/>
  <testcase classname="TestCases.Upload_Generic_Image" name="genericImage" time="1.316"/>
  <testcase classname="TestCases.Upload_Generic_Image" name="genericImage" time="1.068"/>
  <testcase classname="TestCases.Upload_Generic_Image" name="genericImage" time="1.132"/>
  <testcase classname="TestCases.Upload_Generic_Image" name="genericImage" time="1.056"/>
  <testcase classname="TestCases.Upload_Generic_Image" name="genericImage" time="1.035"/>
  <testcase classname="TestCases.Upload_Generic_Image" name="genericImage" time="1.106"/>
  <testcase classname="TestCases.Upload_Generic_Image" name="genericImage" time="1.146"/>
  <testcase classname="TestCases.Upload_Generic_Image" name="genericImage" time="1.334"/>
  <testcase classname="TestCases.Upload_Generic_Image" name="genericImage" time="1.140"/>
  <testcase classname="TestCases.Upload_Generic_Image" name="genericImage" time="1.253"/>
  <testcase classname="TestCases.Upload_Generic_Image" name="genericImage" time="1.217"/>
  <testcase classname="TestCases.Upload_Generic_Image" name="genericImage" time="1.191"/>
  <testcase classname="TestCases.Upload_Generic_Image" name="genericImage" time="1.183"/>
  <testcase classname="TestCases.Upload_Generic_Image" name="genericImage" time="1.191"/>
  <testcase classname="TestCases.Upload_Generic_Image" name="genericImage" time="1.139"/>
  <testcase classname="TestCases.Upload_Generic_Image" name="genericImage" time="1.097"/>
  <testcase classname="TestCases.Upload_Generic_Image" name="genericImage" time="1.092"/>
  <testcase classname="TestCases.Upload_Generic_Image" name="genericImage" time="1.299"/>
  <testcase classname="TestCases.Upload_Generic_Image" name="genericImage" time="1.267"/>
  <testcase classname="TestCases.Upload_Generic_Image" name="genericImage" time="1.105"/>
  <testcase classname="TestCases.Upload_Generic_Image" name="genericImage" time="1.082"/>
  <testcase classname="TestCases.Upload_Generic_Image" name="genericImage" time="1.084"/>
  <testcase classname="TestCases.Upload_Generic_Image" name="genericImage" time="1.223"/>
  <testcase classname="TestCases.Upload_Generic_Image" name="genericImage" time="1.179"/>
  <testcase classname="TestCases.Upload_Generic_Image" name="genericImage" time="1.077"/>
  <testcase classname="TestCases.Upload_Generic_Image" name="genericImage" time="1.279"/>
  <testcase classname="TestCases.Upload_Generic_Image" name="genericImage" time="1.083"/>
  <testcase classname="TestCases.Upload_Generic_Image" name="genericImage" time="1.291"/>
  <testcase classname="TestCases.Upload_Generic_Image" name="genericImage" time="1.294"/>
  <testcase classname="TestCases.Upload_Generic_Image" name="genericImage" time="1.265"/>
  <testcase classname="TestCases.Upload_Generic_Image" name="genericImage" time="1.355"/>
  <testcase classname="TestCases.Upload_Generic_Image" name="genericImage" time="1.008"/>
  <testcase classname="TestCases.Upload_Generic_Image" name="genericImage" time="1.265"/>
  <testcase classname="TestCases.Upload_Generic_Image" name="genericImage" time="1.269"/>
  <testcase classname="TestCases.Upload_Generic_Image" name="genericImage" time="1.313"/>
  <testcase classname="TestCases.Upload_Generic_Image" name="genericImage" time="1.333"/>
  <testcase classname="TestCases.Upload_Generic_Image" name="genericImage" time="1.098"/>
  <testcase classname="TestCases.Upload_Generic_Image" name="genericImage" time="1.126"/>
  <testcase classname="TestCases.Upload_Generic_Image" name="genericImage" time="0.966"/>
  <testcase classname="TestCases.Upload_Generic_Image" name="genericImage" time="1.269"/>
  <testcase classname="TestCases.Upload_Generic_Image" name="genericImage" time="1.029"/>
  <testcase classname="TestCases.Upload_Generic_Image" name="genericImage" time="1.221"/>
  <testcase classname="TestCases.Upload_Generic_Image" name="genericImage" time="1.217"/>
  <testcase classname="TestCases.Upload_Generic_Image" name="genericImage" time="1.173"/>
  <testcase classname="TestCases.Upload_Generic_Image" name="genericImage" time="1.089"/>
  <testcase classname="TestCases.Upload_Generic_Image" name="genericImage" time="1.228"/>
  <testcase classname="TestCases.Upload_Generic_Image" name="genericImage" time="1.231"/>
  <testcase classname="TestCases.Upload_Generic_Image" name="genericImage" time="1.203"/>
  <testcase classname="TestCases.Upload_Generic_Image" name="genericImage" time="1.216"/>
  <testcase classname="TestCases.Upload_Generic_Image" name="genericImage" time="1.088"/>
  <testcase classname="TestCases.Upload_Generic_Image" name="genericImage" time="1.096"/>
  <testcase classname="TestCases.Upload_Generic_Image" name="genericImage" time="1.200"/>
  <testcase classname="TestCases.Upload_Generic_Image" name="genericImage" time="1.148"/>
  <testcase classname="TestCases.Upload_Generic_Image" name="genericImage" time="1.246"/>
  <testcase classname="TestCases.Upload_Generic_Image" name="genericImage" time="1.087"/>
  <testcase classname="TestCases.Upload_Generic_Image" name="genericImage" time="1.110"/>
  <testcase classname="TestCases.Upload_Generic_Image" name="genericImage" time="1.022"/>
  <testcase classname="TestCases.Upload_Generic_Image" name="genericImage" time="1.214"/>
  <testcase classname="TestCases.Upload_Generic_Image" name="genericImage" time="1.180"/>
  <testcase classname="TestCases.Upload_Generic_Image" name="genericImage" time="1.200"/>
  <testcase classname="TestCases.Upload_Generic_Image" name="genericImage" time="1.198"/>
  <testcase classname="TestCases.Upload_Generic_Image" name="genericImage" time="1.062"/>
  <testcase classname="TestCases.Upload_Generic_Image" name="genericImage" time="1.129"/>
  <testcase classname="TestCases.Upload_Generic_Image" name="genericImage" time="1.106"/>
  <testcase classname="TestCases.Upload_Generic_Image" name="genericImage" time="1.254"/>
  <testcase classname="TestCases.Upload_Generic_Image" name="genericImage" time="1.205"/>
  <testcase classname="TestCases.Upload_Generic_Image" name="genericImage" time="1.280"/>
  <testcase classname="TestCases.Upload_Generic_Image" name="genericImage" time="1.242"/>
  <testcase classname="TestCases.Upload_Generic_Image" name="genericImage" time="1.127"/>
  <testcase classname="TestCases.Upload_Generic_Image" name="genericImage" time="1.430"/>
  <testcase classname="TestCases.Upload_Generic_Image" name="genericImage" time="1.047"/>
  <testcase classname="TestCases.Upload_Generic_Image" name="genericImage" time="1.161"/>
  <testcase classname="TestCases.Upload_Generic_Image" name="genericImage" time="1.204"/>
  <testcase classname="TestCases.Upload_Generic_Image" name="genericImage" time="1.249"/>
  <testcase classname="TestCases.Upload_Generic_Image" name="genericImage" time="1.247"/>
  <testcase classname="TestCases.Upload_Generic_Image" name="genericImage" time="1.274"/>
  <testcase classname="TestCases.Upload_Generic_Image" name="genericImage" time="1.141"/>
  <testcase classname="TestCases.Upload_Generic_Image" name="genericImage" time="1.165"/>
  <testcase classname="TestCases.Upload_Generic_Image" name="genericImage" time="1.036"/>
  <testcase classname="TestCases.Upload_Generic_Image" name="genericImage" time="1.174"/>
  <testcase classname="TestCases.Upload_Generic_Image" name="genericImage" time="1.104"/>
  <testcase classname="TestCases.Upload_Generic_Image" name="genericImage" time="1.127"/>
  <testcase classname="TestCases.Upload_Generic_Image" name="genericImage" time="1.067"/>
  <testcase classname="TestCases.Upload_Generic_Image" name="genericImage" time="1.213"/>
  <testcase classname="TestCases.Upload_Generic_Image" name="genericImage" time="1.095"/>
  <testcase classname="TestCases.Upload_Generic_Image" name="genericImage" time="1.187"/>
  <testcase classname="TestCases.Upload_Generic_Image" name="genericImage" time="1.212"/>
  <testcase classname="TestCases.Upload_Generic_Image" name="genericImage" time="1.384"/>
  <testcase classname="TestCases.Upload_Generic_Image" name="genericImage" time="1.115"/>
  <testcase classname="TestCases.Upload_Generic_Image" name="genericImage" time="1.016"/>
  <testcase classname="TestCases.Upload_Generic_Image" name="genericImage" time="1.177"/>
  <testcase classname="TestCases.Upload_Generic_Image" name="genericImage" time="1.074"/>
  <testcase classname="TestCases.Upload_Generic_Image" name="genericImage" time="1.212"/>
  <testcase classname="TestCases.Upload_Generic_Image" name="genericImage" time="1.101"/>
  <testcase classname="TestCases.Upload_Generic_Image" name="genericImage" time="1.066"/>
  <testcase classname="TestCases.Upload_Generic_Image" name="genericImage" time="1.034"/>
  <testcase classname="TestCases.Upload_Generic_Image" name="genericImage" time="1.144"/>
  <testcase classname="TestCases.Upload_Generic_Image" name="genericImage" time="1.272"/>
  <testcase classname="TestCases.Upload_Generic_Image" name="genericImage" time="1.149"/>
  <testcase classname="TestCases.Upload_Generic_Image" name="genericImage" time="1.246"/>
  <testcase classname="TestCases.Upload_Generic_Image" name="genericImage" time="1.255"/>
  <testcase classname="TestCases.Upload_Generic_Image" name="genericImage" time="1.297"/>
  <testcase classname="TestCases.Upload_Generic_Image" name="genericImage" time="1.060"/>
  <testcase classname="TestCases.Upload_Generic_Image" name="genericImage" time="1.112"/>
  <testcase classname="TestCases.Upload_Generic_Image" name="genericImage" time="1.058"/>
  <testcase classname="TestCases.Upload_Generic_Image" name="genericImage" time="1.096"/>
  <testcase classname="TestCases.Upload_Generic_Image" name="genericImage" time="1.120"/>
  <testcase classname="TestCases.Upload_Generic_Image" name="genericImage" time="1.305"/>
  <testcase classname="TestCases.Upload_Generic_Image" name="genericImage" time="1.087"/>
  <testcase classname="TestCases.Upload_Generic_Image" name="genericImage" time="1.151"/>
  <testcase classname="TestCases.Upload_Generic_Image" name="genericImage" time="1.141"/>
  <testcase classname="TestCases.Upload_Generic_Image" name="genericImage" time="1.242"/>
  <testcase classname="TestCases.Upload_Generic_Image" name="genericImage" time="1.400"/>
  <testcase classname="TestCases.Upload_Generic_Image" name="genericImage" time="1.076"/>
  <testcase classname="TestCases.Upload_Generic_Image" name="genericImage" time="1.243"/>
  <testcase classname="TestCases.Upload_Generic_Image" name="genericImage" time="1.056"/>
  <testcase classname="TestCases.Upload_Generic_Image" name="genericImage" time="1.181"/>
  <testcase classname="TestCases.Upload_Generic_Image" name="genericImage" time="1.168"/>
  <testcase classname="TestCases.Upload_Generic_Image" name="genericImage" time="1.072"/>
  <testcase classname="TestCases.Upload_Generic_Image" name="genericImage" time="1.087"/>
  <testcase classname="TestCases.Upload_Generic_Image" name="genericImage" time="1.153"/>
  <testcase classname="TestCases.Upload_Generic_Image" name="genericImage" time="1.204"/>
  <testcase classname="TestCases.Upload_Generic_Image" name="genericImage" time="1.247"/>
  <testcase classname="TestCases.Upload_Generic_Image" name="genericImage" time="1.079"/>
  <testcase classname="TestCases.Upload_Generic_Image" name="genericImage" time="1.155"/>
  <testcase classname="TestCases.Upload_Generic_Image" name="genericImage" time="1.277"/>
  <testcase classname="TestCases.Upload_Generic_Image" name="genericImage" time="1.226"/>
  <testcase classname="TestCases.Upload_Generic_Image" name="genericImage" time="1.291"/>
  <testcase classname="TestCases.Upload_Generic_Image" name="genericImage" time="1.210"/>
  <testcase classname="TestCases.Upload_Generic_Image" name="genericImage" time="1.277"/>
  <testcase classname="TestCases.Upload_Generic_Image" name="genericImage" time="1.208"/>
  <testcase classname="TestCases.Upload_Generic_Image" name="genericImage" time="1.111"/>
  <testcase classname="TestCases.Upload_Generic_Image" name="genericImage" time="1.276"/>
  <testcase classname="TestCases.Upload_Generic_Image" name="genericImage" time="1.063"/>
  <testcase classname="TestCases.Upload_Generic_Image" name="genericImage" time="1.192"/>
  <testcase classname="TestCases.Upload_Generic_Image" name="genericImage" time="1.210"/>
  <testcase classname="TestCases.Upload_Generic_Image" name="genericImage" time="1.247"/>
  <testcase classname="TestCases.Upload_Generic_Image" name="genericImage" time="1.215"/>
  <testcase classname="TestCases.Upload_Generic_Image" name="genericImage" time="1.128"/>
  <testcase classname="TestCases.Upload_Generic_Image" name="genericImage" time="1.214"/>
  <testcase classname="TestCases.Upload_Generic_Image" name="genericImage" time="1.088"/>
  <testcase classname="TestCases.Upload_Generic_Image" name="genericImage" time="1.014"/>
  <testcase classname="TestCases.Upload_Generic_Image" name="genericImage" time="1.090"/>
  <testcase classname="TestCases.Upload_Generic_Image" name="genericImage" time="1.177"/>
  <testcase classname="TestCases.Upload_Generic_Image" name="genericImage" time="1.174"/>
  <testcase classname="TestCases.Upload_Generic_Image" name="genericImage" time="1.297"/>
  <testcase classname="TestCases.Upload_Generic_Image" name="genericImage" time="1.127"/>
  <testcase classname="TestCases.Upload_Generic_Image" name="genericImage" time="1.130"/>
  <testcase classname="TestCases.Upload_Generic_Image" name="genericImage" time="1.163"/>
  <testcase classname="TestCases.Upload_Generic_Image" name="genericImage" time="1.079"/>
  <testcase classname="TestCases.Upload_Generic_Image" name="genericImage" time="1.258"/>
  <testcase classname="TestCases.Upload_Generic_Image" name="genericImage" time="1.262"/>
  <testcase classname="TestCases.Upload_Generic_Image" name="genericImage" time="1.117"/>
  <testcase classname="TestCases.Upload_Generic_Image" name="genericImage" time="1.269"/>
  <testcase classname="TestCases.Upload_Generic_Image" name="genericImage" time="1.241"/>
  <testcase classname="TestCases.Upload_Generic_Image" name="genericImage" time="1.048"/>
  <testcase classname="TestCases.Upload_Generic_Image" name="genericImage" time="1.033"/>
  <testcase classname="TestCases.Upload_Generic_Image" name="genericImage" time="1.090"/>
  <testcase classname="TestCases.Upload_Generic_Image" name="genericImage" time="1.300"/>
  <testcase classname="TestCases.Upload_Generic_Image" name="genericImage" time="1.225"/>
  <testcase classname="TestCases.Upload_Generic_Image" name="genericImage" time="5.327"/>
  <testcase classname="TestCases.Upload_Generic_Image" name="genericImage" time="1.251"/>
  <testcase classname="TestCases.Upload_Generic_Image" name="genericImage" time="1.222"/>
  <testcase classname="TestCases.Upload_Generic_Image" name="genericImage" time="1.227"/>
  <testcase classname="TestCases.Upload_Generic_Image" name="genericImage" time="1.135"/>
  <testcase classname="TestCases.Upload_Generic_Image" name="genericImage" time="1.132"/>
  <testcase classname="TestCases.Upload_Generic_Image" name="genericImage" time="1.128"/>
  <testcase classname="TestCases.Upload_Generic_Image" name="genericImage" time="1.164"/>
  <testcase classname="TestCases.Upload_Generic_Image" name="genericImage" time="1.256"/>
  <testcase classname="TestCases.Upload_Generic_Image" name="genericImage" time="1.196"/>
  <testcase classname="TestCases.Upload_Generic_Image" name="genericImage" time="1.110"/>
  <testcase classname="TestCases.Upload_Generic_Image" name="genericImage" time="1.129"/>
  <testcase classname="TestCases.Upload_Generic_Image" name="genericImage" time="1.090"/>
  <testcase classname="TestCases.Upload_Generic_Image" name="genericImage" time="1.182"/>
  <testcase classname="TestCases.Upload_Generic_Image" name="genericImage" time="1.339"/>
  <testcase classname="TestCases.Upload_Generic_Image" name="genericImage" time="1.130"/>
  <testcase classname="TestCases.Upload_Generic_Image" name="genericImage" time="1.249"/>
  <testcase classname="TestCases.Upload_Generic_Image" name="genericImage" time="1.229"/>
  <testcase classname="TestCases.Upload_Generic_Image" name="genericImage" time="1.175"/>
  <testcase classname="TestCases.Upload_Generic_Image" name="genericImage" time="1.095"/>
  <testcase classname="TestCases.Upload_Generic_Image" name="genericImage" time="1.366"/>
  <testcase classname="TestCases.Upload_Generic_Image" name="genericImage" time="1.214"/>
  <testcase classname="TestCases.Upload_Generic_Image" name="genericImage" time="1.039"/>
  <testcase classname="TestCases.Upload_Generic_Image" name="genericImage" time="1.080"/>
  <testcase classname="TestCases.Upload_Generic_Image" name="genericImage" time="1.126"/>
  <testcase classname="TestCases.Upload_Generic_Image" name="genericImage" time="1.205"/>
  <testcase classname="TestCases.Upload_Generic_Image" name="genericImage" time="1.122"/>
  <testcase classname="TestCases.Upload_Generic_Image" name="genericImage" time="1.107"/>
  <testcase classname="TestCases.Upload_Generic_Image" name="genericImage" time="1.185"/>
  <testcase classname="TestCases.Upload_Generic_Image" name="genericImage" time="1.214"/>
  <testcase classname="TestCases.Upload_Generic_Image" name="genericImage" time="1.180"/>
  <testcase classname="TestCases.Upload_Generic_Image" name="genericImage" time="1.385"/>
  <testcase classname="TestCases.Upload_Generic_Image" name="genericImage" time="1.260"/>
  <testcase classname="TestCases.Upload_Generic_Image" name="genericImage" time="1.237"/>
  <testcase classname="TestCases.Upload_Generic_Image" name="genericImage" time="1.116"/>
  <testcase classname="TestCases.Upload_Generic_Image" name="genericImage" time="1.141"/>
  <testcase classname="TestCases.Upload_Generic_Image" name="genericImage" time="1.154"/>
  <testcase classname="TestCases.Upload_Generic_Image" name="genericImage" time="1.051"/>
  <testcase classname="TestCases.Upload_Generic_Image" name="genericImage" time="1.327"/>
  <testcase classname="TestCases.Upload_Generic_Image" name="genericImage" time="1.146"/>
  <testcase classname="TestCases.Upload_Generic_Image" name="genericImage" time="1.346"/>
  <testcase classname="TestCases.Upload_Generic_Image" name="genericImage" time="1.129"/>
  <testcase classname="TestCases.Upload_Generic_Image" name="genericImage" time="1.137"/>
  <testcase classname="TestCases.Upload_Generic_Image" name="genericImage" time="1.126"/>
  <testcase classname="TestCases.Upload_Generic_Image" name="genericImage" time="1.127"/>
  <testcase classname="TestCases.Upload_Generic_Image" name="genericImage" time="1.293"/>
  <testcase classname="TestCases.Upload_Generic_Image" name="genericImage" time="1.174"/>
  <testcase classname="TestCases.Upload_Generic_Image" name="genericImage" time="1.334"/>
  <testcase classname="TestCases.Upload_Generic_Image" name="genericImage" time="1.141"/>
  <testcase classname="TestCases.Upload_Generic_Image" name="genericImage" time="1.060"/>
  <testcase classname="TestCases.Upload_Generic_Image" name="genericImage" time="1.176"/>
  <testcase classname="TestCases.Upload_Generic_Image" name="genericImage" time="1.086"/>
  <testcase classname="TestCases.Upload_Generic_Image" name="genericImage" time="1.141"/>
  <testcase classname="TestCases.Upload_Generic_Image" name="genericImage" time="1.072"/>
  <testcase classname="TestCases.Upload_Generic_Image" name="genericImage" time="1.185"/>
  <testcase classname="TestCases.Upload_Generic_Image" name="genericImage" time="1.234"/>
  <testcase classname="TestCases.Upload_Generic_Image" name="genericImage" time="1.244"/>
  <testcase classname="TestCases.Upload_Generic_Image" name="genericImage" time="1.026"/>
  <testcase classname="TestCases.Upload_Generic_Image" name="genericImage" time="1.049"/>
  <testcase classname="TestCases.Upload_Generic_Image" name="genericImage" time="1.017"/>
  <testcase classname="TestCases.Upload_Generic_Image" name="genericImage" time="1.240"/>
  <testcase classname="TestCases.Upload_Generic_Image" name="genericImage" time="1.154"/>
  <testcase classname="TestCases.Upload_Generic_Image" name="genericImage" time="1.257"/>
  <testcase classname="TestCases.Upload_Generic_Image" name="genericImage" time="1.183"/>
  <testcase classname="TestCases.Upload_Generic_Image" name="genericImage" time="1.225"/>
  <testcase classname="TestCases.Upload_Generic_Image" name="genericImage" time="1.206"/>
  <testcase classname="TestCases.Upload_Generic_Image" name="genericImage" time="1.122"/>
  <testcase classname="TestCases.Upload_Generic_Image" name="genericImage" time="1.127"/>
  <testcase classname="TestCases.Upload_Generic_Image" name="genericImage" time="1.219"/>
  <testcase classname="TestCases.Upload_Generic_Image" name="genericImage" time="1.026"/>
  <testcase classname="TestCases.Upload_Generic_Image" name="genericImage" time="1.191"/>
  <testcase classname="TestCases.Upload_Generic_Image" name="genericImage" time="1.205"/>
  <testcase classname="TestCases.Upload_Generic_Image" name="genericImage" time="1.210"/>
  <testcase classname="TestCases.Upload_Generic_Image" name="genericImage" time="1.311"/>
  <testcase classname="TestCases.Upload_Generic_Image" name="genericImage" time="1.175"/>
  <testcase classname="TestCases.Upload_Generic_Image" name="genericImage" time="1.194"/>
  <testcase classname="TestCases.Upload_Generic_Image" name="genericImage" time="1.134"/>
  <testcase classname="TestCases.Upload_Generic_Image" name="genericImage" time="1.091"/>
  <testcase classname="TestCases.Upload_Generic_Image" name="genericImage" time="1.170"/>
  <testcase classname="TestCases.Upload_Generic_Image" name="genericImage" time="1.234"/>
  <testcase classname="TestCases.Upload_Generic_Image" name="genericImage" time="1.093"/>
  <testcase classname="TestCases.Upload_Generic_Image" name="genericImage" time="1.165"/>
  <testcase classname="TestCases.Upload_Generic_Image" name="genericImage" time="1.112"/>
  <testcase classname="TestCases.Upload_Generic_Image" name="genericImage" time="1.035"/>
  <testcase classname="TestCases.Upload_Generic_Image" name="genericImage" time="0.994"/>
  <testcase classname="TestCases.Upload_Generic_Image" name="genericImage" time="1.131"/>
  <testcase classname="TestCases.Upload_Generic_Image" name="genericImage" time="0.959"/>
  <testcase classname="TestCases.Upload_Generic_Image" name="genericImage" time="1.181"/>
  <testcase classname="TestCases.Upload_Generic_Image" name="genericImage" time="1.093"/>
  <testcase classname="TestCases.Upload_Generic_Image" name="genericImage" time="1.130"/>
  <testcase classname="TestCases.Upload_Generic_Image" name="genericImage" time="1.328"/>
  <testcase classname="TestCases.Upload_Generic_Image" name="genericImage" time="1.054"/>
  <testcase classname="TestCases.Upload_Generic_Image" name="genericImage" time="1.234"/>
  <testcase classname="TestCases.Upload_Generic_Image" name="genericImage" time="1.128"/>
  <testcase classname="TestCases.Upload_Generic_Image" name="genericImage" time="1.177"/>
  <testcase classname="TestCases.Upload_Generic_Image" name="genericImage" time="1.092"/>
  <testcase classname="TestCases.Upload_Generic_Image" name="genericImage" time="1.020"/>
  <testcase classname="TestCases.Upload_Generic_Image" name="genericImage" time="1.105"/>
  <testcase classname="TestCases.Upload_Generic_Image" name="genericImage" time="1.132"/>
  <testcase classname="TestCases.Upload_Generic_Image" name="genericImage" time="1.262"/>
  <testcase classname="TestCases.Upload_Generic_Image" name="genericImage" time="1.172"/>
  <testcase classname="TestCases.Upload_Generic_Image" name="genericImage" time="1.242"/>
  <testcase classname="TestCases.Upload_Generic_Image" name="genericImage" time="1.265"/>
  <testcase classname="TestCases.Upload_Generic_Image" name="genericImage" time="1.042"/>
  <testcase classname="TestCases.Upload_Generic_Image" name="genericImage" time="1.264"/>
  <testcase classname="TestCases.Upload_Generic_Image" name="genericImage" time="1.145"/>
  <testcase classname="TestCases.Upload_Generic_Image" name="genericImage" time="1.228"/>
  <testcase classname="TestCases.Upload_Generic_Image" name="genericImage" time="1.189"/>
  <testcase classname="TestCases.Upload_Generic_Image" name="genericImage" time="1.263"/>
  <testcase classname="TestCases.Upload_Generic_Image" name="genericImage" time="1.141"/>
  <testcase classname="TestCases.Upload_Generic_Image" name="genericImage" time="1.173"/>
  <testcase classname="TestCases.Upload_Generic_Image" name="genericImage" time="1.195"/>
  <testcase classname="TestCases.Upload_Generic_Image" name="genericImage" time="1.096"/>
  <testcase classname="TestCases.Upload_Generic_Image" name="genericImage" time="1.113"/>
  <testcase classname="TestCases.Upload_Generic_Image" name="genericImage" time="1.106"/>
  <testcase classname="TestCases.Upload_Generic_Image" name="genericImage" time="1.100"/>
  <testcase classname="TestCases.Upload_Generic_Image" name="genericImage" time="1.129"/>
  <testcase classname="TestCases.Upload_Generic_Image" name="genericImage" time="1.136"/>
  <testcase classname="TestCases.Upload_Generic_Image" name="genericImage" time="1.158"/>
  <testcase classname="TestCases.Upload_Generic_Image" name="genericImage" time="1.062"/>
  <testcase classname="TestCases.Upload_Generic_Image" name="genericImage" time="1.259"/>
  <testcase classname="TestCases.Upload_Generic_Image" name="genericImage" time="1.175"/>
  <testcase classname="TestCases.Upload_Generic_Image" name="genericImage" time="1.287"/>
  <testcase classname="TestCases.Upload_Generic_Image" name="genericImage" time="1.187"/>
  <testcase classname="TestCases.Upload_Generic_Image" name="genericImage" time="1.134"/>
  <testcase classname="TestCases.Upload_Generic_Image" name="genericImage" time="0.949"/>
  <testcase classname="TestCases.Upload_Generic_Image" name="genericImage" time="1.246"/>
  <testcase classname="TestCases.Upload_Generic_Image" name="genericImage" time="1.085"/>
  <testcase classname="TestCases.Upload_Generic_Image" name="genericImage" time="1.296"/>
  <testcase classname="TestCases.Upload_Generic_Image" name="genericImage" time="1.055"/>
  <testcase classname="TestCases.Upload_Generic_Image" name="genericImage" time="1.128"/>
  <testcase classname="TestCases.Upload_Generic_Image" name="genericImage" time="1.118"/>
  <testcase classname="TestCases.Upload_Generic_Image" name="genericImage" time="1.187"/>
  <testcase classname="TestCases.Upload_Generic_Image" name="genericImage" time="1.080"/>
  <testcase classname="TestCases.Upload_Generic_Image" name="genericImage" time="1.081"/>
  <testcase classname="TestCases.Upload_Generic_Image" name="genericImage" time="1.054"/>
  <testcase classname="TestCases.Upload_Generic_Image" name="genericImage" time="1.102"/>
  <testcase classname="TestCases.Upload_Generic_Image" name="genericImage" time="1.186"/>
  <testcase classname="TestCases.Upload_Generic_Image" name="genericImage" time="1.173"/>
  <testcase classname="TestCases.Upload_Generic_Image" name="genericImage" time="1.090"/>
  <testcase classname="TestCases.Upload_Generic_Image" name="genericImage" time="1.278"/>
  <testcase classname="TestCases.Upload_Generic_Image" name="genericImage" time="1.139"/>
  <testcase classname="TestCases.Upload_Generic_Image" name="genericImage" time="1.191"/>
  <testcase classname="TestCases.Upload_Generic_Image" name="genericImage" time="1.207"/>
  <testcase classname="TestCases.Upload_Generic_Image" name="genericImage" time="1.231"/>
  <testcase classname="TestCases.Upload_Generic_Image" name="genericImage" time="1.040"/>
  <testcase classname="TestCases.Upload_Generic_Image" name="genericImage" time="1.290"/>
  <testcase classname="TestCases.Upload_Generic_Image" name="genericImage" time="1.126"/>
  <testcase classname="TestCases.Upload_Generic_Image" name="genericImage" time="1.109"/>
  <testcase classname="TestCases.Upload_Generic_Image" name="genericImage" time="1.067"/>
  <testcase classname="TestCases.Upload_Generic_Image" name="genericImage" time="1.156"/>
  <testcase classname="TestCases.Upload_Generic_Image" name="genericImage" time="1.294"/>
  <testcase classname="TestCases.Upload_Generic_Image" name="genericImage" time="1.165"/>
  <testcase classname="TestCases.Upload_Generic_Image" name="genericImage" time="1.248"/>
  <testcase classname="TestCases.Upload_Generic_Image" name="genericImage" time="1.161"/>
  <testcase classname="TestCases.Upload_Generic_Image" name="genericImage" time="1.174"/>
  <testcase classname="TestCases.Upload_Generic_Image" name="genericImage" time="1.089"/>
  <testcase classname="TestCases.Upload_Generic_Image" name="genericImage" time="1.067"/>
  <testcase classname="TestCases.Upload_Generic_Image" name="genericImage" time="1.298"/>
  <testcase classname="TestCases.Upload_Generic_Image" name="genericImage" time="1.048"/>
  <testcase classname="TestCases.Upload_Generic_Image" name="genericImage" time="1.108"/>
  <testcase classname="TestCases.Upload_Generic_Image" name="genericImage" time="1.120"/>
  <testcase classname="TestCases.Upload_Generic_Image" name="genericImage" time="1.055"/>
  <testcase classname="TestCases.Upload_Generic_Image" name="genericImage" time="1.094"/>
  <testcase classname="TestCases.Upload_Generic_Image" name="genericImage" time="1.173"/>
  <testcase classname="TestCases.Upload_Generic_Image" name="genericImage" time="1.225"/>
  <testcase classname="TestCases.Upload_Generic_Image" name="genericImage" time="1.234"/>
  <testcase classname="TestCases.Upload_Generic_Image" name="genericImage" time="1.044"/>
  <testcase classname="TestCases.Upload_Generic_Image" name="genericImage" time="1.683"/>
  <testcase classname="TestCases.Upload_Generic_Image" name="genericImage" time="1.110"/>
  <testcase classname="TestCases.Upload_Generic_Image" name="genericImage" time="1.018"/>
  <testcase classname="TestCases.Upload_Generic_Image" name="genericImage" time="1.287"/>
  <testcase classname="TestCases.Upload_Generic_Image" name="genericImage" time="1.222"/>
  <testcase classname="TestCases.Upload_Generic_Image" name="genericImage" time="1.242"/>
  <testcase classname="TestCases.Upload_Generic_Image" name="genericImage" time="1.218"/>
  <testcase classname="TestCases.Upload_Generic_Image" name="genericImage" time="1.096"/>
  <testcase classname="TestCases.Upload_Generic_Image" name="genericImage" time="1.243"/>
  <testcase classname="TestCases.Upload_Generic_Image" name="genericImage" time="1.134"/>
  <testcase classname="TestCases.Upload_Generic_Image" name="genericImage" time="1.261"/>
  <testcase classname="TestCases.Upload_Generic_Image" name="genericImage" time="0.963"/>
  <testcase classname="TestCases.Upload_Generic_Image" name="genericImage" time="1.137"/>
  <testcase classname="TestCases.Upload_Generic_Image" name="genericImage" time="1.336"/>
  <testcase classname="TestCases.Upload_Generic_Image" name="genericImage" time="1.286"/>
  <testcase classname="TestCases.Upload_Generic_Image" name="genericImage" time="1.147"/>
  <testcase classname="TestCases.Upload_Generic_Image" name="genericImage" time="1.131"/>
  <testcase classname="TestCases.Upload_Generic_Image" name="genericImage" time="1.077"/>
  <testcase classname="TestCases.Upload_Generic_Image" name="genericImage" time="1.035"/>
  <testcase classname="TestCases.Upload_Generic_Image" name="genericImage" time="1.171"/>
  <testcase classname="TestCases.Upload_Generic_Image" name="genericImage" time="0.969"/>
  <testcase classname="TestCases.Upload_Generic_Image" name="genericImage" time="1.134"/>
  <testcase classname="TestCases.Upload_Generic_Image" name="genericImage" time="1.033"/>
  <testcase classname="TestCases.Upload_Generic_Image" name="genericImage" time="1.230"/>
  <testcase classname="TestCases.Upload_Generic_Image" name="genericImage" time="1.303"/>
  <testcase classname="TestCases.Upload_Generic_Image" name="genericImage" time="1.151"/>
  <testcase classname="TestCases.Upload_Generic_Image" name="genericImage" time="1.053"/>
  <testcase classname="TestCases.Upload_Generic_Image" name="genericImage" time="1.043"/>
  <testcase classname="TestCases.Upload_Generic_Image" name="genericImage" time="1.006"/>
  <testcase classname="TestCases.Upload_Generic_Image" name="genericImage" time="1.099"/>
  <testcase classname="TestCases.Upload_Generic_Image" name="genericImage" time="1.100"/>
  <testcase classname="TestCases.Upload_Generic_Image" name="genericImage" time="1.180"/>
  <testcase classname="TestCases.Upload_Generic_Image" name="genericImage" time="1.087"/>
  <testcase classname="TestCases.Upload_Generic_Image" name="genericImage" time="1.155"/>
  <testcase classname="TestCases.Upload_Generic_Image" name="genericImage" time="1.168"/>
  <testcase classname="TestCases.Upload_Generic_Image" name="genericImage" time="1.109"/>
  <testcase classname="TestCases.Upload_Generic_Image" name="genericImage" time="1.288"/>
  <testcase classname="TestCases.Upload_Generic_Image" name="genericImage" time="1.152"/>
  <testcase classname="TestCases.Upload_Generic_Image" name="genericImage" time="1.162"/>
  <testcase classname="TestCases.Upload_Generic_Image" name="genericImage" time="1.196"/>
  <testcase classname="TestCases.Upload_Generic_Image" name="genericImage" time="1.215"/>
  <testcase classname="TestCases.Upload_Generic_Image" name="genericImage" time="1.104"/>
  <testcase classname="TestCases.Upload_Generic_Image" name="genericImage" time="1.210"/>
  <testcase classname="TestCases.Upload_Generic_Image" name="genericImage" time="1.137"/>
  <testcase classname="TestCases.Upload_Generic_Image" name="genericImage" time="1.255"/>
  <testcase classname="TestCases.Upload_Generic_Image" name="genericImage" time="1.272"/>
  <testcase classname="TestCases.Upload_Generic_Image" name="genericImage" time="1.111"/>
  <testcase classname="TestCases.Upload_Generic_Image" name="genericImage" time="1.103"/>
  <testcase classname="TestCases.Upload_Generic_Image" name="genericImage" time="1.339"/>
  <testcase classname="TestCases.Upload_Generic_Image" name="genericImage" time="1.050"/>
  <testcase classname="TestCases.Upload_Generic_Image" name="genericImage" time="1.096"/>
  <testcase classname="TestCases.Upload_Generic_Image" name="genericImage" time="1.231"/>
  <testcase classname="TestCases.Upload_Generic_Image" name="genericImage" time="1.090"/>
  <testcase classname="TestCases.Upload_Generic_Image" name="genericImage" time="1.317"/>
  <testcase classname="TestCases.Upload_Generic_Image" name="genericImage" time="1.077"/>
  <testcase classname="TestCases.Upload_Generic_Image" name="genericImage" time="1.161"/>
  <testcase classname="TestCases.Upload_Generic_Image" name="genericImage" time="1.098"/>
  <testcase classname="TestCases.Upload_Generic_Image" name="genericImage" time="1.085"/>
  <testcase classname="TestCases.Upload_Generic_Image" name="genericImage" time="1.299"/>
  <testcase classname="TestCases.Upload_Generic_Image" name="genericImage" time="1.301"/>
  <testcase classname="TestCases.Upload_Generic_Image" name="genericImage" time="1.087"/>
  <testcase classname="TestCases.Upload_Generic_Image" name="genericImage" time="1.123"/>
  <testcase classname="TestCases.Upload_Generic_Image" name="genericImage" time="1.247"/>
  <testcase classname="TestCases.Upload_Generic_Image" name="genericImage" time="1.116"/>
  <testcase classname="TestCases.Upload_Generic_Image" name="genericImage" time="1.127"/>
  <testcase classname="TestCases.Upload_Generic_Image" name="genericImage" time="1.079"/>
  <testcase classname="TestCases.Upload_Generic_Image" name="genericImage" time="1.183"/>
  <testcase classname="TestCases.Upload_Generic_Image" name="genericImage" time="1.247"/>
  <testcase classname="TestCases.Upload_Generic_Image" name="genericImage" time="1.141"/>
  <testcase classname="TestCases.Upload_Generic_Image" name="genericImage" time="1.228"/>
  <testcase classname="TestCases.Upload_Generic_Image" name="genericImage" time="1.126"/>
  <testcase classname="TestCases.Upload_Generic_Image" name="genericImage" time="1.203"/>
  <testcase classname="TestCases.Upload_Generic_Image" name="genericImage" time="1.187"/>
  <testcase classname="TestCases.Upload_Generic_Image" name="genericImage" time="1.099"/>
  <testcase classname="TestCases.Upload_Generic_Image" name="genericImage" time="1.223"/>
  <testcase classname="TestCases.Upload_Generic_Image" name="genericImage" time="1.195"/>
  <testcase classname="TestCases.Upload_Generic_Image" name="genericImage" time="1.054"/>
  <testcase classname="TestCases.Upload_Generic_Image" name="genericImage" time="1.123"/>
  <testcase classname="TestCases.Upload_Generic_Image" name="genericImage" time="1.159"/>
  <testcase classname="TestCases.Upload_Generic_Image" name="genericImage" time="1.024"/>
  <testcase classname="TestCases.Upload_Generic_Image" name="genericImage" time="1.198"/>
  <testcase classname="TestCases.Upload_Generic_Image" name="genericImage" time="1.149"/>
  <testcase classname="TestCases.Upload_Generic_Image" name="genericImage" time="1.053"/>
  <testcase classname="TestCases.Upload_Generic_Image" name="genericImage" time="1.117"/>
  <testcase classname="TestCases.Upload_Generic_Image" name="genericImage" time="1.262"/>
  <testcase classname="TestCases.Upload_Generic_Image" name="genericImage" time="1.173"/>
  <testcase classname="TestCases.Upload_Generic_Image" name="genericImage" time="1.180"/>
  <testcase classname="TestCases.Upload_Generic_Image" name="genericImage" time="1.069"/>
  <testcase classname="TestCases.Upload_Generic_Image" name="genericImage" time="1.106"/>
  <testcase classname="TestCases.Upload_Generic_Image" name="genericImage" time="1.233"/>
  <testcase classname="TestCases.Upload_Generic_Image" name="genericImage" time="1.159"/>
  <testcase classname="TestCases.Upload_Generic_Image" name="genericImage" time="1.077"/>
  <testcase classname="TestCases.Upload_Generic_Image" name="genericImage" time="1.102"/>
  <testcase classname="TestCases.Upload_Generic_Image" name="genericImage" time="1.286"/>
  <testcase classname="TestCases.Upload_Generic_Image" name="genericImage" time="1.039"/>
  <testcase classname="TestCases.Upload_Generic_Image" name="genericImage" time="1.111"/>
  <testcase classname="TestCases.Upload_Generic_Image" name="genericImage" time="1.072"/>
  <testcase classname="TestCases.Upload_Generic_Image" name="genericImage" time="1.139"/>
  <testcase classname="TestCases.Upload_Generic_Image" name="genericImage" time="1.157"/>
  <testcase classname="TestCases.Upload_Generic_Image" name="genericImage" time="1.286"/>
  <testcase classname="TestCases.Upload_Generic_Image" name="genericImage" time="1.294"/>
  <testcase classname="TestCases.Upload_Generic_Image" name="genericImage" time="1.170"/>
  <testcase classname="TestCases.Upload_Generic_Image" name="genericImage" time="1.109"/>
  <testcase classname="TestCases.Upload_Generic_Image" name="genericImage" time="1.150"/>
  <testcase classname="TestCases.Upload_Generic_Image" name="genericImage" time="1.217"/>
  <testcase classname="TestCases.Upload_Generic_Image" name="genericImage" time="1.158"/>
  <testcase classname="TestCases.Upload_Generic_Image" name="genericImage" time="1.387"/>
  <testcase classname="TestCases.Upload_Generic_Image" name="genericImage" time="1.212"/>
  <testcase classname="TestCases.Upload_Generic_Image" name="genericImage" time="1.263"/>
  <testcase classname="TestCases.Upload_Generic_Image" name="genericImage" time="1.141"/>
  <testcase classname="TestCases.Upload_Generic_Image" name="genericImage" time="1.144"/>
  <testcase classname="TestCases.Upload_Generic_Image" name="genericImage" time="1.034"/>
  <testcase classname="TestCases.Upload_Generic_Image" name="genericImage" time="1.080"/>
  <testcase classname="TestCases.Upload_Generic_Image" name="genericImage" time="1.244"/>
  <testcase classname="TestCases.Upload_Generic_Image" name="genericImage" time="1.138"/>
  <testcase classname="TestCases.Upload_Generic_Image" name="genericImage" time="1.016"/>
  <testcase classname="TestCases.Upload_Generic_Image" name="genericImage" time="1.139"/>
  <testcase classname="TestCases.Upload_Generic_Image" name="genericImage" time="1.059"/>
  <testcase classname="TestCases.Upload_Generic_Image" name="genericImage" time="1.006"/>
  <testcase classname="TestCases.Upload_Generic_Image" name="genericImage" time="1.278"/>
  <testcase classname="TestCases.Upload_Generic_Image" name="genericImage" time="1.231"/>
  <testcase classname="TestCases.Upload_Generic_Image" name="genericImage" time="1.169"/>
  <testcase classname="TestCases.Upload_Generic_Image" name="genericImage" time="1.079"/>
  <testcase classname="TestCases.Upload_Generic_Image" name="genericImage" time="1.341"/>
  <testcase classname="TestCases.Upload_Generic_Image" name="genericImage" time="1.066"/>
  <testcase classname="TestCases.Upload_Generic_Image" name="genericImage" time="1.036"/>
  <testcase classname="TestCases.Upload_Generic_Image" name="genericImage" time="1.296"/>
  <testcase classname="TestCases.Upload_Generic_Image" name="genericImage" time="1.090"/>
  <testcase classname="TestCases.Upload_Generic_Image" name="genericImage" time="1.283"/>
  <testcase classname="TestCases.Upload_Generic_Image" name="genericImage" time="1.212"/>
  <testcase classname="TestCases.Upload_Generic_Image" name="genericImage" time="1.023"/>
  <testcase classname="TestCases.Upload_Generic_Image" name="genericImage" time="1.135"/>
  <testcase classname="TestCases.Upload_Generic_Image" name="genericImage" time="1.152"/>
  <testcase classname="TestCases.Upload_Generic_Image" name="genericImage" time="1.081"/>
  <testcase classname="TestCases.Upload_Generic_Image" name="genericImage" time="0.994"/>
  <testcase classname="TestCases.Upload_Generic_Image" name="genericImage" time="1.007"/>
  <testcase classname="TestCases.Upload_Generic_Image" name="genericImage" time="1.269"/>
  <testcase classname="TestCases.Upload_Generic_Image" name="genericImage" time="1.256"/>
  <testcase classname="TestCases.Upload_Generic_Image" name="genericImage" time="1.199"/>
  <testcase classname="TestCases.Upload_Generic_Image" name="genericImage" time="1.202"/>
  <testcase classname="TestCases.Upload_Generic_Image" name="genericImage" time="1.522"/>
  <testcase classname="TestCases.Upload_Generic_Image" name="genericImage" time="1.297"/>
  <testcase classname="TestCases.Upload_Generic_Image" name="genericImage" time="1.320"/>
  <testcase classname="TestCases.Upload_Generic_Image" name="genericImage" time="1.010"/>
  <testcase classname="TestCases.Upload_Generic_Image" name="genericImage" time="1.097"/>
  <testcase classname="TestCases.Upload_Generic_Image" name="genericImage" time="1.167"/>
  <testcase classname="TestCases.Upload_Generic_Image" name="genericImage" time="1.239"/>
  <testcase classname="TestCases.Upload_Generic_Image" name="genericImage" time="1.227"/>
  <testcase classname="TestCases.Upload_Generic_Image" name="genericImage" time="1.304"/>
  <testcase classname="TestCases.Upload_Generic_Image" name="genericImage" time="1.106"/>
  <testcase classname="TestCases.Upload_Generic_Image" name="genericImage" time="1.263"/>
  <testcase classname="TestCases.Upload_Generic_Image" name="genericImage" time="1.051"/>
  <testcase classname="TestCases.Upload_Generic_Image" name="genericImage" time="1.177"/>
  <testcase classname="TestCases.Upload_Generic_Image" name="genericImage" time="1.038"/>
  <testcase classname="TestCases.Upload_Generic_Image" name="genericImage" time="1.098"/>
  <testcase classname="TestCases.Upload_Generic_Image" name="genericImage" time="1.090"/>
  <testcase classname="TestCases.Upload_Generic_Image" name="genericImage" time="1.126"/>
  <testcase classname="TestCases.Upload_Generic_Image" name="genericImage" time="1.231"/>
  <testcase classname="TestCases.Upload_Generic_Image" name="genericImage" time="1.208"/>
  <testcase classname="TestCases.Upload_Generic_Image" name="genericImage" time="1.160"/>
  <testcase classname="TestCases.Upload_Generic_Image" name="genericImage" time="1.115"/>
  <testcase classname="TestCases.Upload_Generic_Image" name="genericImage" time="1.049"/>
  <testcase classname="TestCases.Upload_Generic_Image" name="genericImage" time="0.999"/>
  <testcase classname="TestCases.Upload_Generic_Image" name="genericImage" time="1.054"/>
  <testcase classname="TestCases.Upload_Generic_Image" name="genericImage" time="1.017"/>
  <testcase classname="TestCases.Upload_Generic_Image" name="genericImage" time="1.217"/>
  <testcase classname="TestCases.Upload_Generic_Image" name="genericImage" time="1.310"/>
  <testcase classname="TestCases.Upload_Generic_Image" name="genericImage" time="1.296"/>
  <testcase classname="TestCases.Upload_Generic_Image" name="genericImage" time="1.112"/>
  <testcase classname="TestCases.Upload_Generic_Image" name="genericImage" time="1.377"/>
  <testcase classname="TestCases.Upload_Generic_Image" name="genericImage" time="1.279"/>
  <testcase classname="TestCases.Upload_Generic_Image" name="genericImage" time="1.068"/>
  <testcase classname="TestCases.Upload_Generic_Image" name="genericImage" time="1.231"/>
  <testcase classname="TestCases.Upload_Generic_Image" name="genericImage" time="0.991"/>
  <testcase classname="TestCases.Upload_Generic_Image" name="genericImage" time="1.046"/>
  <testcase classname="TestCases.Upload_Generic_Image" name="genericImage" time="1.064"/>
  <testcase classname="TestCases.Upload_Generic_Image" name="genericImage" time="1.219"/>
  <testcase classname="TestCases.Upload_Generic_Image" name="genericImage" time="1.543"/>
  <testcase classname="TestCases.Upload_Generic_Image" name="genericImage" time="1.217"/>
  <testcase classname="TestCases.Upload_Generic_Image" name="genericImage" time="0.971"/>
  <testcase classname="TestCases.Upload_Generic_Image" name="genericImage" time="1.235"/>
  <testcase classname="TestCases.Upload_Generic_Image" name="genericImage" time="1.061"/>
  <testcase classname="TestCases.Upload_Generic_Image" name="genericImage" time="0.980"/>
  <testcase classname="TestCases.Upload_Generic_Image" name="genericImage" time="1.220"/>
  <testcase classname="TestCases.Upload_Generic_Image" name="genericImage" time="1.056"/>
  <testcase classname="TestCases.Upload_Generic_Image" name="genericImage" time="1.124"/>
  <testcase classname="TestCases.Upload_Generic_Image" name="genericImage" time="1.178"/>
  <testcase classname="TestCases.Upload_Generic_Image" name="genericImage" time="1.283"/>
  <testcase classname="TestCases.Upload_Generic_Image" name="genericImage" time="1.092"/>
  <testcase classname="TestCases.Upload_Generic_Image" name="genericImage" time="1.317"/>
  <testcase classname="TestCases.Upload_Generic_Image" name="genericImage" time="1.058"/>
  <testcase classname="TestCases.Upload_Generic_Image" name="genericImage" time="1.157"/>
  <testcase classname="TestCases.Upload_Generic_Image" name="genericImage" time="1.108"/>
  <testcase classname="TestCases.Upload_Generic_Image" name="genericImage" time="1.088"/>
  <testcase classname="TestCases.Upload_Generic_Image" name="genericImage" time="1.236"/>
  <testcase classname="TestCases.Upload_Generic_Image" name="genericImage" time="1.311"/>
  <testcase classname="TestCases.Upload_Generic_Image" name="genericImage" time="1.022"/>
  <testcase classname="TestCases.Upload_Generic_Image" name="genericImage" time="1.264"/>
  <testcase classname="TestCases.Upload_Generic_Image" name="genericImage" time="1.294"/>
  <testcase classname="TestCases.Upload_Generic_Image" name="genericImage" time="1.294"/>
  <testcase classname="TestCases.Upload_Generic_Image" name="genericImage" time="1.026"/>
  <testcase classname="TestCases.Upload_Generic_Image" name="genericImage" time="1.144"/>
  <testcase classname="TestCases.Upload_Generic_Image" name="genericImage" time="1.056"/>
  <testcase classname="TestCases.Upload_Generic_Image" name="genericImage" time="1.097"/>
  <testcase classname="TestCases.Upload_Generic_Image" name="genericImage" time="1.021"/>
  <testcase classname="TestCases.Upload_Generic_Image" name="genericImage" time="1.365"/>
  <testcase classname="TestCases.Upload_Generic_Image" name="genericImage" time="1.172"/>
  <testcase classname="TestCases.Upload_Generic_Image" name="genericImage" time="1.052"/>
  <testcase classname="TestCases.Upload_Generic_Image" name="genericImage" time="1.204"/>
  <testcase classname="TestCases.Upload_Generic_Image" name="genericImage" time="1.216"/>
  <testcase classname="TestCases.Upload_Generic_Image" name="genericImage" time="1.157"/>
  <testcase classname="TestCases.Upload_Generic_Image" name="genericImage" time="1.067"/>
  <testcase classname="TestCases.Upload_Generic_Image" name="genericImage" time="1.061"/>
  <testcase classname="TestCases.Upload_Generic_Image" name="genericImage" time="1.258"/>
  <testcase classname="TestCases.Upload_Generic_Image" name="genericImage" time="1.067"/>
  <testcase classname="TestCases.Upload_Generic_Image" name="genericImage" time="1.086"/>
  <testcase classname="TestCases.Upload_Generic_Image" name="genericImage" time="1.209"/>
  <testcase classname="TestCases.Upload_Generic_Image" name="genericImage" time="1.249"/>
  <testcase classname="TestCases.Upload_Generic_Image" name="genericImage" time="1.133"/>
  <testcase classname="TestCases.Upload_Generic_Image" name="genericImage" time="1.038"/>
  <testcase classname="TestCases.Upload_Generic_Image" name="genericImage" time="1.487"/>
  <testcase classname="TestCases.Upload_Generic_Image" name="genericImage" time="1.423"/>
  <testcase classname="TestCases.Upload_Generic_Image" name="genericImage" time="1.040"/>
  <testcase classname="TestCases.Upload_Generic_Image" name="genericImage" time="1.226"/>
  <testcase classname="TestCases.Upload_Generic_Image" name="genericImage" time="1.113"/>
  <testcase classname="TestCases.Upload_Generic_Image" name="genericImage" time="1.169"/>
  <testcase classname="TestCases.Upload_Generic_Image" name="genericImage" time="1.145"/>
  <testcase classname="TestCases.Upload_Generic_Image" name="genericImage" time="1.098"/>
  <testcase classname="TestCases.Upload_Generic_Image" name="genericImage" time="1.147"/>
  <testcase classname="TestCases.Upload_Generic_Image" name="genericImage" time="1.050"/>
  <testcase classname="TestCases.Upload_Generic_Image" name="genericImage" time="1.285"/>
  <testcase classname="TestCases.Upload_Generic_Image" name="genericImage" time="1.067"/>
  <testcase classname="TestCases.Upload_Generic_Image" name="genericImage" time="1.228"/>
  <testcase classname="TestCases.Upload_Generic_Image" name="genericImage" time="1.125"/>
  <testcase classname="TestCases.Upload_Generic_Image" name="genericImage" time="1.085"/>
  <testcase classname="TestCases.Upload_Generic_Image" name="genericImage" time="1.047"/>
  <testcase classname="TestCases.Upload_Generic_Image" name="genericImage" time="1.138"/>
  <testcase classname="TestCases.Upload_Generic_Image" name="genericImage" time="1.202"/>
  <testcase classname="TestCases.Upload_Generic_Image" name="genericImage" time="1.104"/>
  <testcase classname="TestCases.Upload_Generic_Image" name="genericImage" time="1.067"/>
  <testcase classname="TestCases.Upload_Generic_Image" name="genericImage" time="1.288"/>
  <testcase classname="TestCases.Upload_Generic_Image" name="genericImage" time="1.164"/>
  <testcase classname="TestCases.Upload_Generic_Image" name="genericImage" time="1.053"/>
  <testcase classname="TestCases.Upload_Generic_Image" name="genericImage" time="1.294"/>
  <testcase classname="TestCases.Upload_Generic_Image" name="genericImage" time="1.182"/>
  <testcase classname="TestCases.Upload_Generic_Image" name="genericImage" time="1.255"/>
  <testcase classname="TestCases.Upload_Generic_Image" name="genericImage" time="2.038"/>
  <testcase classname="TestCases.Upload_Generic_Image" name="genericImage" time="1.065"/>
  <testcase classname="TestCases.Upload_Generic_Image" name="genericImage" time="1.090"/>
  <testcase classname="TestCases.Upload_Generic_Image" name="genericImage" time="1.088"/>
  <testcase classname="TestCases.Upload_Generic_Image" name="genericImage" time="1.230"/>
  <testcase classname="TestCases.Upload_Generic_Image" name="genericImage" time="1.182"/>
  <testcase classname="TestCases.Upload_Generic_Image" name="genericImage" time="1.195"/>
  <testcase classname="TestCases.Upload_Generic_Image" name="genericImage" time="1.235"/>
  <testcase classname="TestCases.Upload_Generic_Image" name="genericImage" time="1.088"/>
  <testcase classname="TestCases.Upload_Generic_Image" name="genericImage" time="1.137"/>
  <testcase classname="TestCases.Upload_Generic_Image" name="genericImage" time="1.068"/>
  <testcase classname="TestCases.Upload_Generic_Image" name="genericImage" time="1.095"/>
  <testcase classname="TestCases.Upload_Generic_Image" name="genericImage" time="1.083"/>
  <testcase classname="TestCases.Upload_Generic_Image" name="genericImage" time="1.153"/>
  <testcase classname="TestCases.Upload_Generic_Image" name="genericImage" time="1.145"/>
  <testcase classname="TestCases.Upload_Generic_Image" name="genericImage" time="1.078"/>
  <testcase classname="TestCases.Upload_Generic_Image" name="genericImage" time="1.260"/>
  <testcase classname="TestCases.Upload_Generic_Image" name="genericImage" time="0.990"/>
  <testcase classname="TestCases.Upload_Generic_Image" name="genericImage" time="1.093"/>
  <testcase classname="TestCases.Upload_Generic_Image" name="genericImage" time="1.267"/>
  <testcase classname="TestCases.Upload_Generic_Image" name="genericImage" time="1.009"/>
  <testcase classname="TestCases.Upload_Generic_Image" name="genericImage" time="1.183"/>
  <testcase classname="TestCases.Upload_Generic_Image" name="genericImage" time="1.021"/>
  <testcase classname="TestCases.Upload_Generic_Image" name="genericImage" time="1.037"/>
  <testcase classname="TestCases.Upload_Generic_Image" name="genericImage" time="1.027"/>
  <testcase classname="TestCases.Upload_Generic_Image" name="genericImage" time="1.130"/>
  <testcase classname="TestCases.Upload_Generic_Image" name="genericImage" time="1.122"/>
  <testcase classname="TestCases.Upload_Generic_Image" name="genericImage" time="1.303"/>
  <testcase classname="TestCases.Upload_Generic_Image" name="genericImage" time="1.179"/>
  <testcase classname="TestCases.Upload_Generic_Image" name="genericImage" time="1.107"/>
  <testcase classname="TestCases.Upload_Generic_Image" name="genericImage" time="1.098"/>
  <testcase classname="TestCases.Upload_Generic_Image" name="genericImage" time="1.055"/>
  <testcase classname="TestCases.Upload_Generic_Image" name="genericImage" time="1.059"/>
  <testcase classname="TestCases.Upload_Generic_Image" name="genericImage" time="1.148"/>
  <testcase classname="TestCases.Upload_Generic_Image" name="genericImage" time="1.194"/>
  <testcase classname="TestCases.Upload_Generic_Image" name="genericImage" time="1.193"/>
  <testcase classname="TestCases.Upload_Generic_Image" name="genericImage" time="1.140"/>
  <testcase classname="TestCases.Upload_Generic_Image" name="genericImage" time="1.130"/>
  <testcase classname="TestCases.Upload_Generic_Image" name="genericImage" time="1.274"/>
  <testcase classname="TestCases.Upload_Generic_Image" name="genericImage" time="1.249"/>
  <testcase classname="TestCases.Upload_Generic_Image" name="genericImage" time="1.258"/>
  <testcase classname="TestCases.Upload_Generic_Image" name="genericImage" time="1.106"/>
  <testcase classname="TestCases.Upload_Generic_Image" name="genericImage" time="1.186"/>
  <testcase classname="TestCases.Upload_Generic_Image" name="genericImage" time="1.161"/>
  <testcase classname="TestCases.Upload_Generic_Image" name="genericImage" time="1.173"/>
  <testcase classname="TestCases.Upload_Generic_Image" name="genericImage" time="1.062"/>
  <testcase classname="TestCases.Upload_Generic_Image" name="genericImage" time="1.494"/>
  <testcase classname="TestCases.Upload_Generic_Image" name="genericImage" time="1.245"/>
  <testcase classname="TestCases.Upload_Generic_Image" name="genericImage" time="1.121"/>
  <testcase classname="TestCases.Upload_Generic_Image" name="genericImage" time="1.661"/>
  <testcase classname="TestCases.Upload_Generic_Image" name="genericImage" time="1.223"/>
  <testcase classname="TestCases.Upload_Generic_Image" name="genericImage" time="1.190"/>
  <testcase classname="TestCases.Upload_Generic_Image" name="genericImage" time="1.128"/>
  <testcase classname="TestCases.Upload_Generic_Image" name="genericImage" time="1.234"/>
  <testcase classname="TestCases.Upload_Generic_Image" name="genericImage" time="1.073"/>
  <testcase classname="TestCases.Upload_Generic_Image" name="genericImage" time="1.138"/>
  <testcase classname="TestCases.Upload_Generic_Image" name="genericImage" time="1.128"/>
  <testcase classname="TestCases.Upload_Generic_Image" name="genericImage" time="1.094"/>
  <testcase classname="TestCases.Upload_Generic_Image" name="genericImage" time="1.220"/>
  <testcase classname="TestCases.Upload_Generic_Image" name="genericImage" time="1.062"/>
  <testcase classname="TestCases.Upload_Generic_Image" name="genericImage" time="1.130"/>
  <testcase classname="TestCases.Upload_Generic_Image" name="genericImage" time="1.203"/>
  <testcase classname="TestCases.Upload_Generic_Image" name="genericImage" time="1.267"/>
  <testcase classname="TestCases.Upload_Generic_Image" name="genericImage" time="1.252"/>
  <testcase classname="TestCases.Upload_Generic_Image" name="genericImage" time="1.274"/>
  <testcase classname="TestCases.Upload_Generic_Image" name="genericImage" time="1.244"/>
  <testcase classname="TestCases.Upload_Generic_Image" name="genericImage" time="1.263"/>
  <testcase classname="TestCases.Upload_Generic_Image" name="genericImage" time="1.108"/>
  <testcase classname="TestCases.Upload_Generic_Image" name="genericImage" time="1.342"/>
  <testcase classname="TestCases.Upload_Generic_Image" name="genericImage" time="1.086"/>
  <testcase classname="TestCases.Upload_Generic_Image" name="genericImage" time="1.076"/>
  <testcase classname="TestCases.Upload_Generic_Image" name="genericImage" time="1.190"/>
  <testcase classname="TestCases.Upload_Generic_Image" name="genericImage" time="1.071"/>
  <testcase classname="TestCases.Upload_Generic_Image" name="genericImage" time="1.260"/>
  <testcase classname="TestCases.Upload_Generic_Image" name="genericImage" time="1.226"/>
  <testcase classname="TestCases.Upload_Generic_Image" name="genericImage" time="1.246"/>
  <testcase classname="TestCases.Upload_Generic_Image" name="genericImage" time="1.070"/>
  <testcase classname="TestCases.Upload_Generic_Image" name="genericImage" time="1.068"/>
  <testcase classname="TestCases.Upload_Generic_Image" name="genericImage" time="1.163"/>
  <testcase classname="TestCases.Upload_Generic_Image" name="genericImage" time="1.288"/>
  <testcase classname="TestCases.Upload_Generic_Image" name="genericImage" time="1.159"/>
  <testcase classname="TestCases.Upload_Generic_Image" name="genericImage" time="1.081"/>
  <testcase classname="TestCases.Upload_Generic_Image" name="genericImage" time="1.050"/>
  <testcase classname="TestCases.Upload_Generic_Image" name="genericImage" time="1.304"/>
  <testcase classname="TestCases.Upload_Generic_Image" name="genericImage" time="1.067"/>
  <testcase classname="TestCases.Upload_Generic_Image" name="genericImage" time="1.166"/>
  <testcase classname="TestCases.Upload_Generic_Image" name="genericImage" time="1.241"/>
  <testcase classname="TestCases.Upload_Generic_Image" name="genericImage" time="1.219"/>
  <testcase classname="TestCases.Upload_Generic_Image" name="genericImage" time="1.291"/>
  <testcase classname="TestCases.Upload_Generic_Image" name="genericImage" time="1.068"/>
  <testcase classname="TestCases.Upload_Generic_Image" name="genericImage" time="1.095"/>
  <testcase classname="TestCases.Upload_Generic_Image" name="genericImage" time="1.251"/>
  <testcase classname="TestCases.Upload_Generic_Image" name="genericImage" time="1.326"/>
  <testcase classname="TestCases.Upload_Generic_Image" name="genericImage" time="1.279"/>
  <testcase classname="TestCases.Upload_Generic_Image" name="genericImage" time="1.243"/>
  <testcase classname="TestCases.Upload_Generic_Image" name="genericImage" time="1.255"/>
  <testcase classname="TestCases.Upload_Generic_Image" name="genericImage" time="1.160"/>
  <testcase classname="TestCases.Upload_Generic_Image" name="genericImage" time="1.030"/>
  <testcase classname="TestCases.Upload_Generic_Image" name="genericImage" time="1.140"/>
  <testcase classname="TestCases.Upload_Generic_Image" name="genericImage" time="1.093"/>
  <testcase classname="TestCases.Upload_Generic_Image" name="genericImage" time="1.063"/>
  <testcase classname="TestCases.Upload_Generic_Image" name="genericImage" time="1.082"/>
  <testcase classname="TestCases.Upload_Generic_Image" name="genericImage" time="1.127"/>
  <testcase classname="TestCases.Upload_Generic_Image" name="genericImage" time="1.073"/>
  <testcase classname="TestCases.Upload_Generic_Image" name="genericImage" time="0.994"/>
  <testcase classname="TestCases.Upload_Generic_Image" name="genericImage" time="1.191"/>
  <testcase classname="TestCases.Upload_Generic_Image" name="genericImage" time="1.294"/>
  <testcase classname="TestCases.Upload_Generic_Image" name="genericImage" time="1.177"/>
  <testcase classname="TestCases.Upload_Generic_Image" name="genericImage" time="1.117"/>
  <testcase classname="TestCases.Upload_Generic_Image" name="genericImage" time="1.012"/>
  <testcase classname="TestCases.Upload_Generic_Image" name="genericImage" time="1.131"/>
  <testcase classname="TestCases.Upload_Generic_Image" name="genericImage" time="1.174"/>
  <testcase classname="TestCases.Upload_Generic_Image" name="genericImage" time="1.164"/>
  <testcase classname="TestCases.Upload_Generic_Image" name="genericImage" time="1.422"/>
  <testcase classname="TestCases.Upload_Generic_Image" name="genericImage" time="1.171"/>
  <testcase classname="TestCases.Upload_Generic_Image" name="genericImage" time="1.163"/>
  <testcase classname="TestCases.Upload_Generic_Image" name="genericImage" time="1.119"/>
  <testcase classname="TestCases.Upload_Generic_Image" name="genericImage" time="1.021"/>
  <testcase classname="TestCases.Upload_Generic_Image" name="genericImage" time="1.154"/>
  <testcase classname="TestCases.Upload_Generic_Image" name="genericImage" time="1.038"/>
  <testcase classname="TestCases.Upload_Generic_Image" name="genericImage" time="1.112"/>
  <testcase classname="TestCases.Upload_Generic_Image" name="genericImage" time="0.970"/>
  <testcase classname="TestCases.Upload_Generic_Image" name="genericImage" time="1.115"/>
  <testcase classname="TestCases.Upload_Generic_Image" name="genericImage" time="1.054"/>
  <testcase classname="TestCases.Upload_Generic_Image" name="genericImage" time="1.100"/>
  <testcase classname="TestCases.Upload_Generic_Image" name="genericImage" time="1.125"/>
  <testcase classname="TestCases.Upload_Generic_Image" name="genericImage" time="1.289"/>
  <testcase classname="TestCases.Upload_Generic_Image" name="genericImage" time="1.197"/>
  <testcase classname="TestCases.Upload_Generic_Image" name="genericImage" time="1.056"/>
  <testcase classname="TestCases.Upload_Generic_Image" name="genericImage" time="1.335"/>
  <testcase classname="TestCases.Upload_Generic_Image" name="genericImage" time="1.294"/>
  <testcase classname="TestCases.Upload_Generic_Image" name="genericImage" time="1.139"/>
  <testcase classname="TestCases.Upload_Generic_Image" name="genericImage" time="1.078"/>
  <testcase classname="TestCases.Upload_Generic_Image" name="genericImage" time="1.193"/>
  <testcase classname="TestCases.Upload_Generic_Image" name="genericImage" time="1.097"/>
  <testcase classname="TestCases.Upload_Generic_Image" name="genericImage" time="1.205"/>
  <testcase classname="TestCases.Upload_Generic_Image" name="genericImage" time="1.232"/>
  <testcase classname="TestCases.Upload_Generic_Image" name="genericImage" time="1.056"/>
  <testcase classname="TestCases.Upload_Generic_Image" name="genericImage" time="1.291"/>
  <testcase classname="TestCases.Upload_Generic_Image" name="genericImage" time="1.226"/>
  <testcase classname="TestCases.Upload_Generic_Image" name="genericImage" time="1.234"/>
  <testcase classname="TestCases.Upload_Generic_Image" name="genericImage" time="1.103"/>
  <testcase classname="TestCases.Upload_Generic_Image" name="genericImage" time="1.049"/>
  <testcase classname="TestCases.Upload_Generic_Image" name="genericImage" time="1.057"/>
  <testcase classname="TestCases.Upload_Generic_Image" name="genericImage" time="1.339"/>
  <testcase classname="TestCases.Upload_Generic_Image" name="genericImage" time="1.174"/>
  <testcase classname="TestCases.Upload_Generic_Image" name="genericImage" time="1.107"/>
  <testcase classname="TestCases.Upload_Generic_Image" name="genericImage" time="1.155"/>
  <testcase classname="TestCases.Upload_Generic_Image" name="genericImage" time="1.055"/>
  <testcase classname="TestCases.Upload_Generic_Image" name="genericImage" time="1.282"/>
  <testcase classname="TestCases.Upload_Generic_Image" name="genericImage" time="1.012"/>
  <testcase classname="TestCases.Upload_Generic_Image" name="genericImage" time="1.151"/>
  <testcase classname="TestCases.Upload_Generic_Image" name="genericImage" time="1.032"/>
  <testcase classname="TestCases.Upload_Generic_Image" name="genericImage" time="1.185"/>
  <testcase classname="TestCases.Upload_Generic_Image" name="genericImage" time="1.169"/>
  <testcase classname="TestCases.Upload_Generic_Image" name="genericImage" time="1.004"/>
  <testcase classname="TestCases.Upload_Generic_Image" name="genericImage" time="1.127"/>
  <testcase classname="TestCases.Upload_Generic_Image" name="genericImage" time="1.186"/>
  <testcase classname="TestCases.Upload_Generic_Image" name="genericImage" time="1.166"/>
  <testcase classname="TestCases.Upload_Generic_Image" name="genericImage" time="1.236"/>
  <testcase classname="TestCases.Upload_Generic_Image" name="genericImage" time="1.129"/>
  <testcase classname="TestCases.Upload_Generic_Image" name="genericImage" time="1.179"/>
  <testcase classname="TestCases.Upload_Generic_Image" name="genericImage" time="1.046"/>
  <testcase classname="TestCases.Upload_Generic_Image" name="genericImage" time="1.320"/>
  <testcase classname="TestCases.Upload_Generic_Image" name="genericImage" time="1.179"/>
  <testcase classname="TestCases.Upload_Generic_Image" name="genericImage" time="1.085"/>
  <testcase classname="TestCases.Upload_Generic_Image" name="genericImage" time="1.227"/>
  <testcase classname="TestCases.Upload_Generic_Image" name="genericImage" time="1.076"/>
  <testcase classname="TestCases.Upload_Generic_Image" name="genericImage" time="1.178"/>
  <testcase classname="TestCases.Upload_Generic_Image" name="genericImage" time="1.055"/>
  <testcase classname="TestCases.Upload_Generic_Image" name="genericImage" time="1.158"/>
  <testcase classname="TestCases.Upload_Generic_Image" name="genericImage" time="1.091"/>
  <testcase classname="TestCases.Upload_Generic_Image" name="genericImage" time="1.261"/>
  <testcase classname="TestCases.Upload_Generic_Image" name="genericImage" time="1.040"/>
  <testcase classname="TestCases.Upload_Generic_Image" name="genericImage" time="1.173"/>
  <testcase classname="TestCases.Upload_Generic_Image" name="genericImage" time="1.071"/>
  <testcase classname="TestCases.Upload_Generic_Image" name="genericImage" time="1.320"/>
  <testcase classname="TestCases.Upload_Generic_Image" name="genericImage" time="1.113"/>
  <testcase classname="TestCases.Upload_Generic_Image" name="genericImage" time="1.088"/>
  <testcase classname="TestCases.Upload_Generic_Image" name="genericImage" time="1.130"/>
  <testcase classname="TestCases.Upload_Generic_Image" name="genericImage" time="1.008"/>
  <testcase classname="TestCases.Upload_Generic_Image" name="genericImage" time="1.080"/>
  <testcase classname="TestCases.Upload_Generic_Image" name="genericImage" time="1.217"/>
  <testcase classname="TestCases.Upload_Generic_Image" name="genericImage" time="1.114"/>
  <testcase classname="TestCases.Upload_Generic_Image" name="genericImage" time="1.108"/>
  <testcase classname="TestCases.Upload_Generic_Image" name="genericImage" time="1.304"/>
  <testcase classname="TestCases.Upload_Generic_Image" name="genericImage" time="1.184"/>
  <testcase classname="TestCases.Upload_Generic_Image" name="genericImage" time="1.341"/>
  <testcase classname="TestCases.Upload_Generic_Image" name="genericImage" time="1.127"/>
  <testcase classname="TestCases.Upload_Generic_Image" name="genericImage" time="1.079"/>
  <testcase classname="TestCases.Upload_Generic_Image" name="genericImage" time="1.188"/>
  <testcase classname="TestCases.Upload_Generic_Image" name="genericImage" time="1.081"/>
  <testcase classname="TestCases.Upload_Generic_Image" name="genericImage" time="1.199"/>
  <testcase classname="TestCases.Upload_Generic_Image" name="genericImage" time="0.998"/>
  <testcase classname="TestCases.Upload_Generic_Image" name="genericImage" time="1.106"/>
  <testcase classname="TestCases.Upload_Generic_Image" name="genericImage" time="1.103"/>
  <testcase classname="TestCases.Upload_Generic_Image" name="genericImage" time="1.126"/>
  <testcase classname="TestCases.Upload_Generic_Image" name="genericImage" time="1.116"/>
  <testcase classname="TestCases.Upload_Generic_Image" name="genericImage" time="1.045"/>
  <testcase classname="TestCases.Upload_Generic_Image" name="genericImage" time="1.562"/>
  <testcase classname="TestCases.Upload_Generic_Image" name="genericImage" time="1.076"/>
  <testcase classname="TestCases.Upload_Generic_Image" name="genericImage" time="1.177"/>
  <testcase classname="TestCases.Upload_Generic_Image" name="genericImage" time="1.158"/>
  <testcase classname="TestCases.Upload_Generic_Image" name="genericImage" time="1.254"/>
  <testcase classname="TestCases.Upload_Generic_Image" name="genericImage" time="1.099"/>
  <testcase classname="TestCases.Upload_Generic_Image" name="genericImage" time="1.136"/>
  <testcase classname="TestCases.Upload_Generic_Image" name="genericImage" time="1.113"/>
  <testcase classname="TestCases.Upload_Generic_Image" name="genericImage" time="1.116"/>
  <testcase classname="TestCases.Upload_Generic_Image" name="genericImage" time="1.312"/>
  <testcase classname="TestCases.Upload_Generic_Image" name="genericImage" time="1.184"/>
  <testcase classname="TestCases.Upload_Generic_Image" name="genericImage" time="1.148"/>
  <testcase classname="TestCases.Upload_Generic_Image" name="genericImage" time="1.259"/>
  <testcase classname="TestCases.Upload_Generic_Image" name="genericImage" time="1.256"/>
  <testcase classname="TestCases.Upload_Generic_Image" name="genericImage" time="1.079"/>
  <testcase classname="TestCases.Upload_Generic_Image" name="genericImage" time="1.078"/>
  <testcase classname="TestCases.Upload_Generic_Image" name="genericImage" time="1.331"/>
  <testcase classname="TestCases.Upload_Generic_Image" name="genericImage" time="1.112"/>
  <testcase classname="TestCases.Upload_Generic_Image" name="genericImage" time="1.227"/>
  <testcase classname="TestCases.Upload_Generic_Image" name="genericImage" time="1.090"/>
  <testcase classname="TestCases.Upload_Generic_Image" name="genericImage" time="1.242"/>
  <testcase classname="TestCases.Upload_Generic_Image" name="genericImage" time="1.241"/>
  <testcase classname="TestCases.Upload_Generic_Image" name="genericImage" time="1.191"/>
  <testcase classname="TestCases.Upload_Generic_Image" name="genericImage" time="1.061"/>
  <testcase classname="TestCases.Upload_Generic_Image" name="genericImage" time="1.178"/>
  <testcase classname="TestCases.Upload_Generic_Image" name="genericImage" time="1.092"/>
  <testcase classname="TestCases.Upload_Generic_Image" name="genericImage" time="1.229"/>
  <testcase classname="TestCases.Upload_Generic_Image" name="genericImage" time="1.284"/>
  <testcase classname="TestCases.Upload_Generic_Image" name="genericImage" time="1.260"/>
  <testcase classname="TestCases.Upload_Generic_Image" name="genericImage" time="1.236"/>
  <testcase classname="TestCases.Upload_Generic_Image" name="genericImage" time="1.251"/>
  <testcase classname="TestCases.Upload_Generic_Image" name="genericImage" time="1.166"/>
  <testcase classname="TestCases.Upload_Generic_Image" name="genericImage" time="0.996"/>
  <testcase classname="TestCases.Upload_Generic_Image" name="genericImage" time="1.269"/>
  <testcase classname="TestCases.Upload_Generic_Image" name="genericImage" time="1.131"/>
  <testcase classname="TestCases.Upload_Generic_Image" name="genericImage" time="1.094"/>
  <testcase classname="TestCases.Upload_Generic_Image" name="genericImage" time="1.130"/>
  <testcase classname="TestCases.Upload_Generic_Image" name="genericImage" time="1.090"/>
  <testcase classname="TestCases.Upload_Generic_Image" name="genericImage" time="1.121"/>
  <testcase classname="TestCases.Upload_Generic_Image" name="genericImage" time="1.108"/>
  <testcase classname="TestCases.Upload_Generic_Image" name="genericImage" time="1.260"/>
  <testcase classname="TestCases.Upload_Generic_Image" name="genericImage" time="1.120"/>
  <testcase classname="TestCases.Upload_Generic_Image" name="genericImage" time="1.055"/>
  <testcase classname="TestCases.Upload_Generic_Image" name="genericImage" time="1.095"/>
  <testcase classname="TestCases.Upload_Generic_Image" name="genericImage" time="1.351"/>
  <testcase classname="TestCases.Upload_Generic_Image" name="genericImage" time="1.097"/>
  <testcase classname="TestCases.Upload_Generic_Image" name="genericImage" time="1.150"/>
  <testcase classname="TestCases.Upload_Generic_Image" name="genericImage" time="1.089"/>
  <testcase classname="TestCases.Upload_Generic_Image" name="genericImage" time="1.074"/>
  <testcase classname="TestCases.Upload_Generic_Image" name="genericImage" time="1.164"/>
  <testcase classname="TestCases.Upload_Generic_Image" name="genericImage" time="1.118"/>
  <testcase classname="TestCases.Upload_Generic_Image" name="genericImage" time="1.135"/>
  <testcase classname="TestCases.Upload_Generic_Image" name="genericImage" time="1.499"/>
  <testcase classname="TestCases.Upload_Generic_Image" name="genericImage" time="1.297"/>
  <testcase classname="TestCases.Upload_Generic_Image" name="genericImage" time="1.242"/>
  <testcase classname="TestCases.Upload_Generic_Image" name="genericImage" time="1.284"/>
  <testcase classname="TestCases.Upload_Generic_Image" name="genericImage" time="1.302"/>
  <testcase classname="TestCases.Upload_Generic_Image" name="genericImage" time="1.144"/>
  <testcase classname="TestCases.Upload_Generic_Image" name="genericImage" time="1.166"/>
  <testcase classname="TestCases.Upload_Generic_Image" name="genericImage" time="1.296"/>
  <testcase classname="TestCases.Upload_Generic_Image" name="genericImage" time="1.267"/>
  <testcase classname="TestCases.Upload_Generic_Image" name="genericImage" time="1.200"/>
  <testcase classname="TestCases.Upload_Generic_Image" name="genericImage" time="1.162"/>
  <testcase classname="TestCases.Upload_Generic_Image" name="genericImage" time="1.232"/>
  <testcase classname="TestCases.Upload_Generic_Image" name="genericImage" time="1.069"/>
  <testcase classname="TestCases.Upload_Generic_Image" name="genericImage" time="1.264"/>
</testsuite> <!-- TestCases.Upload_Generic_Image -->
