<?xml version="1.0" encoding="UTF-8"?>
<!-- Generated by org.testng.reporters.JUnitReportReporter -->
<testsuite hostname="IN-WLWG17VJXF.alphionsee.in" failures="0" tests="5" name="TestCases.CAR_Details" time="10.039" errors="0" timestamp="28 Jul 2023 12:56:54 GMT" skipped="0">
  <testcase classname="TestCases.CAR_Details" name="vehical" time="1.143"/>
  <testcase classname="TestCases.CAR_Details" name="vehical" time="0.612"/>
  <testcase classname="TestCases.CAR_Details" name="vehical" time="0.730"/>
  <testcase classname="TestCases.CAR_Details" name="vehical" time="1.110"/>
  <testcase classname="TestCases.CAR_Details" name="vehical" time="6.444"/>
</testsuite> <!-- TestCases.CAR_Details -->
