<?xml version="1.0" encoding="UTF-8"?>
<!-- Generated by org.testng.reporters.JUnitReportReporter -->
<testsuite hostname="IN-WLWG17VJXF.alphionsee.in" failures="0" tests="5" name="TestCases.ExteriorImages" time="2.918" errors="0" timestamp="28 Jul 2023 12:56:54 GMT" skipped="0">
  <testcase classname="TestCases.ExteriorImages" name="Exterior" time="0.524"/>
  <testcase classname="TestCases.ExteriorImages" name="Exterior" time="0.509"/>
  <testcase classname="TestCases.ExteriorImages" name="Exterior" time="0.538"/>
  <testcase classname="TestCases.ExteriorImages" name="Exterior" time="0.859"/>
  <testcase classname="TestCases.ExteriorImages" name="Exterior" time="0.488"/>
</testsuite> <!-- TestCases.ExteriorImages -->
