<?xml version="1.0" encoding="UTF-8"?>
<!-- Generated by org.testng.reporters.JUnitReportReporter -->
<testsuite hostname="IN-WLWG17VJXF.alphionsee.in" failures="0" tests="5" name="TestCases.Rating_And_Pricing_Page_TC" time="3.965" errors="0" timestamp="28 Jul 2023 12:56:54 GMT" skipped="0">
  <testcase classname="TestCases.Rating_And_Pricing_Page_TC" name="Rating_And_Pricing" time="0.943"/>
  <testcase classname="TestCases.Rating_And_Pricing_Page_TC" name="Rating_And_Pricing" time="0.908"/>
  <testcase classname="TestCases.Rating_And_Pricing_Page_TC" name="Rating_And_Pricing" time="0.383"/>
  <testcase classname="TestCases.Rating_And_Pricing_Page_TC" name="Rating_And_Pricing" time="1.326"/>
  <testcase classname="TestCases.Rating_And_Pricing_Page_TC" name="Rating_And_Pricing" time="0.405"/>
</testsuite> <!-- TestCases.Rating_And_Pricing_Page_TC -->
